[  0%] Built target geometry_msgs_generate_messages_eus
[  0%] Built target _control_core_msgs_generate_messages_check_deps_LinearStateTrajectory
[  0%] Built target _control_core_msgs_generate_messages_check_deps_VectorStamped
[  0%] Built target _control_core_msgs_generate_messages_check_deps_LinearStateStamped
[  0%] Built target _control_core_msgs_generate_messages_check_deps_LinearState
[  0%] Built target _control_core_msgs_generate_messages_check_deps_Vector
[  0%] Built target _control_core_msgs_generate_messages_check_deps_JointStateTrajectory
[  0%] Built target _control_core_msgs_generate_messages_check_deps_JointStateStamped
[  0%] Built target std_msgs_generate_messages_eus
[  0%] Built target _control_core_msgs_generate_messages_check_deps_CartesianState
[  0%] Built target _control_core_msgs_generate_messages_check_deps_JointState
[  0%] Built target _control_core_msgs_generate_messages_check_deps_CartesianStateStamped
[  0%] Built target _control_core_msgs_generate_messages_check_deps_CartesianStateTrajectory
[  0%] Built target std_msgs_generate_messages_nodejs
[  0%] Built target std_msgs_generate_messages_cpp
[  0%] Built target geometry_msgs_generate_messages_nodejs
[  0%] Built target geometry_msgs_generate_messages_cpp
[  0%] Built target _control_core_msgs_generate_messages_check_deps_AngularStateStamped
[  0%] Built target std_msgs_generate_messages_py
[  0%] Built target _control_core_msgs_generate_messages_check_deps_AngularState
[  0%] Built target geometry_msgs_generate_messages_py
[  0%] Built target geometry_msgs_generate_messages_lisp
[  0%] Built target std_msgs_generate_messages_lisp
[ 41%] Built target control_core_msgs_generate_messages_cpp
[ 56%] Built target control_core_msgs_generate_messages_eus
[ 59%] Built target control_core_msgs_generate_messages_nodejs
[ 80%] Built target control_core_msgs_generate_messages_py
[100%] Built target control_core_msgs_generate_messages_lisp
[100%] Built target control_core_msgs_generate_messages
