Linked: (/home/gin/ros/workspaces/final/devel/.private/object_msgs/share/object_msgs/cmake/object_msgs-msg-paths.cmake, /home/gin/ros/workspaces/final/devel/share/object_msgs/cmake/object_msgs-msg-paths.cmake)
Linked: (/home/gin/ros/workspaces/final/devel/.private/object_msgs/share/object_msgs/cmake/object_msgs-msg-extras.cmake, /home/gin/ros/workspaces/final/devel/share/object_msgs/cmake/object_msgs-msg-extras.cmake)
Linked: (/home/gin/ros/workspaces/final/devel/.private/object_msgs/share/object_msgs/cmake/object_msgsConfig-version.cmake, /home/gin/ros/workspaces/final/devel/share/object_msgs/cmake/object_msgsConfig-version.cmake)
Linked: (/home/gin/ros/workspaces/final/devel/.private/object_msgs/share/object_msgs/cmake/object_msgsConfig.cmake, /home/gin/ros/workspaces/final/devel/share/object_msgs/cmake/object_msgsConfig.cmake)
Linked: (/home/gin/ros/workspaces/final/devel/.private/object_msgs/share/common-lisp/ros/object_msgs/srv/AddMovingObjects.lisp, /home/gin/ros/workspaces/final/devel/share/common-lisp/ros/object_msgs/srv/AddMovingObjects.lisp)
Linked: (/home/gin/ros/workspaces/final/devel/.private/object_msgs/share/common-lisp/ros/object_msgs/srv/object_msgs-srv.asd, /home/gin/ros/workspaces/final/devel/share/common-lisp/ros/object_msgs/srv/object_msgs-srv.asd)
Linked: (/home/gin/ros/workspaces/final/devel/.private/object_msgs/share/common-lisp/ros/object_msgs/srv/_package.lisp, /home/gin/ros/workspaces/final/devel/share/common-lisp/ros/object_msgs/srv/_package.lisp)
Linked: (/home/gin/ros/workspaces/final/devel/.private/object_msgs/share/common-lisp/ros/object_msgs/srv/_package_AddMovingObjects.lisp, /home/gin/ros/workspaces/final/devel/share/common-lisp/ros/object_msgs/srv/_package_AddMovingObjects.lisp)
Linked: (/home/gin/ros/workspaces/final/devel/.private/object_msgs/share/common-lisp/ros/object_msgs/msg/_package_Object.lisp, /home/gin/ros/workspaces/final/devel/share/common-lisp/ros/object_msgs/msg/_package_Object.lisp)
Linked: (/home/gin/ros/workspaces/final/devel/.private/object_msgs/share/common-lisp/ros/object_msgs/msg/object_msgs-msg.asd, /home/gin/ros/workspaces/final/devel/share/common-lisp/ros/object_msgs/msg/object_msgs-msg.asd)
Linked: (/home/gin/ros/workspaces/final/devel/.private/object_msgs/share/common-lisp/ros/object_msgs/msg/Object.lisp, /home/gin/ros/workspaces/final/devel/share/common-lisp/ros/object_msgs/msg/Object.lisp)
Linked: (/home/gin/ros/workspaces/final/devel/.private/object_msgs/share/common-lisp/ros/object_msgs/msg/Objects.lisp, /home/gin/ros/workspaces/final/devel/share/common-lisp/ros/object_msgs/msg/Objects.lisp)
Linked: (/home/gin/ros/workspaces/final/devel/.private/object_msgs/share/common-lisp/ros/object_msgs/msg/_package_Objects.lisp, /home/gin/ros/workspaces/final/devel/share/common-lisp/ros/object_msgs/msg/_package_Objects.lisp)
Linked: (/home/gin/ros/workspaces/final/devel/.private/object_msgs/share/common-lisp/ros/object_msgs/msg/_package.lisp, /home/gin/ros/workspaces/final/devel/share/common-lisp/ros/object_msgs/msg/_package.lisp)
Linked: (/home/gin/ros/workspaces/final/devel/.private/object_msgs/share/roseus/ros/object_msgs/manifest.l, /home/gin/ros/workspaces/final/devel/share/roseus/ros/object_msgs/manifest.l)
Linked: (/home/gin/ros/workspaces/final/devel/.private/object_msgs/share/roseus/ros/object_msgs/srv/AddMovingObjects.l, /home/gin/ros/workspaces/final/devel/share/roseus/ros/object_msgs/srv/AddMovingObjects.l)
Linked: (/home/gin/ros/workspaces/final/devel/.private/object_msgs/share/roseus/ros/object_msgs/msg/Object.l, /home/gin/ros/workspaces/final/devel/share/roseus/ros/object_msgs/msg/Object.l)
Linked: (/home/gin/ros/workspaces/final/devel/.private/object_msgs/share/roseus/ros/object_msgs/msg/Objects.l, /home/gin/ros/workspaces/final/devel/share/roseus/ros/object_msgs/msg/Objects.l)
Linked: (/home/gin/ros/workspaces/final/devel/.private/object_msgs/share/gennodejs/ros/object_msgs/_index.js, /home/gin/ros/workspaces/final/devel/share/gennodejs/ros/object_msgs/_index.js)
Linked: (/home/gin/ros/workspaces/final/devel/.private/object_msgs/share/gennodejs/ros/object_msgs/srv/AddMovingObjects.js, /home/gin/ros/workspaces/final/devel/share/gennodejs/ros/object_msgs/srv/AddMovingObjects.js)
Linked: (/home/gin/ros/workspaces/final/devel/.private/object_msgs/share/gennodejs/ros/object_msgs/srv/_index.js, /home/gin/ros/workspaces/final/devel/share/gennodejs/ros/object_msgs/srv/_index.js)
Linked: (/home/gin/ros/workspaces/final/devel/.private/object_msgs/share/gennodejs/ros/object_msgs/msg/Objects.js, /home/gin/ros/workspaces/final/devel/share/gennodejs/ros/object_msgs/msg/Objects.js)
Linked: (/home/gin/ros/workspaces/final/devel/.private/object_msgs/share/gennodejs/ros/object_msgs/msg/_index.js, /home/gin/ros/workspaces/final/devel/share/gennodejs/ros/object_msgs/msg/_index.js)
Linked: (/home/gin/ros/workspaces/final/devel/.private/object_msgs/share/gennodejs/ros/object_msgs/msg/Object.js, /home/gin/ros/workspaces/final/devel/share/gennodejs/ros/object_msgs/msg/Object.js)
Linked: (/home/gin/ros/workspaces/final/devel/.private/object_msgs/lib/python3/dist-packages/object_msgs/__init__.py, /home/gin/ros/workspaces/final/devel/lib/python3/dist-packages/object_msgs/__init__.py)
Linked: (/home/gin/ros/workspaces/final/devel/.private/object_msgs/lib/python3/dist-packages/object_msgs/srv/_AddMovingObjects.py, /home/gin/ros/workspaces/final/devel/lib/python3/dist-packages/object_msgs/srv/_AddMovingObjects.py)
Linked: (/home/gin/ros/workspaces/final/devel/.private/object_msgs/lib/python3/dist-packages/object_msgs/srv/__init__.py, /home/gin/ros/workspaces/final/devel/lib/python3/dist-packages/object_msgs/srv/__init__.py)
Linked: (/home/gin/ros/workspaces/final/devel/.private/object_msgs/lib/python3/dist-packages/object_msgs/msg/__init__.py, /home/gin/ros/workspaces/final/devel/lib/python3/dist-packages/object_msgs/msg/__init__.py)
Linked: (/home/gin/ros/workspaces/final/devel/.private/object_msgs/lib/python3/dist-packages/object_msgs/msg/_Objects.py, /home/gin/ros/workspaces/final/devel/lib/python3/dist-packages/object_msgs/msg/_Objects.py)
Linked: (/home/gin/ros/workspaces/final/devel/.private/object_msgs/lib/python3/dist-packages/object_msgs/msg/_Object.py, /home/gin/ros/workspaces/final/devel/lib/python3/dist-packages/object_msgs/msg/_Object.py)
Linked: (/home/gin/ros/workspaces/final/devel/.private/object_msgs/lib/pkgconfig/object_msgs.pc, /home/gin/ros/workspaces/final/devel/lib/pkgconfig/object_msgs.pc)
Linked: (/home/gin/ros/workspaces/final/devel/.private/object_msgs/include/object_msgs/AddMovingObjectsResponse.h, /home/gin/ros/workspaces/final/devel/include/object_msgs/AddMovingObjectsResponse.h)
Linked: (/home/gin/ros/workspaces/final/devel/.private/object_msgs/include/object_msgs/Objects.h, /home/gin/ros/workspaces/final/devel/include/object_msgs/Objects.h)
Linked: (/home/gin/ros/workspaces/final/devel/.private/object_msgs/include/object_msgs/AddMovingObjects.h, /home/gin/ros/workspaces/final/devel/include/object_msgs/AddMovingObjects.h)
Linked: (/home/gin/ros/workspaces/final/devel/.private/object_msgs/include/object_msgs/Object.h, /home/gin/ros/workspaces/final/devel/include/object_msgs/Object.h)
Linked: (/home/gin/ros/workspaces/final/devel/.private/object_msgs/include/object_msgs/AddMovingObjectsRequest.h, /home/gin/ros/workspaces/final/devel/include/object_msgs/AddMovingObjectsRequest.h)
