[  0%] Built target sensor_msgs_generate_messages_py
[  0%] Built target geometry_msgs_generate_messages_py
[  0%] Built target std_msgs_generate_messages_py
[  0%] Built target std_msgs_generate_messages_nodejs
[  0%] Built target _object_msgs_generate_messages_check_deps_AddMovingObjects
[  0%] Built target _object_msgs_generate_messages_check_deps_Objects
[  0%] Built target sensor_msgs_generate_messages_nodejs
[  0%] Built target _object_msgs_generate_messages_check_deps_Object
[  0%] Built target geometry_msgs_generate_messages_nodejs
[  0%] Built target sensor_msgs_generate_messages_lisp
[  0%] Built target geometry_msgs_generate_messages_lisp
[  0%] Built target sensor_msgs_generate_messages_eus
[  0%] Built target std_msgs_generate_messages_lisp
[  0%] Built target std_msgs_generate_messages_eus
[  0%] Built target geometry_msgs_generate_messages_eus
[  0%] Built target sensor_msgs_generate_messages_cpp
[  0%] Built target std_msgs_generate_messages_cpp
[  0%] Built target geometry_msgs_generate_messages_cpp
[ 27%] Built target object_msgs_generate_messages_lisp
[ 38%] Built target object_msgs_generate_messages_eus
[ 72%] Built target object_msgs_generate_messages_py
[ 83%] Built target object_msgs_generate_messages_nodejs
[100%] Built target object_msgs_generate_messages_cpp
[100%] Built target object_msgs_generate_messages
