[01m[K/home/gin/ros/workspaces/final/src/tum_ics_ur10_controller_tutorial/src/jointspace_controller_1.cpp:[m[K In member function ‘[01m[KTum::Vector6d tum_ics_ur_robot_lli::RobotControllers::JointSpaceController_1::impedance_control(Tum::Vector6d, Tum::Vector6d, Tum::Vector7d, Tum::Vector6d)[m[K’:
[01m[K/home/gin/ros/workspaces/final/src/tum_ics_ur10_controller_tutorial/src/jointspace_controller_1.cpp:986:24:[m[K [01;31m[Kerror: [m[K‘[01m[Kimp_Kp_[m[K’ was not declared in this scope; did you mean ‘[01m[Kimp_Kp_v_[m[K’?
  986 |       Vector3d F_att = [01;31m[Kimp_Kp_[m[K * (-DXef_0) - imp_Kd_ * (Xef_0p);
      |                        [01;31m[K^~~~~~~[m[K
      |                        [32m[Kimp_Kp_v_[m[K
[01m[K/home/gin/ros/workspaces/final/src/tum_ics_ur10_controller_tutorial/src/jointspace_controller_1.cpp:986:46:[m[K [01;31m[Kerror: [m[K‘[01m[Kimp_Kd_[m[K’ was not declared in this scope; did you mean ‘[01m[Kimp_Kd_v_[m[K’?
  986 |       Vector3d F_att = imp_Kp_ * (-DXef_0) - [01;31m[Kimp_Kd_[m[K * (Xef_0p);
      |                                              [01;31m[K^~~~~~~[m[K
      |                                              [32m[Kimp_Kd_v_[m[K
[01m[K/home/gin/ros/workspaces/final/src/tum_ics_ur10_controller_tutorial/src/jointspace_controller_1.cpp:[m[K In member function ‘[01m[KTum::Vector6d tum_ics_ur_robot_lli::RobotControllers::JointSpaceController_1::impedance_control_joint3(Tum::Vector6d, Tum::Vector6d, Tum::Vector7d, Tum::Vector6d)[m[K’:
[01m[K/home/gin/ros/workspaces/final/src/tum_ics_ur10_controller_tutorial/src/jointspace_controller_1.cpp:1061:24:[m[K [01;31m[Kerror: [m[K‘[01m[Kimp_Kp_[m[K’ was not declared in this scope; did you mean ‘[01m[Kimp_Kp_v_[m[K’?
 1061 |       Vector3d F_att = [01;31m[Kimp_Kp_[m[K * (-DX3_0) - imp_Kd_ * (X3_0p);
      |                        [01;31m[K^~~~~~~[m[K
      |                        [32m[Kimp_Kp_v_[m[K
[01m[K/home/gin/ros/workspaces/final/src/tum_ics_ur10_controller_tutorial/src/jointspace_controller_1.cpp:1061:45:[m[K [01;31m[Kerror: [m[K‘[01m[Kimp_Kd_[m[K’ was not declared in this scope; did you mean ‘[01m[Kimp_Kd_v_[m[K’?
 1061 |       Vector3d F_att = imp_Kp_ * (-DX3_0) - [01;31m[Kimp_Kd_[m[K * (X3_0p);
      |                                             [01;31m[K^~~~~~~[m[K
      |                                             [32m[Kimp_Kd_v_[m[K
make[2]: *** [CMakeFiles/ur10_control.dir/build.make:76: CMakeFiles/ur10_control.dir/src/jointspace_controller_1.cpp.o] Error 1
make[1]: *** [CMakeFiles/Makefile2:2045: CMakeFiles/ur10_control.dir/all] Error 2
make: *** [Makefile:141: all] Error 2
