[01m[K/home/gin/ros/workspaces/final/src/tum_ics_ur10_controller_tutorial/src/jointspace_controller.cpp:[m[K In member function ‘[01m[KTum::Vector6d tum_ics_ur_robot_lli::RobotControllers::JointSpaceController_1::operational_control(Tum::Vector6d, Tum::Vector6d, Tum::Vector7d, Tum::Vector7d, Tum::Vector6d, Tum::Vector6d)[m[K’:
[01m[K/home/gin/ros/workspaces/final/src/tum_ics_ur10_controller_tutorial/src/jointspace_controller.cpp:1238:19:[m[K [01;31m[Kerror: [m[Kdeclaration of ‘[01m[KEigen::Quaterniond Q[m[K’ shadows a parameter
 1238 |       Quaterniond [01;31m[KQ[m[K;
      |                   [01;31m[K^[m[K
[01m[K/home/gin/ros/workspaces/final/src/tum_ics_ur10_controller_tutorial/src/jointspace_controller.cpp:1246:26:[m[K [01;31m[Kerror: [m[K‘[01m[KXp_ef_0[m[K’ was not declared in this scope
 1246 |       DeltaXp_.head(3) = [01;31m[KXp_ef_0[m[K.head(3) - Xdp.head(3);
      |                          [01;31m[K^~~~~~~[m[K
[01m[K/home/gin/ros/workspaces/final/src/tum_ics_ur10_controller_tutorial/src/jointspace_controller.cpp:1249:30:[m[K [01;31m[Kerror: [m[K‘[01m[Kdelta_t[m[K’ was not declared in this scope; did you mean ‘[01m[Kdev_t[m[K’?
 1249 |       DeltaXi_ = DeltaXi_ +  [01;31m[Kdelta_t[m[K * DeltaX_;
      |                              [01;31m[K^~~~~~~[m[K
      |                              [32m[Kdev_t[m[K
[01m[K/home/gin/ros/workspaces/final/src/tum_ics_ur10_controller_tutorial/src/jointspace_controller.cpp:1256:23:[m[K [01;31m[Kerror: [m[K‘[01m[KJ_ef_0[m[K’ was not declared in this scope
 1256 |       Matrix6d Jinv = [01;31m[KJ_ef_0[m[K.inverse();
      |                       [01;31m[K^~~~~~[m[K
[01m[K/home/gin/ros/workspaces/final/src/tum_ics_ur10_controller_tutorial/src/jointspace_controller.cpp:1257:36:[m[K [01;31m[Kerror: [m[Kcannot convert ‘[01m[KEigen::Quaterniond[m[K’ {aka ‘[01m[KEigen::Quaternion<double>[m[K’} to ‘[01m[Kconst JointPosition&[m[K’ {aka ‘[01m[Kconst control_core::JointPosition<double, 6>&[m[K’}
 1257 |       Matrix6d Jp = model_.Jp_ef_0([01;31m[KQ[m[K, Qp);
      |                                    [01;31m[K^[m[K
      |                                    [01;31m[K|[m[K
      |                                    [01;31m[KEigen::Quaterniond {aka Eigen::Quaternion<double>}[m[K
In file included from [01m[K/home/gin/ros/workspaces/final/src/tum_ics_ur10_controller_tutorial/include/tum_ics_ur10_controller_tutorial/jointspace_controller.h:5[m[K,
                 from [01m[K/home/gin/ros/workspaces/final/src/tum_ics_ur10_controller_tutorial/src/jointspace_controller.cpp:1[m[K:
[01m[K/home/gin/ros/workspaces/final/src/ur_model/include/ur_model/ur_model.h:262:51:[m[K [01;36m[Knote: [m[K  initializing argument 1 of ‘[01m[Kcc::Jacobian ur::URModel::Jp_ef_0(const JointPosition&, const JointVelocity&) const[m[K’
  262 |     cc::Jacobian Jp_ef_0([01;36m[Kconst cc::JointPosition &q[m[K, const cc::JointVelocity &qP) const;
      |                          [01;36m[K~~~~~~~~~~~~~~~~~~~~~~~~~^[m[K
[01m[K/home/gin/ros/workspaces/final/src/tum_ics_ur10_controller_tutorial/src/jointspace_controller.cpp:1260:30:[m[K [01;31m[Kerror: [m[Kcannot convert ‘[01m[KEigen::Quaterniond[m[K’ {aka ‘[01m[KEigen::Quaternion<double>[m[K’} to ‘[01m[Kconst JointPosition&[m[K’ {aka ‘[01m[Kconst control_core::JointPosition<double, 6>&[m[K’}
 1260 |       Yr_ = model_.regressor([01;31m[KQ[m[K, Qp, Qrp, Qrpp);
      |                              [01;31m[K^[m[K
      |                              [01;31m[K|[m[K
      |                              [01;31m[KEigen::Quaterniond {aka Eigen::Quaternion<double>}[m[K
In file included from [01m[K/home/gin/ros/workspaces/final/src/tum_ics_ur10_controller_tutorial/include/tum_ics_ur10_controller_tutorial/jointspace_controller.h:5[m[K,
                 from [01m[K/home/gin/ros/workspaces/final/src/tum_ics_ur10_controller_tutorial/src/jointspace_controller.cpp:1[m[K:
[01m[K/home/gin/ros/workspaces/final/src/ur_model/include/ur_model/ur_model.h:152:57:[m[K [01;36m[Knote: [m[K  initializing argument 1 of ‘[01m[Kconst Regressor& ur::URModel::regressor(const JointPosition&, const JointVelocity&, const JointVelocity&, const JointAcceleration&)[m[K’
  152 |     const Regressor &regressor([01;36m[Kconst cc::JointPosition &q[m[K, const cc::JointVelocity &qP, const cc::JointVelocity &qrP, const cc::JointAcceleration &qrPP);
      |                                [01;36m[K~~~~~~~~~~~~~~~~~~~~~~~~~^[m[K
make[2]: *** [CMakeFiles/ur10_control.dir/build.make:63: CMakeFiles/ur10_control.dir/src/jointspace_controller.cpp.o] Error 1
make[1]: *** [CMakeFiles/Makefile2:2045: CMakeFiles/ur10_control.dir/all] Error 2
make: *** [Makefile:141: all] Error 2
