[01m[K/home/gin/ros/workspaces/final/src/tum_ics_ur10_controller_tutorial/src/jointspace_controller.cpp:[m[K In member function ‘[01m[KTum::Vector6d tum_ics_ur_robot_lli::RobotControllers::JointSpaceController_1::joint_control(Tum::Vector6d, Tum::Vector6d, Tum::Vector6d, double, double, const tum_ics_ur_robot_lli::RobotTime&)[m[K’:
[01m[K/home/gin/ros/workspaces/final/src/tum_ics_ur10_controller_tutorial/src/jointspace_controller.cpp:513:42:[m[K [01;31m[Kerror: [m[Kconversion from ‘[01m[Kstd::vector<Eigen::Matrix<double, 6, 1> >[m[K’ to non-scalar type ‘[01m[KTum::Vector18d[m[K’ {aka ‘[01m[KEigen::Matrix<double, 18, 1>[m[K’} requested
  513 |        Vector18d out = [01;31m[Kinterpolate_joint2(Qinit_, Qg, start_time, end_time, time.tD())[m[K;
      |                        [01;31m[K~~~~~~~~~~~~~~~~~~^~~~~~~~~~~~~~~~~~~~~~~~~~~~~~~~~~~~~~~~~~~~~[m[K
[01m[K/home/gin/ros/workspaces/final/src/tum_ics_ur10_controller_tutorial/src/jointspace_controller.cpp:[m[K In member function ‘[01m[KTum::Vector6d tum_ics_ur_robot_lli::RobotControllers::JointSpaceController_1::operational_control_obstacle_avoidance(Tum::Vector6d, Tum::Vector6d, Tum::Vector6d, double, double, const tum_ics_ur_robot_lli::RobotTime&)[m[K’:
[01m[K/home/gin/ros/workspaces/final/src/tum_ics_ur10_controller_tutorial/src/jointspace_controller.cpp:573:14:[m[K [01;31m[Kerror: [m[Kredeclaration of ‘[01m[Kdouble t[m[K’
  573 |       double [01;31m[Kt[m[K = time.tD() - start_time;
      |              [01;31m[K^[m[K
[01m[K/home/gin/ros/workspaces/final/src/tum_ics_ur10_controller_tutorial/src/jointspace_controller.cpp:563:14:[m[K [01;36m[Knote: [m[K‘[01m[Kdouble t[m[K’ previously declared here
  563 |       double [01;36m[Kt[m[K = time.tD() - start_time;
      |              [01;36m[K^[m[K
[01m[K/home/gin/ros/workspaces/final/src/tum_ics_ur10_controller_tutorial/src/jointspace_controller.cpp:593:19:[m[K [01;31m[Kerror: [m[Kredeclaration of ‘[01m[KEigen::Quaterniond Q_goal[m[K’
  593 |       Quaterniond [01;31m[KQ_goal[m[K = quat_for_marker_tracking(Q);
      |                   [01;31m[K^~~~~~[m[K
[01m[K/home/gin/ros/workspaces/final/src/tum_ics_ur10_controller_tutorial/src/jointspace_controller.cpp:571:19:[m[K [01;36m[Knote: [m[K‘[01m[KEigen::Quaterniond Q_goal[m[K’ previously declared here
  571 |       Quaterniond [01;36m[KQ_goal[m[K(R_goal);
      |                   [01;36m[K^~~~~~[m[K
make[2]: *** [CMakeFiles/ur10_control.dir/build.make:63: CMakeFiles/ur10_control.dir/src/jointspace_controller.cpp.o] Error 1
make[1]: *** [CMakeFiles/Makefile2:2045: CMakeFiles/ur10_control.dir/all] Error 2
make: *** [Makefile:141: all] Error 2
