[01m[K/home/gin/ros/workspaces/final/src/tum_ics_ur10_controller_tutorial/src/jointspace_controller.cpp:[m[K In member function ‘[01m[Kvirtual Tum::Vector6d tum_ics_ur_robot_lli::RobotControllers::JointSpaceController_1::update(const tum_ics_ur_robot_lli::RobotTime&, const tum_ics_ur_robot_lli::JointState&)[m[K’:
[01m[K/home/gin/ros/workspaces/final/src/tum_ics_ur10_controller_tutorial/src/jointspace_controller.cpp:537:32:[m[K [01;31m[Kerror: [m[K‘[01m[Kvoid ur::URModel::matrix_T6_0(cc::HomogeneousTransformation&, const JointPosition&) const[m[K’ is private within this context
  537 |       model.matrix_T6_0(T_ef, Q[01;31m[K)[m[K;
      |                                [01;31m[K^[m[K
In file included from [01m[K/home/gin/ros/workspaces/final/src/tum_ics_ur10_controller_tutorial/include/tum_ics_ur10_controller_tutorial/jointspace_controller.h:5[m[K,
                 from [01m[K/home/gin/ros/workspaces/final/src/tum_ics_ur10_controller_tutorial/src/jointspace_controller.cpp:1[m[K:
[01m[K/home/gin/ros/workspaces/final/src/ur_model/include/ur_model/ur_model.h:387:10:[m[K [01;36m[Knote: [m[Kdeclared private here
  387 |     void [01;36m[Kmatrix_T6_0[m[K(cc::HomogeneousTransformation &T6_0,
      |          [01;36m[K^~~~~~~~~~~[m[K
[01m[K/home/gin/ros/workspaces/final/src/tum_ics_ur10_controller_tutorial/src/jointspace_controller.cpp:537:25:[m[K [01;31m[Kerror: [m[Kcannot bind non-const lvalue reference of type ‘[01m[Kcc::HomogeneousTransformation&[m[K’ {aka ‘[01m[Kcontrol_core::HomogeneousTransformation<double>&[m[K’} to an rvalue of type ‘[01m[Kcc::HomogeneousTransformation[m[K’ {aka ‘[01m[Kcontrol_core::HomogeneousTransformation<double>[m[K’}
  537 |       model.matrix_T6_0([01;31m[KT_ef[m[K, Q);
      |                         [01;31m[K^~~~[m[K
In file included from [01m[K/home/gin/ros/workspaces/final/src/utilities/control_core/include/control_core/types.h:49[m[K,
                 from [01m[K/home/gin/ros/workspaces/final/src/ur_model/include/ur_model/ur_model.h:27[m[K,
                 from [01m[K/home/gin/ros/workspaces/final/src/tum_ics_ur10_controller_tutorial/include/tum_ics_ur10_controller_tutorial/jointspace_controller.h:5[m[K,
                 from [01m[K/home/gin/ros/workspaces/final/src/tum_ics_ur10_controller_tutorial/src/jointspace_controller.cpp:1[m[K:
[01m[K/home/gin/ros/workspaces/final/src/utilities/control_core/include/control_core/types/homogeneous_transformation.h:102:3:[m[K [01;36m[Knote: [m[K  after user-defined conversion: ‘[01m[Kcontrol_core::HomogeneousTransformation<_Scalar>::HomogeneousTransformation(const Eigen::EigenBase<OtherDerived>&) [with OtherDerived = Eigen::Matrix<double, 4, 4>; _Scalar = double][m[K’
  102 |   [01;36m[KHomogeneousTransformation[m[K(const Eigen::EigenBase<OtherDerived>& other) :
      |   [01;36m[K^~~~~~~~~~~~~~~~~~~~~~~~~[m[K
In file included from [01m[K/home/gin/ros/workspaces/final/src/tum_ics_ur10_controller_tutorial/include/tum_ics_ur10_controller_tutorial/jointspace_controller.h:5[m[K,
                 from [01m[K/home/gin/ros/workspaces/final/src/tum_ics_ur10_controller_tutorial/src/jointspace_controller.cpp:1[m[K:
[01m[K/home/gin/ros/workspaces/final/src/ur_model/include/ur_model/ur_model.h:387:53:[m[K [01;36m[Knote: [m[K  initializing argument 1 of ‘[01m[Kvoid ur::URModel::matrix_T6_0(cc::HomogeneousTransformation&, const JointPosition&) const[m[K’
  387 |     void matrix_T6_0([01;36m[Kcc::HomogeneousTransformation &T6_0[m[K,
      |                      [01;36m[K~~~~~~~~~~~~~~~~~~~~~~~~~~~~~~~^~~~[m[K
make[2]: *** [CMakeFiles/ur10_control.dir/build.make:63: CMakeFiles/ur10_control.dir/src/jointspace_controller.cpp.o] Error 1
make[1]: *** [CMakeFiles/Makefile2:2045: CMakeFiles/ur10_control.dir/all] Error 2
make: *** [Makefile:141: all] Error 2
