/home/gin/ros/workspaces/final/src/tum_ics_ur10_controller_tutorial/src/jointspace_controller.cpp: In instantiation of ‘[01m[Kstd::vector<T> tum_ics_ur_robot_lli::RobotControllers::JointSpaceController_1::interpolate_joint2(B, B, double, double, double) [with B = Eigen::Matrix<double, 3, 1>][m[K’:
[01m[K/home/gin/ros/workspaces/final/src/tum_ics_ur10_controller_tutorial/src/jointspace_controller.cpp:603:117:[m[K   required from here
[01m[K/home/gin/ros/workspaces/final/src/tum_ics_ur10_controller_tutorial/src/jointspace_controller.cpp:1176:16:[m[K [01;31m[Kerror: [m[Kcould not convert ‘[01m[Kv[m[K’ from ‘[01m[Kvector<Matrix<[...],[01;32m[K6[m[K,[...]>,allocator<Matrix<[...],[01;32m[K6[m[K,[...]>>>[m[K’ to ‘[01m[Kvector<Matrix<[...],[01;32m[K3[m[K,[...]>,allocator<Matrix<[...],[01;32m[K3[m[K,[...]>>>[m[K’
 1176 |         return [01;31m[Kv[m[K;
      |                [01;31m[K^[m[K
      |                [01;31m[K|[m[K
      |                [01;31m[Kvector<Matrix<[...],6,[...]>,allocator<Matrix<[...],6,[...]>>>[m[K
[01m[K/home/gin/ros/workspaces/final/src/tum_ics_ur10_controller_tutorial/src/jointspace_controller.cpp:1186:16:[m[K [01;31m[Kerror: [m[Kcould not convert ‘[01m[Kv[m[K’ from ‘[01m[Kvector<Matrix<[...],[01;32m[K6[m[K,[...]>,allocator<Matrix<[...],[01;32m[K6[m[K,[...]>>>[m[K’ to ‘[01m[Kvector<Matrix<[...],[01;32m[K3[m[K,[...]>,allocator<Matrix<[...],[01;32m[K3[m[K,[...]>>>[m[K’
 1186 |         return [01;31m[Kv[m[K;
      |                [01;31m[K^[m[K
      |                [01;31m[K|[m[K
      |                [01;31m[Kvector<Matrix<[...],6,[...]>,allocator<Matrix<[...],6,[...]>>>[m[K
[01m[K/home/gin/ros/workspaces/final/src/tum_ics_ur10_controller_tutorial/src/jointspace_controller.cpp:1224:14:[m[K [01;31m[Kerror: [m[Kcould not convert ‘[01m[Kv[m[K’ from ‘[01m[Kvector<Matrix<[...],[01;32m[K6[m[K,[...]>,allocator<Matrix<[...],[01;32m[K6[m[K,[...]>>>[m[K’ to ‘[01m[Kvector<Matrix<[...],[01;32m[K3[m[K,[...]>,allocator<Matrix<[...],[01;32m[K3[m[K,[...]>>>[m[K’
 1224 |       return [01;31m[Kv[m[K;
      |              [01;31m[K^[m[K
      |              [01;31m[K|[m[K
      |              [01;31m[Kvector<Matrix<[...],6,[...]>,allocator<Matrix<[...],6,[...]>>>[m[K
In file included from [01m[K/usr/include/eigen3/Eigen/Core:366[m[K,
                 from [01m[K/usr/include/eigen3/Eigen/Dense:1[m[K,
                 from [01m[K/usr/include/eigen3/Eigen/Eigen:1[m[K,
                 from [01m[K/usr/include/tumtools/Math/EigenDefs.h:5[m[K,
                 from [01m[K/opt/ros/noetic/include/tum_ics_ur_robot_lli/JointState.h:11[m[K,
                 from [01m[K/opt/ros/noetic/include/tum_ics_ur_robot_lli/RobotControllers/Controller.h:14[m[K,
                 from [01m[K/opt/ros/noetic/include/tum_ics_ur_robot_lli/RobotControllers/ControlEffort.h:4[m[K,
                 from [01m[K/home/gin/ros/workspaces/final/src/tum_ics_ur10_controller_tutorial/include/tum_ics_ur10_controller_tutorial/jointspace_controller.h:4[m[K,
                 from [01m[K/home/gin/ros/workspaces/final/src/tum_ics_ur10_controller_tutorial/src/jointspace_controller.cpp:1[m[K:
/usr/include/eigen3/Eigen/src/Core/AssignEvaluator.h: In instantiation of ‘[01m[Kvoid Eigen::internal::call_assignment_no_alias(Dst&, const Src&, const Func&) [with Dst = Eigen::Matrix<double, 6, 1>; Src = Eigen::Matrix<double, 3, 1>; Func = Eigen::internal::assign_op<double, double>][m[K’:
[01m[K/usr/include/eigen3/Eigen/src/Core/PlainObjectBase.h:732:41:[m[K   required from ‘[01m[KDerived& Eigen::PlainObjectBase<Derived>::_set_noalias(const Eigen::DenseBase<OtherDerived>&) [with OtherDerived = Eigen::Matrix<double, 3, 1>; Derived = Eigen::Matrix<double, 6, 1>][m[K’
[01m[K/usr/include/eigen3/Eigen/src/Core/PlainObjectBase.h:537:7:[m[K   required from ‘[01m[KEigen::PlainObjectBase<Derived>::PlainObjectBase(const Eigen::DenseBase<OtherDerived>&) [with OtherDerived = Eigen::Matrix<double, 3, 1>; Derived = Eigen::Matrix<double, 6, 1>][m[K’
[01m[K/usr/include/eigen3/Eigen/src/Core/Matrix.h:377:29:[m[K   required from ‘[01m[KEigen::Matrix<_Scalar, _Rows, _Cols, _Options, _MaxRows, _MaxCols>::Matrix(const Eigen::EigenBase<OtherDerived>&) [with OtherDerived = Eigen::Matrix<double, 3, 1>; _Scalar = double; int _Rows = 6; int _Cols = 1; int _Options = 0; int _MaxRows = 6; int _MaxCols = 1][m[K’
[01m[K/home/gin/ros/workspaces/final/src/tum_ics_ur10_controller_tutorial/src/jointspace_controller.cpp:1173:9:[m[K   required from ‘[01m[Kstd::vector<T> tum_ics_ur_robot_lli::RobotControllers::JointSpaceController_1::interpolate_joint2(B, B, double, double, double) [with B = Eigen::Matrix<double, 3, 1>][m[K’
[01m[K/home/gin/ros/workspaces/final/src/tum_ics_ur10_controller_tutorial/src/jointspace_controller.cpp:603:117:[m[K   required from here
[01m[K/usr/include/eigen3/Eigen/src/Core/AssignEvaluator.h:833:3:[m[K [01;31m[Kerror: [m[Kstatic assertion failed: YOU_MIXED_MATRICES_OF_DIFFERENT_SIZES
  833 |   [01;31m[KEIGEN_STATIC_ASSERT_SAME_MATRIX_SIZE[m[K(ActualDstTypeCleaned,Src)
      |   [01;31m[K^~~~~~~~~~~~~~~~~~~~~~~~~~~~~~~~~~~~[m[K
make[2]: *** [CMakeFiles/ur10_control.dir/build.make:63: CMakeFiles/ur10_control.dir/src/jointspace_controller.cpp.o] Error 1
make[1]: *** [CMakeFiles/Makefile2:2045: CMakeFiles/ur10_control.dir/all] Error 2
make: *** [Makefile:141: all] Error 2
