/usr/bin/ld: CMakeFiles/ur10_control.dir/src/jointspace_controller_1.cpp.o: in function `tum_ics_ur_robot_lli::RobotControllers::JointSpaceController_1::setQPark(tum_ics_ur_robot_lli::JointState const&)':
jointspace_controller_1.cpp:(.text+0x0): multiple definition of `tum_ics_ur_robot_lli::RobotControllers::JointSpaceController_1::setQPark(tum_ics_ur_robot_lli::JointState const&)'; CMakeFiles/ur10_control.dir/src/jointspace_controller.cpp.o:jointspace_controller.cpp:(.text+0x4020): first defined here
/usr/bin/ld: CMakeFiles/ur10_control.dir/src/jointspace_controller_1.cpp.o: in function `tum_ics_ur_robot_lli::RobotControllers::JointSpaceController_1::stop()':
jointspace_controller_1.cpp:(.text+0x160): multiple definition of `tum_ics_ur_robot_lli::RobotControllers::JointSpaceController_1::stop()'; CMakeFiles/ur10_control.dir/src/jointspace_controller.cpp.o:jointspace_controller.cpp:(.text+0x0): first defined here
/usr/bin/ld: CMakeFiles/ur10_control.dir/src/jointspace_controller_1.cpp.o: in function `tum_ics_ur_robot_lli::RobotControllers::JointSpaceController_1::setQInit(tum_ics_ur_robot_lli::JointState const&)':
jointspace_controller_1.cpp:(.text+0x3b50): multiple definition of `tum_ics_ur_robot_lli::RobotControllers::JointSpaceController_1::setQInit(tum_ics_ur_robot_lli::JointState const&)'; CMakeFiles/ur10_control.dir/src/jointspace_controller.cpp.o:jointspace_controller.cpp:(.text+0x3d60): first defined here
/usr/bin/ld: CMakeFiles/ur10_control.dir/src/jointspace_controller_1.cpp.o: in function `tum_ics_ur_robot_lli::RobotControllers::JointSpaceController_1::setQHome(tum_ics_ur_robot_lli::JointState const&)':
jointspace_controller_1.cpp:(.text+0x3cb0): multiple definition of `tum_ics_ur_robot_lli::RobotControllers::JointSpaceController_1::setQHome(tum_ics_ur_robot_lli::JointState const&)'; CMakeFiles/ur10_control.dir/src/jointspace_controller.cpp.o:jointspace_controller.cpp:(.text+0x3ec0): first defined here
/usr/bin/ld: CMakeFiles/ur10_control.dir/src/jointspace_controller_1.cpp.o: in function `tum_ics_ur_robot_lli::RobotControllers::is_all_less(Eigen::Matrix<double, 6, 1, 0, 6, 1>, double)':
jointspace_controller_1.cpp:(.text+0x4270): multiple definition of `tum_ics_ur_robot_lli::RobotControllers::is_all_less(Eigen::Matrix<double, 6, 1, 0, 6, 1>, double)'; CMakeFiles/ur10_control.dir/src/jointspace_controller.cpp.o:jointspace_controller.cpp:(.text+0x4820): first defined here
/usr/bin/ld: CMakeFiles/ur10_control.dir/src/jointspace_controller_1.cpp.o: in function `tum_ics_ur_robot_lli::RobotControllers::JointSpaceController_1::distance_to_j_joint(Eigen::Matrix<double, 6, 1, 0, 6, 1>, int, int)':
jointspace_controller_1.cpp:(.text+0x42b0): multiple definition of `tum_ics_ur_robot_lli::RobotControllers::JointSpaceController_1::distance_to_j_joint(Eigen::Matrix<double, 6, 1, 0, 6, 1>, int, int)'; CMakeFiles/ur10_control.dir/src/jointspace_controller.cpp.o:jointspace_controller.cpp:(.text+0x4860): first defined here
/usr/bin/ld: CMakeFiles/ur10_control.dir/src/jointspace_controller_1.cpp.o: in function `tum_ics_ur_robot_lli::RobotControllers::JointSpaceController_1::calc_repel_force(Eigen::Matrix<double, 6, 1, 0, 6, 1>, double, double)':
jointspace_controller_1.cpp:(.text+0x4420): multiple definition of `tum_ics_ur_robot_lli::RobotControllers::JointSpaceController_1::calc_repel_force(Eigen::Matrix<double, 6, 1, 0, 6, 1>, double, double)'; CMakeFiles/ur10_control.dir/src/jointspace_controller.cpp.o:jointspace_controller.cpp:(.text+0x49d0): first defined here
/usr/bin/ld: CMakeFiles/ur10_control.dir/src/jointspace_controller_1.cpp.o: in function `tum_ics_ur_robot_lli::RobotControllers::JointSpaceController_1::distances_to_j_joint(Eigen::Matrix<double, 6, 1, 0, 6, 1>, int)':
jointspace_controller_1.cpp:(.text+0x45d0): multiple definition of `tum_ics_ur_robot_lli::RobotControllers::JointSpaceController_1::distances_to_j_joint(Eigen::Matrix<double, 6, 1, 0, 6, 1>, int)'; CMakeFiles/ur10_control.dir/src/jointspace_controller.cpp.o:jointspace_controller.cpp:(.text+0x4b80): first defined here
/usr/bin/ld: CMakeFiles/ur10_control.dir/src/jointspace_controller_1.cpp.o: in function `tum_ics_ur_robot_lli::RobotControllers::circular_offset(double)':
jointspace_controller_1.cpp:(.text+0x48a0): multiple definition of `tum_ics_ur_robot_lli::RobotControllers::circular_offset(double)'; CMakeFiles/ur10_control.dir/src/jointspace_controller.cpp.o:jointspace_controller.cpp:(.text+0x4e50): first defined here
/usr/bin/ld: CMakeFiles/ur10_control.dir/src/jointspace_controller_1.cpp.o: in function `tum_ics_ur_robot_lli::RobotControllers::ke(Eigen::Quaternion<double, 0>)':
jointspace_controller_1.cpp:(.text+0x4910): multiple definition of `tum_ics_ur_robot_lli::RobotControllers::ke(Eigen::Quaternion<double, 0>)'; CMakeFiles/ur10_control.dir/src/jointspace_controller.cpp.o:jointspace_controller.cpp:(.text+0x4ec0): first defined here
/usr/bin/ld: CMakeFiles/ur10_control.dir/src/jointspace_controller_1.cpp.o: in function `tum_ics_ur_robot_lli::RobotControllers::JointSpaceController_1::start()':
jointspace_controller_1.cpp:(.text+0x4a60): multiple definition of `tum_ics_ur_robot_lli::RobotControllers::JointSpaceController_1::start()'; CMakeFiles/ur10_control.dir/src/jointspace_controller.cpp.o:jointspace_controller.cpp:(.text+0x51b0): first defined here
/usr/bin/ld: CMakeFiles/ur10_control.dir/src/jointspace_controller_1.cpp.o: in function `tum_ics_ur_robot_lli::RobotControllers::JointSpaceController_1::marker_sub_callback(object_msgs::Objects_<std::allocator<void> > const&)':
jointspace_controller_1.cpp:(.text+0x4ce0): multiple definition of `tum_ics_ur_robot_lli::RobotControllers::JointSpaceController_1::marker_sub_callback(object_msgs::Objects_<std::allocator<void> > const&)'; CMakeFiles/ur10_control.dir/src/jointspace_controller.cpp.o:jointspace_controller.cpp:(.text+0x5350): first defined here
/usr/bin/ld: CMakeFiles/ur10_control.dir/src/jointspace_controller_1.cpp.o: in function `tum_ics_ur_robot_lli::RobotControllers::vis_pose(Eigen::Quaternion<double, 0>, Eigen::Matrix<double, 3, 1, 0, 3, 1>, std::__cxx11::basic_string<char, std::char_traits<char>, std::allocator<char> >, ros::Publisher)':
jointspace_controller_1.cpp:(.text+0x4eb0): multiple definition of `tum_ics_ur_robot_lli::RobotControllers::vis_pose(Eigen::Quaternion<double, 0>, Eigen::Matrix<double, 3, 1, 0, 3, 1>, std::__cxx11::basic_string<char, std::char_traits<char>, std::allocator<char> >, ros::Publisher)'; CMakeFiles/ur10_control.dir/src/jointspace_controller.cpp.o:jointspace_controller.cpp:(.text+0x5520): first defined here
/usr/bin/ld: CMakeFiles/ur10_control.dir/src/jointspace_controller_1.cpp.o: in function `tum_ics_ur_robot_lli::RobotControllers::JointSpaceController_1::init()':
jointspace_controller_1.cpp:(.text+0x53b0): multiple definition of `tum_ics_ur_robot_lli::RobotControllers::JointSpaceController_1::init()'; CMakeFiles/ur10_control.dir/src/jointspace_controller.cpp.o:jointspace_controller.cpp:(.text+0x6e90): first defined here
/usr/bin/ld: CMakeFiles/ur10_control.dir/src/jointspace_controller_1.cpp.o: in function `tum_ics_ur_robot_lli::RobotControllers::JointSpaceController_1::interpolate_joint(Eigen::Matrix<double, 6, 1, 0, 6, 1>, Eigen::Matrix<double, 6, 1, 0, 6, 1>, double, double)':
jointspace_controller_1.cpp:(.text+0x7f80): multiple definition of `tum_ics_ur_robot_lli::RobotControllers::JointSpaceController_1::interpolate_joint(Eigen::Matrix<double, 6, 1, 0, 6, 1>, Eigen::Matrix<double, 6, 1, 0, 6, 1>, double, double)'; CMakeFiles/ur10_control.dir/src/jointspace_controller.cpp.o:jointspace_controller.cpp:(.text+0x6c30): first defined here
/usr/bin/ld: CMakeFiles/ur10_control.dir/src/jointspace_controller_1.cpp.o: in function `tum_ics_ur_robot_lli::RobotControllers::JointSpaceController_1::calc_repel_forces(Eigen::Matrix<double, 6, 1, 0, 6, 1>, double, double)':
jointspace_controller_1.cpp:(.text+0x81e0): multiple definition of `tum_ics_ur_robot_lli::RobotControllers::JointSpaceController_1::calc_repel_forces(Eigen::Matrix<double, 6, 1, 0, 6, 1>, double, double)'; CMakeFiles/ur10_control.dir/src/jointspace_controller.cpp.o:jointspace_controller.cpp:(.text+0x9a60): first defined here
/usr/bin/ld: CMakeFiles/ur10_control.dir/src/jointspace_controller_1.cpp.o: in function `tum_ics_ur_robot_lli::RobotControllers::JointSpaceController_1::impedance_control(Eigen::Matrix<double, 6, 1, 0, 6, 1>, Eigen::Matrix<double, 6, 1, 0, 6, 1>, Eigen::Matrix<double, 7, 1, 0, 7, 1>, Eigen::Matrix<double, 6, 1, 0, 6, 1>, double, double)':
jointspace_controller_1.cpp:(.text+0x8510): multiple definition of `tum_ics_ur_robot_lli::RobotControllers::JointSpaceController_1::impedance_control(Eigen::Matrix<double, 6, 1, 0, 6, 1>, Eigen::Matrix<double, 6, 1, 0, 6, 1>, Eigen::Matrix<double, 7, 1, 0, 7, 1>, Eigen::Matrix<double, 6, 1, 0, 6, 1>, double, double)'; CMakeFiles/ur10_control.dir/src/jointspace_controller.cpp.o:jointspace_controller.cpp:(.text+0xba10): first defined here
/usr/bin/ld: CMakeFiles/ur10_control.dir/src/jointspace_controller_1.cpp.o: in function `tum_ics_ur_robot_lli::RobotControllers::vis_trajectory(Eigen::Matrix<double, 3, 1, 0, 3, 1>, std::__cxx11::basic_string<char, std::char_traits<char>, std::allocator<char> >, ros::Publisher)':
jointspace_controller_1.cpp:(.text+0x93f0): multiple definition of `tum_ics_ur_robot_lli::RobotControllers::vis_trajectory(Eigen::Matrix<double, 3, 1, 0, 3, 1>, std::__cxx11::basic_string<char, std::char_traits<char>, std::allocator<char> >, ros::Publisher)'; CMakeFiles/ur10_control.dir/src/jointspace_controller.cpp.o:jointspace_controller.cpp:(.text+0x9d90): first defined here
/usr/bin/ld: CMakeFiles/ur10_control.dir/src/jointspace_controller_1.cpp.o: in function `tum_ics_ur_robot_lli::RobotControllers::JointSpaceController_1::obstacle_sub_callback(object_msgs::Objects_<std::allocator<void> > const&)':
jointspace_controller_1.cpp:(.text+0x9940): multiple definition of `tum_ics_ur_robot_lli::RobotControllers::JointSpaceController_1::obstacle_sub_callback(object_msgs::Objects_<std::allocator<void> > const&)'; CMakeFiles/ur10_control.dir/src/jointspace_controller.cpp.o:jointspace_controller.cpp:(.text+0xa290): first defined here
/usr/bin/ld: CMakeFiles/ur10_control.dir/src/jointspace_controller_1.cpp.o: in function `tum_ics_ur_robot_lli::RobotControllers::JointSpaceController_1::quat_for_marker_tracking(Eigen::Matrix<double, 6, 1, 0, 6, 1>)':
jointspace_controller_1.cpp:(.text+0x9a80): multiple definition of `tum_ics_ur_robot_lli::RobotControllers::JointSpaceController_1::quat_for_marker_tracking(Eigen::Matrix<double, 6, 1, 0, 6, 1>)'; CMakeFiles/ur10_control.dir/src/jointspace_controller.cpp.o:jointspace_controller.cpp:(.text+0xab20): first defined here
/usr/bin/ld: CMakeFiles/ur10_control.dir/src/jointspace_controller_1.cpp.o: in function `tum_ics_ur_robot_lli::RobotControllers::JointSpaceController_1::interpolate_joint2(Eigen::Matrix<double, 6, 1, 0, 6, 1>, Eigen::Matrix<double, 6, 1, 0, 6, 1>, double, double, double)':
jointspace_controller_1.cpp:(.text+0xa970): multiple definition of `tum_ics_ur_robot_lli::RobotControllers::JointSpaceController_1::interpolate_joint2(Eigen::Matrix<double, 6, 1, 0, 6, 1>, Eigen::Matrix<double, 6, 1, 0, 6, 1>, double, double, double)'; CMakeFiles/ur10_control.dir/src/jointspace_controller.cpp.o:jointspace_controller.cpp:(.text+0xd520): first defined here
/usr/bin/ld: CMakeFiles/ur10_control.dir/src/jointspace_controller_1.cpp.o: in function `tum_ics_ur_robot_lli::RobotControllers::JointSpaceController_1::interpolate_joint2(Eigen::Matrix<double, 3, 1, 0, 3, 1>, Eigen::Matrix<double, 3, 1, 0, 3, 1>, double, double, double)':
jointspace_controller_1.cpp:(.text+0xc210): multiple definition of `tum_ics_ur_robot_lli::RobotControllers::JointSpaceController_1::interpolate_joint2(Eigen::Matrix<double, 3, 1, 0, 3, 1>, Eigen::Matrix<double, 3, 1, 0, 3, 1>, double, double, double)'; CMakeFiles/ur10_control.dir/src/jointspace_controller.cpp.o:jointspace_controller.cpp:(.text+0xedc0): first defined here
/usr/bin/ld: CMakeFiles/ur10_control.dir/src/jointspace_controller_1.cpp.o: in function `tum_ics_ur_robot_lli::RobotControllers::JointSpaceController_1::operational_control(Eigen::Matrix<double, 6, 1, 0, 6, 1>, Eigen::Matrix<double, 6, 1, 0, 6, 1>, Eigen::Matrix<double, 7, 1, 0, 7, 1>, Eigen::Matrix<double, 6, 1, 0, 6, 1>, Eigen::Matrix<double, 6, 1, 0, 6, 1>)':
jointspace_controller_1.cpp:(.text+0xd1f0): multiple definition of `tum_ics_ur_robot_lli::RobotControllers::JointSpaceController_1::operational_control(Eigen::Matrix<double, 6, 1, 0, 6, 1>, Eigen::Matrix<double, 6, 1, 0, 6, 1>, Eigen::Matrix<double, 7, 1, 0, 7, 1>, Eigen::Matrix<double, 6, 1, 0, 6, 1>, Eigen::Matrix<double, 6, 1, 0, 6, 1>)'; CMakeFiles/ur10_control.dir/src/jointspace_controller.cpp.o:jointspace_controller.cpp:(.text+0xfda0): first defined here
/usr/bin/ld: CMakeFiles/ur10_control.dir/src/jointspace_controller_1.cpp.o: in function `tum_ics_ur_robot_lli::RobotControllers::JointSpaceController_1::operational_control_multi_obstacle_avoidance(Eigen::Matrix<double, 6, 1, 0, 6, 1>, Eigen::Matrix<double, 6, 1, 0, 6, 1>, Eigen::Matrix<double, 6, 1, 0, 6, 1>, double, double, tum_ics_ur_robot_lli::RobotTime const&)':
jointspace_controller_1.cpp:(.text+0xfee0): multiple definition of `tum_ics_ur_robot_lli::RobotControllers::JointSpaceController_1::operational_control_multi_obstacle_avoidance(Eigen::Matrix<double, 6, 1, 0, 6, 1>, Eigen::Matrix<double, 6, 1, 0, 6, 1>, Eigen::Matrix<double, 6, 1, 0, 6, 1>, double, double, tum_ics_ur_robot_lli::RobotTime const&)'; CMakeFiles/ur10_control.dir/src/jointspace_controller.cpp.o:jointspace_controller.cpp:(.text+0x12a60): first defined here
/usr/bin/ld: CMakeFiles/ur10_control.dir/src/jointspace_controller_1.cpp.o: in function `tum_ics_ur_robot_lli::RobotControllers::JointSpaceController_1::operational_control_obstacle_avoidance(Eigen::Matrix<double, 6, 1, 0, 6, 1>, Eigen::Matrix<double, 6, 1, 0, 6, 1>, Eigen::Matrix<double, 6, 1, 0, 6, 1>, double, double, tum_ics_ur_robot_lli::RobotTime const&)':
jointspace_controller_1.cpp:(.text+0x111f0): multiple definition of `tum_ics_ur_robot_lli::RobotControllers::JointSpaceController_1::operational_control_obstacle_avoidance(Eigen::Matrix<double, 6, 1, 0, 6, 1>, Eigen::Matrix<double, 6, 1, 0, 6, 1>, Eigen::Matrix<double, 6, 1, 0, 6, 1>, double, double, tum_ics_ur_robot_lli::RobotTime const&)'; CMakeFiles/ur10_control.dir/src/jointspace_controller.cpp.o:jointspace_controller.cpp:(.text+0x13cf0): first defined here
/usr/bin/ld: CMakeFiles/ur10_control.dir/src/jointspace_controller_1.cpp.o: in function `tum_ics_ur_robot_lli::RobotControllers::JointSpaceController_1::operational_control_tracking_and_circle_motion(Eigen::Matrix<double, 6, 1, 0, 6, 1>, Eigen::Matrix<double, 6, 1, 0, 6, 1>, Eigen::Matrix<double, 6, 1, 0, 6, 1>, double, double, tum_ics_ur_robot_lli::RobotTime const&)':
jointspace_controller_1.cpp:(.text+0x11f80): multiple definition of `tum_ics_ur_robot_lli::RobotControllers::JointSpaceController_1::operational_control_tracking_and_circle_motion(Eigen::Matrix<double, 6, 1, 0, 6, 1>, Eigen::Matrix<double, 6, 1, 0, 6, 1>, Eigen::Matrix<double, 6, 1, 0, 6, 1>, double, double, tum_ics_ur_robot_lli::RobotTime const&)'; CMakeFiles/ur10_control.dir/src/jointspace_controller.cpp.o:jointspace_controller.cpp:(.text+0x14ae0): first defined here
/usr/bin/ld: CMakeFiles/ur10_control.dir/src/jointspace_controller_1.cpp.o: in function `tum_ics_ur_robot_lli::RobotControllers::JointSpaceController_1::operational_control_tracking(Eigen::Matrix<double, 6, 1, 0, 6, 1>, Eigen::Matrix<double, 6, 1, 0, 6, 1>, Eigen::Matrix<double, 6, 1, 0, 6, 1>, double, double, tum_ics_ur_robot_lli::RobotTime const&)':
jointspace_controller_1.cpp:(.text+0x12610): multiple definition of `tum_ics_ur_robot_lli::RobotControllers::JointSpaceController_1::operational_control_tracking(Eigen::Matrix<double, 6, 1, 0, 6, 1>, Eigen::Matrix<double, 6, 1, 0, 6, 1>, Eigen::Matrix<double, 6, 1, 0, 6, 1>, double, double, tum_ics_ur_robot_lli::RobotTime const&)'; CMakeFiles/ur10_control.dir/src/jointspace_controller.cpp.o:jointspace_controller.cpp:(.text+0x15170): first defined here
/usr/bin/ld: CMakeFiles/ur10_control.dir/src/jointspace_controller_1.cpp.o: in function `tum_ics_ur_robot_lli::RobotControllers::JointSpaceController_1::operational_control_circle_motion(Eigen::Matrix<double, 6, 1, 0, 6, 1>, Eigen::Matrix<double, 6, 1, 0, 6, 1>, Eigen::Matrix<double, 6, 1, 0, 6, 1>, double, double, tum_ics_ur_robot_lli::RobotTime const&)':
jointspace_controller_1.cpp:(.text+0x12b90): multiple definition of `tum_ics_ur_robot_lli::RobotControllers::JointSpaceController_1::operational_control_circle_motion(Eigen::Matrix<double, 6, 1, 0, 6, 1>, Eigen::Matrix<double, 6, 1, 0, 6, 1>, Eigen::Matrix<double, 6, 1, 0, 6, 1>, double, double, tum_ics_ur_robot_lli::RobotTime const&)'; CMakeFiles/ur10_control.dir/src/jointspace_controller.cpp.o:jointspace_controller.cpp:(.text+0x156f0): first defined here
/usr/bin/ld: CMakeFiles/ur10_control.dir/src/jointspace_controller_1.cpp.o: in function `tum_ics_ur_robot_lli::RobotControllers::JointSpaceController_1::joint_control(Eigen::Matrix<double, 6, 1, 0, 6, 1>, Eigen::Matrix<double, 6, 1, 0, 6, 1>, Eigen::Matrix<double, 6, 1, 0, 6, 1>, double, double, tum_ics_ur_robot_lli::RobotTime const&)':
jointspace_controller_1.cpp:(.text+0x13430): multiple definition of `tum_ics_ur_robot_lli::RobotControllers::JointSpaceController_1::joint_control(Eigen::Matrix<double, 6, 1, 0, 6, 1>, Eigen::Matrix<double, 6, 1, 0, 6, 1>, Eigen::Matrix<double, 6, 1, 0, 6, 1>, double, double, tum_ics_ur_robot_lli::RobotTime const&)'; CMakeFiles/ur10_control.dir/src/jointspace_controller.cpp.o:jointspace_controller.cpp:(.text+0x15ca0): first defined here
/usr/bin/ld: CMakeFiles/ur10_control.dir/src/jointspace_controller_1.cpp.o: in function `tum_ics_ur_robot_lli::RobotControllers::JointSpaceController_1::update(tum_ics_ur_robot_lli::RobotTime const&, tum_ics_ur_robot_lli::JointState const&)':
jointspace_controller_1.cpp:(.text+0x14370): multiple definition of `tum_ics_ur_robot_lli::RobotControllers::JointSpaceController_1::update(tum_ics_ur_robot_lli::RobotTime const&, tum_ics_ur_robot_lli::JointState const&)'; CMakeFiles/ur10_control.dir/src/jointspace_controller.cpp.o:jointspace_controller.cpp:(.text+0x16be0): first defined here
/usr/bin/ld: CMakeFiles/ur10_control.dir/src/jointspace_controller_1.cpp.o: in function `tum_ics_ur_robot_lli::RobotControllers::JointSpaceController_1::~JointSpaceController_1()':
jointspace_controller_1.cpp:(.text+0x15360): multiple definition of `tum_ics_ur_robot_lli::RobotControllers::JointSpaceController_1::~JointSpaceController_1()'; CMakeFiles/ur10_control.dir/src/jointspace_controller.cpp.o:jointspace_controller.cpp:(.text+0x178c0): first defined here
/usr/bin/ld: CMakeFiles/ur10_control.dir/src/jointspace_controller_1.cpp.o: in function `tum_ics_ur_robot_lli::RobotControllers::JointSpaceController_1::~JointSpaceController_1()':
jointspace_controller_1.cpp:(.text+0x15360): multiple definition of `tum_ics_ur_robot_lli::RobotControllers::JointSpaceController_1::~JointSpaceController_1()'; CMakeFiles/ur10_control.dir/src/jointspace_controller.cpp.o:jointspace_controller.cpp:(.text+0x178c0): first defined here
/usr/bin/ld: CMakeFiles/ur10_control.dir/src/jointspace_controller_1.cpp.o: in function `tum_ics_ur_robot_lli::RobotControllers::JointSpaceController_1::~JointSpaceController_1()':
jointspace_controller_1.cpp:(.text+0x15450): multiple definition of `tum_ics_ur_robot_lli::RobotControllers::JointSpaceController_1::~JointSpaceController_1()'; CMakeFiles/ur10_control.dir/src/jointspace_controller.cpp.o:jointspace_controller.cpp:(.text+0x179b0): first defined here
/usr/bin/ld: CMakeFiles/ur10_control.dir/src/jointspace_controller_1.cpp.o: in function `tum_ics_ur_robot_lli::RobotControllers::JointSpaceController_1::JointSpaceController_1(double, QString const&)':
jointspace_controller_1.cpp:(.text+0x15470): multiple definition of `tum_ics_ur_robot_lli::RobotControllers::JointSpaceController_1::JointSpaceController_1(double, QString const&)'; CMakeFiles/ur10_control.dir/src/jointspace_controller.cpp.o:jointspace_controller.cpp:(.text+0x179d0): first defined here
/usr/bin/ld: CMakeFiles/ur10_control.dir/src/jointspace_controller_1.cpp.o: in function `tum_ics_ur_robot_lli::RobotControllers::JointSpaceController_1::JointSpaceController_1(double, QString const&)':
jointspace_controller_1.cpp:(.text+0x15470): multiple definition of `tum_ics_ur_robot_lli::RobotControllers::JointSpaceController_1::JointSpaceController_1(double, QString const&)'; CMakeFiles/ur10_control.dir/src/jointspace_controller.cpp.o:jointspace_controller.cpp:(.text+0x179d0): first defined here
collect2: error: ld returned 1 exit status
make[2]: *** [CMakeFiles/ur10_control.dir/build.make:186: /home/gin/ros/workspaces/final/devel/.private/tum_ics_ur10_controller_tutorial/lib/libur10_control.so] Error 1
make[1]: *** [CMakeFiles/Makefile2:2045: CMakeFiles/ur10_control.dir/all] Error 2
make: *** [Makefile:141: all] Error 2
