In file included from [01m[K/home/gin/ros/workspaces/final/src/tum_ics_ur10_controller_tutorial/src/jointspace_controller.cpp:1[m[K:
[01m[K/home/gin/ros/workspaces/final/src/tum_ics_ur10_controller_tutorial/include/tum_ics_ur10_controller_tutorial/jointspace_controller.h:199:16:[m[K [01;31m[Kerror: [m[Kextra qualification ‘[01m[Ktum_ics_ur_robot_lli::RobotControllers::JointSpaceController_1::[m[K’ on member ‘[01m[Kcalc_repel_force[m[K’ [[01;31m[K-fpermissive[m[K]
  199 |       Vector3d [01;31m[KJointSpaceController_1[m[K::calc_repel_force(double rad_influence);
      |                [01;31m[K^~~~~~~~~~~~~~~~~~~~~~[m[K
[01m[K/home/gin/ros/workspaces/final/src/tum_ics_ur10_controller_tutorial/src/jointspace_controller.cpp:[m[K In member function ‘[01m[KTum::Vector6d tum_ics_ur_robot_lli::RobotControllers::JointSpaceController_1::operational_control_obstacle_avoidance(Tum::Vector6d, Tum::Vector6d, Tum::Vector6d, double, double, const tum_ics_ur_robot_lli::RobotTime&)[m[K’:
[01m[K/home/gin/ros/workspaces/final/src/tum_ics_ur10_controller_tutorial/src/jointspace_controller.cpp:678:51:[m[K [01;31m[Kerror: [m[Kno matching function for call to ‘[01m[Ktum_ics_ur_robot_lli::RobotControllers::JointSpaceController_1::calc_repel_force(double&, double&)[m[K’
  678 |       F1_0 = calc_repel_force(nd1_0, rad_influence[01;31m[K)[m[K;
      |                                                   [01;31m[K^[m[K
In file included from [01m[K/home/gin/ros/workspaces/final/src/tum_ics_ur10_controller_tutorial/src/jointspace_controller.cpp:1[m[K:
[01m[K/home/gin/ros/workspaces/final/src/tum_ics_ur10_controller_tutorial/include/tum_ics_ur10_controller_tutorial/jointspace_controller.h:199:16:[m[K [01;36m[Knote: [m[Kcandidate: ‘[01m[KEigen::Vector3d tum_ics_ur_robot_lli::RobotControllers::JointSpaceController_1::calc_repel_force(double)[m[K’
  199 |       Vector3d [01;36m[KJointSpaceController_1[m[K::calc_repel_force(double rad_influence);
      |                [01;36m[K^~~~~~~~~~~~~~~~~~~~~~[m[K
[01m[K/home/gin/ros/workspaces/final/src/tum_ics_ur10_controller_tutorial/include/tum_ics_ur10_controller_tutorial/jointspace_controller.h:199:16:[m[K [01;36m[Knote: [m[K  candidate expects 1 argument, 2 provided
[01m[K/home/gin/ros/workspaces/final/src/tum_ics_ur10_controller_tutorial/src/jointspace_controller.cpp:679:51:[m[K [01;31m[Kerror: [m[Kno matching function for call to ‘[01m[Ktum_ics_ur_robot_lli::RobotControllers::JointSpaceController_1::calc_repel_force(double&, double&)[m[K’
  679 |       F2_0 = calc_repel_force(nd2_0, rad_influence[01;31m[K)[m[K;
      |                                                   [01;31m[K^[m[K
In file included from [01m[K/home/gin/ros/workspaces/final/src/tum_ics_ur10_controller_tutorial/src/jointspace_controller.cpp:1[m[K:
[01m[K/home/gin/ros/workspaces/final/src/tum_ics_ur10_controller_tutorial/include/tum_ics_ur10_controller_tutorial/jointspace_controller.h:199:16:[m[K [01;36m[Knote: [m[Kcandidate: ‘[01m[KEigen::Vector3d tum_ics_ur_robot_lli::RobotControllers::JointSpaceController_1::calc_repel_force(double)[m[K’
  199 |       Vector3d [01;36m[KJointSpaceController_1[m[K::calc_repel_force(double rad_influence);
      |                [01;36m[K^~~~~~~~~~~~~~~~~~~~~~[m[K
[01m[K/home/gin/ros/workspaces/final/src/tum_ics_ur10_controller_tutorial/include/tum_ics_ur10_controller_tutorial/jointspace_controller.h:199:16:[m[K [01;36m[Knote: [m[K  candidate expects 1 argument, 2 provided
[01m[K/home/gin/ros/workspaces/final/src/tum_ics_ur10_controller_tutorial/src/jointspace_controller.cpp:680:51:[m[K [01;31m[Kerror: [m[Kno matching function for call to ‘[01m[Ktum_ics_ur_robot_lli::RobotControllers::JointSpaceController_1::calc_repel_force(double&, double&)[m[K’
  680 |       F3_0 = calc_repel_force(nd3_0, rad_influence[01;31m[K)[m[K;
      |                                                   [01;31m[K^[m[K
In file included from [01m[K/home/gin/ros/workspaces/final/src/tum_ics_ur10_controller_tutorial/src/jointspace_controller.cpp:1[m[K:
[01m[K/home/gin/ros/workspaces/final/src/tum_ics_ur10_controller_tutorial/include/tum_ics_ur10_controller_tutorial/jointspace_controller.h:199:16:[m[K [01;36m[Knote: [m[Kcandidate: ‘[01m[KEigen::Vector3d tum_ics_ur_robot_lli::RobotControllers::JointSpaceController_1::calc_repel_force(double)[m[K’
  199 |       Vector3d [01;36m[KJointSpaceController_1[m[K::calc_repel_force(double rad_influence);
      |                [01;36m[K^~~~~~~~~~~~~~~~~~~~~~[m[K
[01m[K/home/gin/ros/workspaces/final/src/tum_ics_ur10_controller_tutorial/include/tum_ics_ur10_controller_tutorial/jointspace_controller.h:199:16:[m[K [01;36m[Knote: [m[K  candidate expects 1 argument, 2 provided
[01m[K/home/gin/ros/workspaces/final/src/tum_ics_ur10_controller_tutorial/src/jointspace_controller.cpp:681:51:[m[K [01;31m[Kerror: [m[Kno matching function for call to ‘[01m[Ktum_ics_ur_robot_lli::RobotControllers::JointSpaceController_1::calc_repel_force(double&, double&)[m[K’
  681 |       F4_0 = calc_repel_force(nd4_0, rad_influence[01;31m[K)[m[K;
      |                                                   [01;31m[K^[m[K
In file included from [01m[K/home/gin/ros/workspaces/final/src/tum_ics_ur10_controller_tutorial/src/jointspace_controller.cpp:1[m[K:
[01m[K/home/gin/ros/workspaces/final/src/tum_ics_ur10_controller_tutorial/include/tum_ics_ur10_controller_tutorial/jointspace_controller.h:199:16:[m[K [01;36m[Knote: [m[Kcandidate: ‘[01m[KEigen::Vector3d tum_ics_ur_robot_lli::RobotControllers::JointSpaceController_1::calc_repel_force(double)[m[K’
  199 |       Vector3d [01;36m[KJointSpaceController_1[m[K::calc_repel_force(double rad_influence);
      |                [01;36m[K^~~~~~~~~~~~~~~~~~~~~~[m[K
[01m[K/home/gin/ros/workspaces/final/src/tum_ics_ur10_controller_tutorial/include/tum_ics_ur10_controller_tutorial/jointspace_controller.h:199:16:[m[K [01;36m[Knote: [m[K  candidate expects 1 argument, 2 provided
[01m[K/home/gin/ros/workspaces/final/src/tum_ics_ur10_controller_tutorial/src/jointspace_controller.cpp:682:51:[m[K [01;31m[Kerror: [m[Kno matching function for call to ‘[01m[Ktum_ics_ur_robot_lli::RobotControllers::JointSpaceController_1::calc_repel_force(double&, double&)[m[K’
  682 |       F5_0 = calc_repel_force(nd5_0, rad_influence[01;31m[K)[m[K;
      |                                                   [01;31m[K^[m[K
In file included from [01m[K/home/gin/ros/workspaces/final/src/tum_ics_ur10_controller_tutorial/src/jointspace_controller.cpp:1[m[K:
[01m[K/home/gin/ros/workspaces/final/src/tum_ics_ur10_controller_tutorial/include/tum_ics_ur10_controller_tutorial/jointspace_controller.h:199:16:[m[K [01;36m[Knote: [m[Kcandidate: ‘[01m[KEigen::Vector3d tum_ics_ur_robot_lli::RobotControllers::JointSpaceController_1::calc_repel_force(double)[m[K’
  199 |       Vector3d [01;36m[KJointSpaceController_1[m[K::calc_repel_force(double rad_influence);
      |                [01;36m[K^~~~~~~~~~~~~~~~~~~~~~[m[K
[01m[K/home/gin/ros/workspaces/final/src/tum_ics_ur10_controller_tutorial/include/tum_ics_ur10_controller_tutorial/jointspace_controller.h:199:16:[m[K [01;36m[Knote: [m[K  candidate expects 1 argument, 2 provided
[01m[K/home/gin/ros/workspaces/final/src/tum_ics_ur10_controller_tutorial/src/jointspace_controller.cpp:683:51:[m[K [01;31m[Kerror: [m[Kno matching function for call to ‘[01m[Ktum_ics_ur_robot_lli::RobotControllers::JointSpaceController_1::calc_repel_force(double&, double&)[m[K’
  683 |       F6_0 = calc_repel_force(nd6_0, rad_influence[01;31m[K)[m[K;
      |                                                   [01;31m[K^[m[K
In file included from [01m[K/home/gin/ros/workspaces/final/src/tum_ics_ur10_controller_tutorial/src/jointspace_controller.cpp:1[m[K:
[01m[K/home/gin/ros/workspaces/final/src/tum_ics_ur10_controller_tutorial/include/tum_ics_ur10_controller_tutorial/jointspace_controller.h:199:16:[m[K [01;36m[Knote: [m[Kcandidate: ‘[01m[KEigen::Vector3d tum_ics_ur_robot_lli::RobotControllers::JointSpaceController_1::calc_repel_force(double)[m[K’
  199 |       Vector3d [01;36m[KJointSpaceController_1[m[K::calc_repel_force(double rad_influence);
      |                [01;36m[K^~~~~~~~~~~~~~~~~~~~~~[m[K
[01m[K/home/gin/ros/workspaces/final/src/tum_ics_ur10_controller_tutorial/include/tum_ics_ur10_controller_tutorial/jointspace_controller.h:199:16:[m[K [01;36m[Knote: [m[K  candidate expects 1 argument, 2 provided
[01m[K/home/gin/ros/workspaces/final/src/tum_ics_ur10_controller_tutorial/src/jointspace_controller.cpp:[m[K In member function ‘[01m[KEigen::Vector3d tum_ics_ur_robot_lli::RobotControllers::JointSpaceController_1::calc_repel_force(double)[m[K’:
[01m[K/home/gin/ros/workspaces/final/src/tum_ics_ur10_controller_tutorial/src/jointspace_controller.cpp:722:58:[m[K [01;31m[Kerror: [m[K‘[01m[KQ[m[K’ was not declared in this scope; did you mean ‘[01m[KQt[m[K’?
  722 |       cc::HomogeneousTransformation T_j_0 = model_.T_j_0([01;31m[KQ[m[K,j);
      |                                                          [01;31m[K^[m[K
      |                                                          [32m[KQt[m[K
[01m[K/home/gin/ros/workspaces/final/src/tum_ics_ur10_controller_tutorial/src/jointspace_controller.cpp:722:60:[m[K [01;31m[Kerror: [m[K‘[01m[Kj[m[K’ was not declared in this scope; did you mean ‘[01m[Kjn[m[K’?
  722 |       cc::HomogeneousTransformation T_j_0 = model_.T_j_0(Q,[01;31m[Kj[m[K);
      |                                                            [01;31m[K^[m[K
      |                                                            [32m[Kjn[m[K
make[2]: *** [CMakeFiles/ur10_control.dir/build.make:63: CMakeFiles/ur10_control.dir/src/jointspace_controller.cpp.o] Error 1
make[1]: *** [CMakeFiles/Makefile2:2045: CMakeFiles/ur10_control.dir/all] Error 2
make: *** [Makefile:141: all] Error 2
