[01m[K/home/gin/ros/workspaces/final/src/tum_ics_ur10_controller_tutorial/src/jointspace_controller.cpp:[m[K In member function ‘[01m[KTum::Vector6d tum_ics_ur_robot_lli::RobotControllers::JointSpaceController_1::operational_control_obstacle_avoidance(Tum::Vector6d, Tum::Vector6d, Tum::Vector6d, double, double, const tum_ics_ur_robot_lli::RobotTime&)[m[K’:
[01m[K/home/gin/ros/workspaces/final/src/tum_ics_ur10_controller_tutorial/src/jointspace_controller.cpp:631:47:[m[K [01;31m[Kerror: [m[Kno matching function for call to ‘[01m[Ktum_ics_ur_robot_lli::RobotControllers::JointSpaceController_1::distance_to_j_joint(Tum::Vector6d&, int)[m[K’
  631 |       joint_dist_0 << distance_to_j_joint(Q, 0[01;31m[K)[m[K.norm(),
      |                                               [01;31m[K^[m[K
In file included from [01m[K/home/gin/ros/workspaces/final/src/tum_ics_ur10_controller_tutorial/src/jointspace_controller.cpp:1[m[K:
[01m[K/home/gin/ros/workspaces/final/src/tum_ics_ur10_controller_tutorial/include/tum_ics_ur10_controller_tutorial/jointspace_controller.h:203:16:[m[K [01;36m[Knote: [m[Kcandidate: ‘[01m[KEigen::Vector3d tum_ics_ur_robot_lli::RobotControllers::JointSpaceController_1::distance_to_j_joint(Tum::Vector6d, int, int)[m[K’
  203 |       Vector3d [01;36m[Kdistance_to_j_joint[m[K(Vector6d Q, int j, int id);
      |                [01;36m[K^~~~~~~~~~~~~~~~~~~[m[K
[01m[K/home/gin/ros/workspaces/final/src/tum_ics_ur10_controller_tutorial/include/tum_ics_ur10_controller_tutorial/jointspace_controller.h:203:16:[m[K [01;36m[Knote: [m[K  candidate expects 3 arguments, 2 provided
[01m[K/home/gin/ros/workspaces/final/src/tum_ics_ur10_controller_tutorial/src/jointspace_controller.cpp:632:47:[m[K [01;31m[Kerror: [m[Kno matching function for call to ‘[01m[Ktum_ics_ur_robot_lli::RobotControllers::JointSpaceController_1::distance_to_j_joint(Tum::Vector6d&, int)[m[K’
  632 |                       distance_to_j_joint(Q, 1[01;31m[K)[m[K.norm(),
      |                                               [01;31m[K^[m[K
In file included from [01m[K/home/gin/ros/workspaces/final/src/tum_ics_ur10_controller_tutorial/src/jointspace_controller.cpp:1[m[K:
[01m[K/home/gin/ros/workspaces/final/src/tum_ics_ur10_controller_tutorial/include/tum_ics_ur10_controller_tutorial/jointspace_controller.h:203:16:[m[K [01;36m[Knote: [m[Kcandidate: ‘[01m[KEigen::Vector3d tum_ics_ur_robot_lli::RobotControllers::JointSpaceController_1::distance_to_j_joint(Tum::Vector6d, int, int)[m[K’
  203 |       Vector3d [01;36m[Kdistance_to_j_joint[m[K(Vector6d Q, int j, int id);
      |                [01;36m[K^~~~~~~~~~~~~~~~~~~[m[K
[01m[K/home/gin/ros/workspaces/final/src/tum_ics_ur10_controller_tutorial/include/tum_ics_ur10_controller_tutorial/jointspace_controller.h:203:16:[m[K [01;36m[Knote: [m[K  candidate expects 3 arguments, 2 provided
[01m[K/home/gin/ros/workspaces/final/src/tum_ics_ur10_controller_tutorial/src/jointspace_controller.cpp:633:47:[m[K [01;31m[Kerror: [m[Kno matching function for call to ‘[01m[Ktum_ics_ur_robot_lli::RobotControllers::JointSpaceController_1::distance_to_j_joint(Tum::Vector6d&, int)[m[K’
  633 |                       distance_to_j_joint(Q, 2[01;31m[K)[m[K.norm(),
      |                                               [01;31m[K^[m[K
In file included from [01m[K/home/gin/ros/workspaces/final/src/tum_ics_ur10_controller_tutorial/src/jointspace_controller.cpp:1[m[K:
[01m[K/home/gin/ros/workspaces/final/src/tum_ics_ur10_controller_tutorial/include/tum_ics_ur10_controller_tutorial/jointspace_controller.h:203:16:[m[K [01;36m[Knote: [m[Kcandidate: ‘[01m[KEigen::Vector3d tum_ics_ur_robot_lli::RobotControllers::JointSpaceController_1::distance_to_j_joint(Tum::Vector6d, int, int)[m[K’
  203 |       Vector3d [01;36m[Kdistance_to_j_joint[m[K(Vector6d Q, int j, int id);
      |                [01;36m[K^~~~~~~~~~~~~~~~~~~[m[K
[01m[K/home/gin/ros/workspaces/final/src/tum_ics_ur10_controller_tutorial/include/tum_ics_ur10_controller_tutorial/jointspace_controller.h:203:16:[m[K [01;36m[Knote: [m[K  candidate expects 3 arguments, 2 provided
[01m[K/home/gin/ros/workspaces/final/src/tum_ics_ur10_controller_tutorial/src/jointspace_controller.cpp:634:47:[m[K [01;31m[Kerror: [m[Kno matching function for call to ‘[01m[Ktum_ics_ur_robot_lli::RobotControllers::JointSpaceController_1::distance_to_j_joint(Tum::Vector6d&, int)[m[K’
  634 |                       distance_to_j_joint(Q, 3[01;31m[K)[m[K.norm(),
      |                                               [01;31m[K^[m[K
In file included from [01m[K/home/gin/ros/workspaces/final/src/tum_ics_ur10_controller_tutorial/src/jointspace_controller.cpp:1[m[K:
[01m[K/home/gin/ros/workspaces/final/src/tum_ics_ur10_controller_tutorial/include/tum_ics_ur10_controller_tutorial/jointspace_controller.h:203:16:[m[K [01;36m[Knote: [m[Kcandidate: ‘[01m[KEigen::Vector3d tum_ics_ur_robot_lli::RobotControllers::JointSpaceController_1::distance_to_j_joint(Tum::Vector6d, int, int)[m[K’
  203 |       Vector3d [01;36m[Kdistance_to_j_joint[m[K(Vector6d Q, int j, int id);
      |                [01;36m[K^~~~~~~~~~~~~~~~~~~[m[K
[01m[K/home/gin/ros/workspaces/final/src/tum_ics_ur10_controller_tutorial/include/tum_ics_ur10_controller_tutorial/jointspace_controller.h:203:16:[m[K [01;36m[Knote: [m[K  candidate expects 3 arguments, 2 provided
[01m[K/home/gin/ros/workspaces/final/src/tum_ics_ur10_controller_tutorial/src/jointspace_controller.cpp:635:47:[m[K [01;31m[Kerror: [m[Kno matching function for call to ‘[01m[Ktum_ics_ur_robot_lli::RobotControllers::JointSpaceController_1::distance_to_j_joint(Tum::Vector6d&, int)[m[K’
  635 |                       distance_to_j_joint(Q, 4[01;31m[K)[m[K.norm(),
      |                                               [01;31m[K^[m[K
In file included from [01m[K/home/gin/ros/workspaces/final/src/tum_ics_ur10_controller_tutorial/src/jointspace_controller.cpp:1[m[K:
[01m[K/home/gin/ros/workspaces/final/src/tum_ics_ur10_controller_tutorial/include/tum_ics_ur10_controller_tutorial/jointspace_controller.h:203:16:[m[K [01;36m[Knote: [m[Kcandidate: ‘[01m[KEigen::Vector3d tum_ics_ur_robot_lli::RobotControllers::JointSpaceController_1::distance_to_j_joint(Tum::Vector6d, int, int)[m[K’
  203 |       Vector3d [01;36m[Kdistance_to_j_joint[m[K(Vector6d Q, int j, int id);
      |                [01;36m[K^~~~~~~~~~~~~~~~~~~[m[K
[01m[K/home/gin/ros/workspaces/final/src/tum_ics_ur10_controller_tutorial/include/tum_ics_ur10_controller_tutorial/jointspace_controller.h:203:16:[m[K [01;36m[Knote: [m[K  candidate expects 3 arguments, 2 provided
[01m[K/home/gin/ros/workspaces/final/src/tum_ics_ur10_controller_tutorial/src/jointspace_controller.cpp:636:47:[m[K [01;31m[Kerror: [m[Kno matching function for call to ‘[01m[Ktum_ics_ur_robot_lli::RobotControllers::JointSpaceController_1::distance_to_j_joint(Tum::Vector6d&, int)[m[K’
  636 |                       distance_to_j_joint(Q, 5[01;31m[K)[m[K.norm();
      |                                               [01;31m[K^[m[K
In file included from [01m[K/home/gin/ros/workspaces/final/src/tum_ics_ur10_controller_tutorial/src/jointspace_controller.cpp:1[m[K:
[01m[K/home/gin/ros/workspaces/final/src/tum_ics_ur10_controller_tutorial/include/tum_ics_ur10_controller_tutorial/jointspace_controller.h:203:16:[m[K [01;36m[Knote: [m[Kcandidate: ‘[01m[KEigen::Vector3d tum_ics_ur_robot_lli::RobotControllers::JointSpaceController_1::distance_to_j_joint(Tum::Vector6d, int, int)[m[K’
  203 |       Vector3d [01;36m[Kdistance_to_j_joint[m[K(Vector6d Q, int j, int id);
      |                [01;36m[K^~~~~~~~~~~~~~~~~~~[m[K
[01m[K/home/gin/ros/workspaces/final/src/tum_ics_ur10_controller_tutorial/include/tum_ics_ur10_controller_tutorial/jointspace_controller.h:203:16:[m[K [01;36m[Knote: [m[K  candidate expects 3 arguments, 2 provided
[01m[K/home/gin/ros/workspaces/final/src/tum_ics_ur10_controller_tutorial/src/jointspace_controller.cpp:[m[K At global scope:
[01m[K/home/gin/ros/workspaces/final/src/tum_ics_ur10_controller_tutorial/src/jointspace_controller.cpp:780:27:[m[K [01;31m[Kerror: [m[Kno declaration matches ‘[01m[Kstd::vector<Eigen::Matrix<double, 3, 1> > tum_ics_ur_robot_lli::RobotControllers::JointSpaceController_1::distances_to_j_joint(Tum::Vector6d, int)[m[K’
  780 |     std::vector<Vector3d> [01;31m[KJointSpaceController_1[m[K::distances_to_j_joint(Vector6d Q, int j) {
      |                           [01;31m[K^~~~~~~~~~~~~~~~~~~~~~[m[K
[01m[K/home/gin/ros/workspaces/final/src/tum_ics_ur10_controller_tutorial/src/jointspace_controller.cpp:780:27:[m[K [01;36m[Knote: [m[Kno functions named ‘[01m[Kstd::vector<Eigen::Matrix<double, 3, 1> > tum_ics_ur_robot_lli::RobotControllers::JointSpaceController_1::distances_to_j_joint(Tum::Vector6d, int)[m[K’
In file included from [01m[K/home/gin/ros/workspaces/final/src/tum_ics_ur10_controller_tutorial/src/jointspace_controller.cpp:1[m[K:
[01m[K/home/gin/ros/workspaces/final/src/tum_ics_ur10_controller_tutorial/include/tum_ics_ur10_controller_tutorial/jointspace_controller.h:73:11:[m[K [01;36m[Knote: [m[K‘[01m[Kclass tum_ics_ur_robot_lli::RobotControllers::JointSpaceController_1[m[K’ defined here
   73 |     class [01;36m[KJointSpaceController_1[m[K : public ControlEffort
      |           [01;36m[K^~~~~~~~~~~~~~~~~~~~~~[m[K
make[2]: *** [CMakeFiles/ur10_control.dir/build.make:63: CMakeFiles/ur10_control.dir/src/jointspace_controller.cpp.o] Error 1
make[1]: *** [CMakeFiles/Makefile2:2045: CMakeFiles/ur10_control.dir/all] Error 2
make: *** [Makefile:141: all] Error 2
