[01m[K/home/gin/ros/workspaces/final/src/tum_ics_ur10_controller_tutorial/src/jointspace_controller.cpp:[m[K In member function ‘[01m[Kvirtual Tum::Vector6d tum_ics_ur_robot_lli::RobotControllers::JointSpaceController_1::update(const tum_ics_ur_robot_lli::RobotTime&, const tum_ics_ur_robot_lli::JointState&)[m[K’:
[01m[K/home/gin/ros/workspaces/final/src/tum_ics_ur10_controller_tutorial/src/jointspace_controller.cpp:299:14:[m[K [01;31m[Kerror: [m[Kredeclaration of ‘[01m[Kdouble L12[m[K’
  299 |       double [01;31m[KL12[m[K = L5-L12;
      |              [01;31m[K^~~[m[K
[01m[K/home/gin/ros/workspaces/final/src/tum_ics_ur10_controller_tutorial/src/jointspace_controller.cpp:298:14:[m[K [01;36m[Knote: [m[K‘[01m[Kdouble L12[m[K’ previously declared here
  298 |       double [01;36m[KL12[m[K = 0.157;
      |              [01;36m[K^~~[m[K
[01m[K/home/gin/ros/workspaces/final/src/tum_ics_ur10_controller_tutorial/src/jointspace_controller.cpp:302:53:[m[K [01;31m[Kerror: [m[K‘[01m[KL11[m[K’ was not declared in this scope; did you mean ‘[01m[KL12[m[K’?
  302 |       L << L1, L2, L3, L4, L5, L6, L7, L8, L9, L10, [01;31m[KL11[m[K, L12;
      |                                                     [01;31m[K^~~[m[K
      |                                                     [32m[KL12[m[K
[01m[K/home/gin/ros/workspaces/final/src/tum_ics_ur10_controller_tutorial/src/jointspace_controller.cpp:478:22:[m[K [01;31m[Kerror: [m[Kno match for call to ‘[01m[K(Eigen::Quaternionf {aka Eigen::Quaternion<float>}) (int)[m[K’
  478 |       double k0 = k(0[01;31m[K)[m[K;
      |                      [01;31m[K^[m[K
[01m[K/home/gin/ros/workspaces/final/src/tum_ics_ur10_controller_tutorial/src/jointspace_controller.cpp:479:22:[m[K [01;31m[Kerror: [m[Kno match for call to ‘[01m[K(Eigen::Quaternionf {aka Eigen::Quaternion<float>}) (int)[m[K’
  479 |       double k1 = k(1[01;31m[K)[m[K;
      |                      [01;31m[K^[m[K
[01m[K/home/gin/ros/workspaces/final/src/tum_ics_ur10_controller_tutorial/src/jointspace_controller.cpp:480:22:[m[K [01;31m[Kerror: [m[Kno match for call to ‘[01m[K(Eigen::Quaternionf {aka Eigen::Quaternion<float>}) (int)[m[K’
  480 |       double k2 = k(2[01;31m[K)[m[K;
      |                      [01;31m[K^[m[K
[01m[K/home/gin/ros/workspaces/final/src/tum_ics_ur10_controller_tutorial/src/jointspace_controller.cpp:481:22:[m[K [01;31m[Kerror: [m[Kno match for call to ‘[01m[K(Eigen::Quaternionf {aka Eigen::Quaternion<float>}) (int)[m[K’
  481 |       double k3 = k(3[01;31m[K)[m[K;
      |                      [01;31m[K^[m[K
[01m[K/home/gin/ros/workspaces/final/src/tum_ics_ur10_controller_tutorial/src/jointspace_controller.cpp:507:54:[m[K [01;31m[Kerror: [m[Kno matching function for call to ‘[01m[Ktum_ics_ur_robot_lli::RobotControllers::JointSpaceController_1::calc_Theta(Tum::Vector6d&, Tum::Vector6d&, Tum::Vector6d&)[m[K’
  507 |       VectorRegressor_1 Theta = calc_Theta(Q, Qp, Qpp[01;31m[K)[m[K;
      |                                                      [01;31m[K^[m[K
In file included from [01m[K/home/gin/ros/workspaces/final/src/tum_ics_ur10_controller_tutorial/src/jointspace_controller.cpp:1[m[K:
[01m[K/home/gin/ros/workspaces/final/src/tum_ics_ur10_controller_tutorial/include/tum_ics_ur10_controller_tutorial/jointspace_controller.h:87:25:[m[K [01;36m[Knote: [m[Kcandidate: ‘[01m[KTum::VectorRegressor_1 tum_ics_ur_robot_lli::RobotControllers::JointSpaceController_1::calc_Theta(Tum::Vector12d, Tum::Matrix6d, Tum::Vector6d, Eigen::Vector3d)[m[K’
   87 |       VectorRegressor_1 [01;36m[Kcalc_Theta[m[K(Vector12d L, Matrix6d I, Vector6d masses, Vector3d g);
      |                         [01;36m[K^~~~~~~~~~[m[K
[01m[K/home/gin/ros/workspaces/final/src/tum_ics_ur10_controller_tutorial/include/tum_ics_ur10_controller_tutorial/jointspace_controller.h:87:25:[m[K [01;36m[Knote: [m[K  candidate expects 4 arguments, 3 provided
[01m[K/home/gin/ros/workspaces/final/src/tum_ics_ur10_controller_tutorial/src/jointspace_controller.cpp:[m[K In member function ‘[01m[KTum::Matrix6d tum_ics_ur_robot_lli::RobotControllers::JointSpaceController_1::calc_M(Tum::Vector6d, Tum::Vector6d, Tum::Vector12d, Tum::Matrix6d, Tum::Vector6d)[m[K’:
[01m[K/home/gin/ros/workspaces/final/src/tum_ics_ur10_controller_tutorial/src/jointspace_controller.cpp:620:19:[m[K [01;31m[Kerror: [m[K‘[01m[Kg[m[K’ was not declared in this scope; did you mean ‘[01m[Kgx[m[K’?
  620 |       double gx = [01;31m[Kg[m[K(0);
      |                   [01;31m[K^[m[K
      |                   [32m[Kgx[m[K
[01m[K/home/gin/ros/workspaces/final/src/tum_ics_ur10_controller_tutorial/src/jointspace_controller.cpp:[m[K In member function ‘[01m[KTum::Matrix6d tum_ics_ur_robot_lli::RobotControllers::JointSpaceController_1::calc_C(Tum::Vector6d, Tum::Vector6d, Tum::Vector12d, Tum::Matrix6d, Tum::Vector6d)[m[K’:
[01m[K/home/gin/ros/workspaces/final/src/tum_ics_ur10_controller_tutorial/src/jointspace_controller.cpp:806:19:[m[K [01;31m[Kerror: [m[K‘[01m[Kg[m[K’ was not declared in this scope; did you mean ‘[01m[Kgx[m[K’?
  806 |       double gx = [01;31m[Kg[m[K(0);
      |                   [01;31m[K^[m[K
      |                   [32m[Kgx[m[K
[01m[K/home/gin/ros/workspaces/final/src/tum_ics_ur10_controller_tutorial/src/jointspace_controller.cpp:[m[K In function ‘[01m[KTum::VectorRegressor_1 tum_ics_ur_robot_lli::RobotControllers::calc_Theta(Tum::Vector12d, Tum::Matrix6d, Tum::Vector6d)[m[K’:
[01m[K/home/gin/ros/workspaces/final/src/tum_ics_ur10_controller_tutorial/src/jointspace_controller.cpp:1081:19:[m[K [01;31m[Kerror: [m[K‘[01m[Kg[m[K’ was not declared in this scope; did you mean ‘[01m[Kgx[m[K’?
 1081 |       double gx = [01;31m[Kg[m[K(0);
      |                   [01;31m[K^[m[K
      |                   [32m[Kgx[m[K
[01m[K/home/gin/ros/workspaces/final/src/tum_ics_ur10_controller_tutorial/src/jointspace_controller.cpp:[m[K In function ‘[01m[KEigen::Matrix4d tum_ics_ur_robot_lli::RobotControllers::FK(Tum::Vector6d, Tum::Vector12d)[m[K’:
[01m[K/home/gin/ros/workspaces/final/src/tum_ics_ur10_controller_tutorial/src/jointspace_controller.cpp:1180:61:[m[K [01;31m[Kerror: [m[K‘[01m[Kpi[m[K’ was not declared in this scope
 1180 |       ef <<  - cos(q6)*(sin(q1)*sin(q5) + cos(q5)*(cos(q4 + [01;31m[Kpi[m[K/2)*(cos(q1)*sin(q3)*sin(q2 - pi/2) - cos(q1)*cos(q3)*cos(q2 - pi/2)) + sin(q4 + pi/2)*(cos(q1)*cos(q3)*sin(q2 - pi/2) + cos(q1)*cos(q2 - pi/2)*sin(q3)))) - sin(q6)*(cos(q4 + pi/2)*(cos(q1)*cos(q3)*sin(q2 - pi/2) + cos(q1)*cos(q2 - pi/2)*sin(q3)) - sin(q4 + pi/2)*(cos(q1)*sin(q3)*sin(q2 - pi/2) - cos(q1)*cos(q3)*cos(q2 - pi/2))), sin(q6)*(sin(q1)*sin(q5) + cos(q5)*(cos(q4 + pi/2)*(cos(q1)*sin(q3)*sin(q2 - pi/2) - cos(q1)*cos(q3)*cos(q2 - pi/2)) + sin(q4 + pi/2)*(cos(q1)*cos(q3)*sin(q2 - pi/2) + cos(q1)*cos(q2 - pi/2)*sin(q3)))) - cos(q6)*(cos(q4 + pi/2)*(cos(q1)*cos(q3)*sin(q2 - pi/2) + cos(q1)*cos(q2 - pi/2)*sin(q3)) - sin(q4 + pi/2)*(cos(q1)*sin(q3)*sin(q2 - pi/2) - cos(q1)*cos(q3)*cos(q2 - pi/2))), sin(q5)*(cos(q4 + pi/2)*(cos(q1)*sin(q3)*sin(q2 - pi/2) - cos(q1)*cos(q3)*cos(q2 - pi/2)) + sin(q4 + pi/2)*(cos(q1)*cos(q3)*sin(q2 - pi/2) + cos(q1)*cos(q2 - pi/2)*sin(q3))) - cos(q5)*sin(q1), L12*(cos(q4 + pi/2)*(cos(q1)*cos(q3)*sin(q2 - pi/2) + cos(q1)*cos(q2 - pi/2)*sin(q3)) - sin(q4 + pi/2)*(cos(q1)*sin(q3)*sin(q2 - pi/2) - cos(q1)*cos(q3)*cos(q2 - pi/2))) - L4*(cos(q5)*sin(q1) - sin(q5)*(cos(q4 + pi/2)*(cos(q1)*sin(q3)*sin(q2 - pi/2) - cos(q1)*cos(q3)*cos(q2 - pi/2)) + sin(q4 + pi/2)*(cos(q1)*cos(q3)*sin(q2 - pi/2) + cos(q1)*cos(q2 - pi/2)*sin(q3)))) - L2*sin(q1) + L3*cos(q1)*cos(q2 - pi/2) + L11*cos(q1)*cos(q3)*cos(q2 - pi/2) - L11*cos(q1)*sin(q3)*sin(q2 - pi/2), - sin(q6)*(cos(q4 + pi/2)*(cos(q3)*sin(q1)*sin(q2 - pi/2) + cos(q2 - pi/2)*sin(q1)*sin(q3)) - sin(q4 + pi/2)*(sin(q1)*sin(q3)*sin(q2 - pi/2) - cos(q3)*cos(q2 - pi/2)*sin(q1))) - cos(q6)*(cos(q5)*(cos(q4 + pi/2)*(sin(q1)*sin(q3)*sin(q2 - pi/2) - cos(q3)*cos(q2 - pi/2)*sin(q1)) + sin(q4 + pi/2)*(cos(q3)*sin(q1)*sin(q2 - pi/2) + cos(q2 - pi/2)*sin(q1)*sin(q3))) - cos(q1)*sin(q5)), sin(q6)*(cos(q5)*(cos(q4 + pi/2)*(sin(q1)*sin(q3)*sin(q2 - pi/2) - cos(q3)*cos(q2 - pi/2)*sin(q1)) + sin(q4 + pi/2)*(cos(q3)*sin(q1)*sin(q2 - pi/2) + cos(q2 - pi/2)*sin(q1)*sin(q3))) - cos(q1)*sin(q5)) - cos(q6)*(cos(q4 + pi/2)*(cos(q3)*sin(q1)*sin(q2 - pi/2) + cos(q2 - pi/2)*sin(q1)*sin(q3)) - sin(q4 + pi/2)*(sin(q1)*sin(q3)*sin(q2 - pi/2) - cos(q3)*cos(q2 - pi/2)*sin(q1))), cos(q1)*cos(q5) + sin(q5)*(cos(q4 + pi/2)*(sin(q1)*sin(q3)*sin(q2 - pi/2) - cos(q3)*cos(q2 - pi/2)*sin(q1)) + sin(q4 + pi/2)*(cos(q3)*sin(q1)*sin(q2 - pi/2) + cos(q2 - pi/2)*sin(q1)*sin(q3))), L4*(cos(q1)*cos(q5) + sin(q5)*(cos(q4 + pi/2)*(sin(q1)*sin(q3)*sin(q2 - pi/2) - cos(q3)*cos(q2 - pi/2)*sin(q1)) + sin(q4 + pi/2)*(cos(q3)*sin(q1)*sin(q2 - pi/2) + cos(q2 - pi/2)*sin(q1)*sin(q3)))) + L2*cos(q1) + L12*(cos(q4 + pi/2)*(cos(q3)*sin(q1)*sin(q2 - pi/2) + cos(q2 - pi/2)*sin(q1)*sin(q3)) - sin(q4 + pi/2)*(sin(q1)*sin(q3)*sin(q2 - pi/2) - cos(q3)*cos(q2 - pi/2)*sin(q1))) + L3*cos(q2 - pi/2)*sin(q1) + L11*cos(q3)*cos(q2 - pi/2)*sin(q1) - L11*sin(q1)*sin(q3)*sin(q2 - pi/2), sin(q6)*(sin(q4 + pi/2)*(cos(q3)*sin(q2 - pi/2) + cos(q2 - pi/2)*sin(q3)) - cos(q4 + pi/2)*(cos(q3)*cos(q2 - pi/2) - sin(q3)*sin(q2 - pi/2))) - cos(q5)*cos(q6)*(sin(q4 + pi/2)*(cos(q3)*cos(q2 - pi/2) - sin(q3)*sin(q2 - pi/2)) + cos(q4 + pi/2)*(cos(q3)*sin(q2 - pi/2) + cos(q2 - pi/2)*sin(q3))), cos(q6)*(sin(q4 + pi/2)*(cos(q3)*sin(q2 - pi/2) + cos(q2 - pi/2)*sin(q3)) - cos(q4 + pi/2)*(cos(q3)*cos(q2 - pi/2) - sin(q3)*sin(q2 - pi/2))) + cos(q5)*sin(q6)*(sin(q4 + pi/2)*(cos(q3)*cos(q2 - pi/2) - sin(q3)*sin(q2 - pi/2)) + cos(q4 + pi/2)*(cos(q3)*sin(q2 - pi/2) + cos(q2 - pi/2)*sin(q3))), sin(q5)*(sin(q4 + pi/2)*(cos(q3)*cos(q2 - pi/2) - sin(q3)*sin(q2 - pi/2)) + cos(q4 + pi/2)*(cos(q3)*sin(q2 - pi/2) + cos(q2 - pi/2)*sin(q3))), L1 - L3*sin(q2 - pi/2) - L12*(sin(q4 + pi/2)*(cos(q3)*sin(q2 - pi/2) + cos(q2 - pi/2)*sin(q3)) - cos(q4 + pi/2)*(cos(q3)*cos(q2 - pi/2) - sin(q3)*sin(q2 - pi/2))) - L11*cos(q3)*sin(q2 - pi/2) - L11*cos(q2 - pi/2)*sin(q3) + L4*sin(q5)*(sin(q4 + pi/2)*(cos(q3)*cos(q2 - pi/2) - sin(q3)*sin(q2 - pi/2)) + cos(q4 + pi/2)*(cos(q3)*sin(q2 - pi/2) + cos(q2 - pi/2)*sin(q3))), 0, 0, 0, 1;
      |                                                             [01;31m[K^~[m[K
In file included from [01m[K/usr/include/eigen3/Eigen/Core:366[m[K,
                 from [01m[K/usr/include/eigen3/Eigen/Dense:1[m[K,
                 from [01m[K/usr/include/eigen3/Eigen/Eigen:1[m[K,
                 from [01m[K/usr/include/tumtools/Math/EigenDefs.h:5[m[K,
                 from [01m[K/opt/ros/noetic/include/tum_ics_ur_robot_lli/JointState.h:11[m[K,
                 from [01m[K/opt/ros/noetic/include/tum_ics_ur_robot_lli/RobotControllers/Controller.h:14[m[K,
                 from [01m[K/opt/ros/noetic/include/tum_ics_ur_robot_lli/RobotControllers/ControlEffort.h:4[m[K,
                 from [01m[K/home/gin/ros/workspaces/final/src/tum_ics_ur10_controller_tutorial/include/tum_ics_ur10_controller_tutorial/jointspace_controller.h:4[m[K,
                 from [01m[K/home/gin/ros/workspaces/final/src/tum_ics_ur10_controller_tutorial/src/jointspace_controller.cpp:1[m[K:
/usr/include/eigen3/Eigen/src/Core/GeneralProduct.h: In instantiation of ‘[01m[Kconst Eigen::Product<Derived, OtherDerived> Eigen::MatrixBase<Derived>::operator*(const Eigen::MatrixBase<OtherDerived>&) const [with OtherDerived = Eigen::Matrix<double, 4, 4>; Derived = Eigen::CwiseBinaryOp<Eigen::internal::scalar_product_op<double, double>, const Eigen::CwiseNullaryOp<Eigen::internal::scalar_constant_op<double>, const Eigen::Matrix<double, 4, 3, 1, 4, 3> >, const Eigen::Transpose<Eigen::Matrix<double, 3, 4> > >][m[K’:
[01m[K/home/gin/ros/workspaces/final/src/tum_ics_ur10_controller_tutorial/src/jointspace_controller.cpp:491:30:[m[K   required from here
[01m[K/usr/include/eigen3/Eigen/src/Core/GeneralProduct.h:410:3:[m[K [01;31m[Kerror: [m[Kstatic assertion failed: INVALID_MATRIX_PRODUCT
  410 |   [01;31m[KEIGEN_STATIC_ASSERT[m[K(ProductIsValid || SameSizes, INVALID_MATRIX_PRODUCT)
      |   [01;31m[K^~~~~~~~~~~~~~~~~~~[m[K
/usr/include/eigen3/Eigen/src/Geometry/Quaternion.h: In instantiation of ‘[01m[KDerived& Eigen::QuaternionBase<Derived>::operator=(const Eigen::MatrixBase<OtherDerived>&) [with OtherDerived = Eigen::Product<Eigen::CwiseBinaryOp<Eigen::internal::scalar_product_op<double, double>, const Eigen::CwiseNullaryOp<Eigen::internal::scalar_constant_op<double>, const Eigen::Matrix<double, 4, 3, 1, 4, 3> >, const Eigen::Transpose<Eigen::Matrix<double, 3, 4> > >, Eigen::Matrix<double, 4, 4>, 0>; Derived = Eigen::Quaternion<float>][m[K’:
[01m[K/home/gin/ros/workspaces/final/src/tum_ics_ur10_controller_tutorial/src/jointspace_controller.cpp:491:30:[m[K   required from here
[01m[K/usr/include/eigen3/Eigen/src/Geometry/Quaternion.h:528:3:[m[K [01;31m[Kerror: [m[Kstatic assertion failed: YOU_MIXED_DIFFERENT_NUMERIC_TYPES__YOU_NEED_TO_USE_THE_CAST_METHOD_OF_MATRIXBASE_TO_CAST_NUMERIC_TYPES_EXPLICITLY
  528 |   [01;31m[KEIGEN_STATIC_ASSERT[m[K((internal::is_same<typename Derived::Scalar, typename MatrixDerived::Scalar>::value),
      |   [01;31m[K^~~~~~~~~~~~~~~~~~~[m[K
In file included from [01m[K/usr/include/eigen3/Eigen/Geometry:42[m[K,
                 from [01m[K/usr/include/eigen3/Eigen/Dense:6[m[K,
                 from [01m[K/usr/include/eigen3/Eigen/Eigen:1[m[K,
                 from [01m[K/usr/include/tumtools/Math/EigenDefs.h:5[m[K,
                 from [01m[K/opt/ros/noetic/include/tum_ics_ur_robot_lli/JointState.h:11[m[K,
                 from [01m[K/opt/ros/noetic/include/tum_ics_ur_robot_lli/RobotControllers/Controller.h:14[m[K,
                 from [01m[K/opt/ros/noetic/include/tum_ics_ur_robot_lli/RobotControllers/ControlEffort.h:4[m[K,
                 from [01m[K/home/gin/ros/workspaces/final/src/tum_ics_ur10_controller_tutorial/include/tum_ics_ur10_controller_tutorial/jointspace_controller.h:4[m[K,
                 from [01m[K/home/gin/ros/workspaces/final/src/tum_ics_ur10_controller_tutorial/src/jointspace_controller.cpp:1[m[K:
[01m[K/usr/include/eigen3/Eigen/src/Geometry/Quaternion.h:530:59:[m[K [01;31m[Kerror: [m[Kincomplete type ‘[01m[KEigen::internal::quaternionbase_assign_impl<Eigen::Product<Eigen::CwiseBinaryOp<Eigen::internal::scalar_product_op<double, double>, const Eigen::CwiseNullaryOp<Eigen::internal::scalar_constant_op<double>, const Eigen::Matrix<double, 4, 3, 1, 4, 3> >, const Eigen::Transpose<Eigen::Matrix<double, 3, 4> > >, Eigen::Matrix<double, 4, 4>, 0>, 4, 4>[m[K’ used in nested name specifier
  530 |   [01;31m[Kinternal::quaternionbase_assign_impl<MatrixDerived>::run(*this, xpr.derived())[m[K;
      |   [01;31m[K~~~~~~~~~~~~~~~~~~~~~~~~~~~~~~~~~~~~~~~~~~~~~~~~~~~~~~~~^~~~~~~~~~~~~~~~~~~~~~[m[K
In file included from [01m[K/usr/include/eigen3/Eigen/Core:366[m[K,
                 from [01m[K/usr/include/eigen3/Eigen/Dense:1[m[K,
                 from [01m[K/usr/include/eigen3/Eigen/Eigen:1[m[K,
                 from [01m[K/usr/include/tumtools/Math/EigenDefs.h:5[m[K,
                 from [01m[K/opt/ros/noetic/include/tum_ics_ur_robot_lli/JointState.h:11[m[K,
                 from [01m[K/opt/ros/noetic/include/tum_ics_ur_robot_lli/RobotControllers/Controller.h:14[m[K,
                 from [01m[K/opt/ros/noetic/include/tum_ics_ur_robot_lli/RobotControllers/ControlEffort.h:4[m[K,
                 from [01m[K/home/gin/ros/workspaces/final/src/tum_ics_ur10_controller_tutorial/include/tum_ics_ur10_controller_tutorial/jointspace_controller.h:4[m[K,
                 from [01m[K/home/gin/ros/workspaces/final/src/tum_ics_ur10_controller_tutorial/src/jointspace_controller.cpp:1[m[K:
/usr/include/eigen3/Eigen/src/Core/GeneralProduct.h: In instantiation of ‘[01m[Kconst Eigen::Product<Derived, OtherDerived> Eigen::MatrixBase<Derived>::operator*(const Eigen::MatrixBase<OtherDerived>&) const [with OtherDerived = Eigen::Matrix<double, 3, 1>; Derived = Eigen::Matrix<double, 6, 6>][m[K’:
[01m[K/home/gin/ros/workspaces/final/src/tum_ics_ur10_controller_tutorial/src/jointspace_controller.cpp:502:32:[m[K   required from here
[01m[K/usr/include/eigen3/Eigen/src/Core/GeneralProduct.h:410:3:[m[K [01;31m[Kerror: [m[Kstatic assertion failed: INVALID_MATRIX_PRODUCT
  410 |   [01;31m[KEIGEN_STATIC_ASSERT[m[K(ProductIsValid || SameSizes, INVALID_MATRIX_PRODUCT)
      |   [01;31m[K^~~~~~~~~~~~~~~~~~~[m[K
/usr/include/eigen3/Eigen/src/Core/GeneralProduct.h: In instantiation of ‘[01m[Kconst Eigen::Product<Derived, OtherDerived> Eigen::MatrixBase<Derived>::operator*(const Eigen::MatrixBase<OtherDerived>&) const [with OtherDerived = Eigen::Matrix<double, 81, 1>; Derived = Eigen::Matrix<double, 6, 144>][m[K’:
[01m[K/home/gin/ros/workspaces/final/src/tum_ics_ur10_controller_tutorial/src/jointspace_controller.cpp:511:28:[m[K   required from here
[01m[K/usr/include/eigen3/Eigen/src/Core/GeneralProduct.h:410:3:[m[K [01;31m[Kerror: [m[Kstatic assertion failed: INVALID_MATRIX_PRODUCT
/usr/include/eigen3/Eigen/src/Geometry/Quaternion.h: In instantiation of ‘[01m[KDerived& Eigen::QuaternionBase<Derived>::operator=(const Eigen::MatrixBase<OtherDerived>&) [with OtherDerived = Eigen::Block<Eigen::Matrix<double, 4, 4>, -1, -1, false>; Derived = Eigen::Quaternion<float>][m[K’:
[01m[K/usr/include/eigen3/Eigen/src/Geometry/Quaternion.h:275:90:[m[K   required from ‘[01m[KEigen::Quaternion<Scalar, Options>::Quaternion(const Eigen::MatrixBase<OtherDerived>&) [with Derived = Eigen::Block<Eigen::Matrix<double, 4, 4>, -1, -1, false>; _Scalar = float; int _Options = 0][m[K’
[01m[K/home/gin/ros/workspaces/final/src/tum_ics_ur10_controller_tutorial/src/jointspace_controller.cpp:466:43:[m[K   required from here
[01m[K/usr/include/eigen3/Eigen/src/Geometry/Quaternion.h:528:3:[m[K [01;31m[Kerror: [m[Kstatic assertion failed: YOU_MIXED_DIFFERENT_NUMERIC_TYPES__YOU_NEED_TO_USE_THE_CAST_METHOD_OF_MATRIXBASE_TO_CAST_NUMERIC_TYPES_EXPLICITLY
  528 |   [01;31m[KEIGEN_STATIC_ASSERT[m[K((internal::is_same<typename Derived::Scalar, typename MatrixDerived::Scalar>::value),
      |   [01;31m[K^~~~~~~~~~~~~~~~~~~[m[K
In file included from [01m[K/usr/include/eigen3/Eigen/Geometry:42[m[K,
                 from [01m[K/usr/include/eigen3/Eigen/Dense:6[m[K,
                 from [01m[K/usr/include/eigen3/Eigen/Eigen:1[m[K,
                 from [01m[K/usr/include/tumtools/Math/EigenDefs.h:5[m[K,
                 from [01m[K/opt/ros/noetic/include/tum_ics_ur_robot_lli/JointState.h:11[m[K,
                 from [01m[K/opt/ros/noetic/include/tum_ics_ur_robot_lli/RobotControllers/Controller.h:14[m[K,
                 from [01m[K/opt/ros/noetic/include/tum_ics_ur_robot_lli/RobotControllers/ControlEffort.h:4[m[K,
                 from [01m[K/home/gin/ros/workspaces/final/src/tum_ics_ur10_controller_tutorial/include/tum_ics_ur10_controller_tutorial/jointspace_controller.h:4[m[K,
                 from [01m[K/home/gin/ros/workspaces/final/src/tum_ics_ur10_controller_tutorial/src/jointspace_controller.cpp:1[m[K:
[01m[K/usr/include/eigen3/Eigen/src/Geometry/Quaternion.h:530:59:[m[K [01;31m[Kerror: [m[Kincomplete type ‘[01m[KEigen::internal::quaternionbase_assign_impl<Eigen::Block<Eigen::Matrix<double, 4, 4>, -1, -1, false>, -1, -1>[m[K’ used in nested name specifier
  530 |   [01;31m[Kinternal::quaternionbase_assign_impl<MatrixDerived>::run(*this, xpr.derived())[m[K;
      |   [01;31m[K~~~~~~~~~~~~~~~~~~~~~~~~~~~~~~~~~~~~~~~~~~~~~~~~~~~~~~~~^~~~~~~~~~~~~~~~~~~~~~[m[K
In file included from [01m[K/usr/include/eigen3/Eigen/Core:366[m[K,
                 from [01m[K/usr/include/eigen3/Eigen/Dense:1[m[K,
                 from [01m[K/usr/include/eigen3/Eigen/Eigen:1[m[K,
                 from [01m[K/usr/include/tumtools/Math/EigenDefs.h:5[m[K,
                 from [01m[K/opt/ros/noetic/include/tum_ics_ur_robot_lli/JointState.h:11[m[K,
                 from [01m[K/opt/ros/noetic/include/tum_ics_ur_robot_lli/RobotControllers/Controller.h:14[m[K,
                 from [01m[K/opt/ros/noetic/include/tum_ics_ur_robot_lli/RobotControllers/ControlEffort.h:4[m[K,
                 from [01m[K/home/gin/ros/workspaces/final/src/tum_ics_ur10_controller_tutorial/include/tum_ics_ur10_controller_tutorial/jointspace_controller.h:4[m[K,
                 from [01m[K/home/gin/ros/workspaces/final/src/tum_ics_ur10_controller_tutorial/src/jointspace_controller.cpp:1[m[K:
/usr/include/eigen3/Eigen/src/Core/CwiseBinaryOp.h: In instantiation of ‘[01m[KEigen::CwiseBinaryOp<BinaryOp, Lhs, Rhs>::CwiseBinaryOp(const Lhs&, const Rhs&, const BinaryOp&) [with BinaryOp = Eigen::internal::scalar_difference_op<double, double>; LhsType = const Eigen::Matrix<double, 7, 1>; RhsType = const Eigen::Product<Eigen::Matrix<double, 6, 6>, Eigen::Matrix<double, 3, 1>, 0>; Eigen::CwiseBinaryOp<BinaryOp, Lhs, Rhs>::Lhs = Eigen::Matrix<double, 7, 1>; Eigen::CwiseBinaryOp<BinaryOp, Lhs, Rhs>::Rhs = Eigen::Product<Eigen::Matrix<double, 6, 6>, Eigen::Matrix<double, 3, 1>, 0>][m[K’:
[01m[K/usr/include/eigen3/Eigen/src/plugins/CommonCwiseBinaryOps.h:19:1:[m[K   required from ‘[01m[Kconst Eigen::CwiseBinaryOp<Eigen::internal::scalar_difference_op<typename Eigen::internal::traits<T>::Scalar, typename Eigen::internal::traits<OtherDerived>::Scalar>, const Derived, const OtherDerived> Eigen::MatrixBase<Derived>::operator-(const Eigen::MatrixBase<OtherDerived>&) const [with OtherDerived = Eigen::Product<Eigen::Matrix<double, 6, 6>, Eigen::Matrix<double, 3, 1>, 0>; Derived = Eigen::Matrix<double, 7, 1>; typename Eigen::internal::traits<OtherDerived>::Scalar = double; typename Eigen::internal::traits<T>::Scalar = double][m[K’
[01m[K/home/gin/ros/workspaces/final/src/tum_ics_ur10_controller_tutorial/src/jointspace_controller.cpp:502:32:[m[K   required from here
[01m[K/usr/include/eigen3/Eigen/src/Core/CwiseBinaryOp.h:109:7:[m[K [01;31m[Kerror: [m[Kstatic assertion failed: YOU_MIXED_MATRICES_OF_DIFFERENT_SIZES
  109 |       [01;31m[KEIGEN_STATIC_ASSERT_SAME_MATRIX_SIZE[m[K(Lhs, Rhs)
      |       [01;31m[K^~~~~~~~~~~~~~~~~~~~~~~~~~~~~~~~~~~~[m[K
/usr/include/eigen3/Eigen/src/Core/CwiseBinaryOp.h: In instantiation of ‘[01m[KEigen::CwiseBinaryOp<BinaryOp, Lhs, Rhs>::CwiseBinaryOp(const Lhs&, const Rhs&, const BinaryOp&) [with BinaryOp = Eigen::internal::scalar_difference_op<double, double>; LhsType = const Eigen::Matrix<double, 7, 1>; RhsType = const Eigen::Matrix<double, 6, 1>; Eigen::CwiseBinaryOp<BinaryOp, Lhs, Rhs>::Lhs = Eigen::Matrix<double, 7, 1>; Eigen::CwiseBinaryOp<BinaryOp, Lhs, Rhs>::Rhs = Eigen::Matrix<double, 6, 1>][m[K’:
[01m[K/usr/include/eigen3/Eigen/src/plugins/CommonCwiseBinaryOps.h:19:1:[m[K   required from ‘[01m[Kconst Eigen::CwiseBinaryOp<Eigen::internal::scalar_difference_op<typename Eigen::internal::traits<T>::Scalar, typename Eigen::internal::traits<OtherDerived>::Scalar>, const Derived, const OtherDerived> Eigen::MatrixBase<Derived>::operator-(const Eigen::MatrixBase<OtherDerived>&) const [with OtherDerived = Eigen::Matrix<double, 6, 1>; Derived = Eigen::Matrix<double, 7, 1>; typename Eigen::internal::traits<OtherDerived>::Scalar = double; typename Eigen::internal::traits<T>::Scalar = double][m[K’
[01m[K/home/gin/ros/workspaces/final/src/tum_ics_ur10_controller_tutorial/src/jointspace_controller.cpp:510:26:[m[K   required from here
[01m[K/usr/include/eigen3/Eigen/src/Core/CwiseBinaryOp.h:109:7:[m[K [01;31m[Kerror: [m[Kstatic assertion failed: YOU_MIXED_MATRICES_OF_DIFFERENT_SIZES
/usr/include/eigen3/Eigen/src/Core/AssignEvaluator.h: In instantiation of ‘[01m[Kvoid Eigen::internal::call_assignment_no_alias(Dst&, const Src&, const Func&) [with Dst = Eigen::Matrix<double, 4, 4>; Src = Eigen::Matrix<double, 6, 1>; Func = Eigen::internal::assign_op<double, double>][m[K’:
[01m[K/usr/include/eigen3/Eigen/src/Core/PlainObjectBase.h:732:41:[m[K   required from ‘[01m[KDerived& Eigen::PlainObjectBase<Derived>::_set_noalias(const Eigen::DenseBase<OtherDerived>&) [with OtherDerived = Eigen::Matrix<double, 6, 1>; Derived = Eigen::Matrix<double, 4, 4>][m[K’
[01m[K/usr/include/eigen3/Eigen/src/Core/PlainObjectBase.h:537:7:[m[K   required from ‘[01m[KEigen::PlainObjectBase<Derived>::PlainObjectBase(const Eigen::DenseBase<OtherDerived>&) [with OtherDerived = Eigen::Matrix<double, 6, 1>; Derived = Eigen::Matrix<double, 4, 4>][m[K’
[01m[K/usr/include/eigen3/Eigen/src/Core/Matrix.h:377:29:[m[K   required from ‘[01m[KEigen::Matrix<_Scalar, _Rows, _Cols, _Options, _MaxRows, _MaxCols>::Matrix(const Eigen::EigenBase<OtherDerived>&) [with OtherDerived = Eigen::Matrix<double, 6, 1>; _Scalar = double; int _Rows = 4; int _Cols = 4; int _Options = 0; int _MaxRows = 4; int _MaxCols = 4][m[K’
[01m[K/home/gin/ros/workspaces/final/src/tum_ics_ur10_controller_tutorial/src/jointspace_controller.cpp:462:28:[m[K   required from here
[01m[K/usr/include/eigen3/Eigen/src/Core/AssignEvaluator.h:833:3:[m[K [01;31m[Kerror: [m[Kstatic assertion failed: YOU_MIXED_MATRICES_OF_DIFFERENT_SIZES
  833 |   [01;31m[KEIGEN_STATIC_ASSERT_SAME_MATRIX_SIZE[m[K(ActualDstTypeCleaned,Src)
      |   [01;31m[K^~~~~~~~~~~~~~~~~~~~~~~~~~~~~~~~~~~~[m[K
/usr/include/eigen3/Eigen/src/Core/AssignEvaluator.h: In instantiation of ‘[01m[Kvoid Eigen::internal::call_assignment_no_alias(Dst&, const Src&, const Func&) [with Dst = Eigen::Matrix<double, 4, 4>; Src = Eigen::Product<Eigen::Block<Eigen::Matrix<double, 6, 6>, -1, 6, false>, Eigen::Matrix<double, 6, 1>, 0>; Func = Eigen::internal::assign_op<double, double>][m[K’:
[01m[K/usr/include/eigen3/Eigen/src/Core/PlainObjectBase.h:732:41:[m[K   required from ‘[01m[KDerived& Eigen::PlainObjectBase<Derived>::_set_noalias(const Eigen::DenseBase<OtherDerived>&) [with OtherDerived = Eigen::Product<Eigen::Block<Eigen::Matrix<double, 6, 6>, -1, 6, false>, Eigen::Matrix<double, 6, 1>, 0>; Derived = Eigen::Matrix<double, 4, 4>][m[K’
[01m[K/usr/include/eigen3/Eigen/src/Core/PlainObjectBase.h:537:7:[m[K   required from ‘[01m[KEigen::PlainObjectBase<Derived>::PlainObjectBase(const Eigen::DenseBase<OtherDerived>&) [with OtherDerived = Eigen::Product<Eigen::Block<Eigen::Matrix<double, 6, 6>, -1, 6, false>, Eigen::Matrix<double, 6, 1>, 0>; Derived = Eigen::Matrix<double, 4, 4>][m[K’
[01m[K/usr/include/eigen3/Eigen/src/Core/Matrix.h:377:29:[m[K   required from ‘[01m[KEigen::Matrix<_Scalar, _Rows, _Cols, _Options, _MaxRows, _MaxCols>::Matrix(const Eigen::EigenBase<OtherDerived>&) [with OtherDerived = Eigen::Product<Eigen::Block<Eigen::Matrix<double, 6, 6>, -1, 6, false>, Eigen::Matrix<double, 6, 1>, 0>; _Scalar = double; int _Rows = 4; int _Cols = 4; int _Options = 0; int _MaxRows = 4; int _MaxCols = 4][m[K’
[01m[K/home/gin/ros/workspaces/final/src/tum_ics_ur10_controller_tutorial/src/jointspace_controller.cpp:474:38:[m[K   required from here
[01m[K/usr/include/eigen3/Eigen/src/Core/AssignEvaluator.h:833:3:[m[K [01;31m[Kerror: [m[Kstatic assertion failed: YOU_MIXED_MATRICES_OF_DIFFERENT_SIZES
/usr/include/eigen3/Eigen/src/Core/AssignEvaluator.h: In instantiation of ‘[01m[Kvoid Eigen::internal::call_assignment_no_alias(Dst&, const Src&, const Func&) [with Dst = Eigen::Matrix<double, 3, 1>; Src = Eigen::CwiseBinaryOp<Eigen::internal::scalar_difference_op<double, double>, const Eigen::Matrix<double, 7, 1>, const Eigen::Matrix<double, 7, 1> >; Func = Eigen::internal::assign_op<double, double>][m[K’:
[01m[K/usr/include/eigen3/Eigen/src/Core/PlainObjectBase.h:732:41:[m[K   required from ‘[01m[KDerived& Eigen::PlainObjectBase<Derived>::_set_noalias(const Eigen::DenseBase<OtherDerived>&) [with OtherDerived = Eigen::CwiseBinaryOp<Eigen::internal::scalar_difference_op<double, double>, const Eigen::Matrix<double, 7, 1>, const Eigen::Matrix<double, 7, 1> >; Derived = Eigen::Matrix<double, 3, 1>][m[K’
[01m[K/usr/include/eigen3/Eigen/src/Core/PlainObjectBase.h:537:7:[m[K   required from ‘[01m[KEigen::PlainObjectBase<Derived>::PlainObjectBase(const Eigen::DenseBase<OtherDerived>&) [with OtherDerived = Eigen::CwiseBinaryOp<Eigen::internal::scalar_difference_op<double, double>, const Eigen::Matrix<double, 7, 1>, const Eigen::Matrix<double, 7, 1> >; Derived = Eigen::Matrix<double, 3, 1>][m[K’
[01m[K/usr/include/eigen3/Eigen/src/Core/Matrix.h:377:29:[m[K   required from ‘[01m[KEigen::Matrix<_Scalar, _Rows, _Cols, _Options, _MaxRows, _MaxCols>::Matrix(const Eigen::EigenBase<OtherDerived>&) [with OtherDerived = Eigen::CwiseBinaryOp<Eigen::internal::scalar_difference_op<double, double>, const Eigen::Matrix<double, 7, 1>, const Eigen::Matrix<double, 7, 1> >; _Scalar = double; int _Rows = 3; int _Cols = 1; int _Options = 0; int _MaxRows = 3; int _MaxCols = 1][m[K’
[01m[K/home/gin/ros/workspaces/final/src/tum_ics_ur10_controller_tutorial/src/jointspace_controller.cpp:498:29:[m[K   required from here
[01m[K/usr/include/eigen3/Eigen/src/Core/AssignEvaluator.h:833:3:[m[K [01;31m[Kerror: [m[Kstatic assertion failed: YOU_MIXED_MATRICES_OF_DIFFERENT_SIZES
/usr/include/eigen3/Eigen/src/Core/AssignEvaluator.h: In instantiation of ‘[01m[Kvoid Eigen::internal::call_assignment_no_alias(Dst&, const Src&, const Func&) [with Dst = Eigen::Matrix<double, 6, 1>; Src = Eigen::CwiseBinaryOp<Eigen::internal::scalar_difference_op<double, double>, const Eigen::Matrix<double, 7, 1>, const Eigen::Product<Eigen::Matrix<double, 6, 6>, Eigen::Matrix<double, 3, 1>, 0> >; Func = Eigen::internal::assign_op<double, double>][m[K’:
[01m[K/usr/include/eigen3/Eigen/src/Core/PlainObjectBase.h:732:41:[m[K   required from ‘[01m[KDerived& Eigen::PlainObjectBase<Derived>::_set_noalias(const Eigen::DenseBase<OtherDerived>&) [with OtherDerived = Eigen::CwiseBinaryOp<Eigen::internal::scalar_difference_op<double, double>, const Eigen::Matrix<double, 7, 1>, const Eigen::Product<Eigen::Matrix<double, 6, 6>, Eigen::Matrix<double, 3, 1>, 0> >; Derived = Eigen::Matrix<double, 6, 1>][m[K’
[01m[K/usr/include/eigen3/Eigen/src/Core/PlainObjectBase.h:537:7:[m[K   required from ‘[01m[KEigen::PlainObjectBase<Derived>::PlainObjectBase(const Eigen::DenseBase<OtherDerived>&) [with OtherDerived = Eigen::CwiseBinaryOp<Eigen::internal::scalar_difference_op<double, double>, const Eigen::Matrix<double, 7, 1>, const Eigen::Product<Eigen::Matrix<double, 6, 6>, Eigen::Matrix<double, 3, 1>, 0> >; Derived = Eigen::Matrix<double, 6, 1>][m[K’
[01m[K/usr/include/eigen3/Eigen/src/Core/Matrix.h:377:29:[m[K   required from ‘[01m[KEigen::Matrix<_Scalar, _Rows, _Cols, _Options, _MaxRows, _MaxCols>::Matrix(const Eigen::EigenBase<OtherDerived>&) [with OtherDerived = Eigen::CwiseBinaryOp<Eigen::internal::scalar_difference_op<double, double>, const Eigen::Matrix<double, 7, 1>, const Eigen::Product<Eigen::Matrix<double, 6, 6>, Eigen::Matrix<double, 3, 1>, 0> >; _Scalar = double; int _Rows = 6; int _Cols = 1; int _Options = 0; int _MaxRows = 6; int _MaxCols = 1][m[K’
[01m[K/home/gin/ros/workspaces/final/src/tum_ics_ur10_controller_tutorial/src/jointspace_controller.cpp:502:32:[m[K   required from here
[01m[K/usr/include/eigen3/Eigen/src/Core/AssignEvaluator.h:833:3:[m[K [01;31m[Kerror: [m[Kstatic assertion failed: YOU_MIXED_MATRICES_OF_DIFFERENT_SIZES
/usr/include/eigen3/Eigen/src/Core/AssignEvaluator.h: In instantiation of ‘[01m[Kvoid Eigen::internal::call_assignment_no_alias(Dst&, const Src&, const Func&) [with Dst = Eigen::Matrix<double, 6, 1>; Src = Eigen::Matrix<double, 12, 1>; Func = Eigen::internal::assign_op<double, double>][m[K’:
[01m[K/usr/include/eigen3/Eigen/src/Core/PlainObjectBase.h:732:41:[m[K   required from ‘[01m[KDerived& Eigen::PlainObjectBase<Derived>::_set_noalias(const Eigen::DenseBase<OtherDerived>&) [with OtherDerived = Eigen::Matrix<double, 12, 1>; Derived = Eigen::Matrix<double, 6, 1>][m[K’
[01m[K/usr/include/eigen3/Eigen/src/Core/PlainObjectBase.h:537:7:[m[K   required from ‘[01m[KEigen::PlainObjectBase<Derived>::PlainObjectBase(const Eigen::DenseBase<OtherDerived>&) [with OtherDerived = Eigen::Matrix<double, 12, 1>; Derived = Eigen::Matrix<double, 6, 1>][m[K’
[01m[K/usr/include/eigen3/Eigen/src/Core/Matrix.h:377:29:[m[K   required from ‘[01m[KEigen::Matrix<_Scalar, _Rows, _Cols, _Options, _MaxRows, _MaxCols>::Matrix(const Eigen::EigenBase<OtherDerived>&) [with OtherDerived = Eigen::Matrix<double, 12, 1>; _Scalar = double; int _Rows = 6; int _Cols = 1; int _Options = 0; int _MaxRows = 6; int _MaxCols = 1][m[K’
[01m[K/home/gin/ros/workspaces/final/src/tum_ics_ur10_controller_tutorial/src/jointspace_controller.cpp:506:50:[m[K   required from here
[01m[K/usr/include/eigen3/Eigen/src/Core/AssignEvaluator.h:833:3:[m[K [01;31m[Kerror: [m[Kstatic assertion failed: YOU_MIXED_MATRICES_OF_DIFFERENT_SIZES
/usr/include/eigen3/Eigen/src/Core/AssignEvaluator.h: In instantiation of ‘[01m[Kvoid Eigen::internal::call_assignment_no_alias(Dst&, const Src&, const Func&) [with Dst = Eigen::Matrix<double, 6, 1>; Src = Eigen::Matrix<double, 6, 6>; Func = Eigen::internal::assign_op<double, double>][m[K’:
[01m[K/usr/include/eigen3/Eigen/src/Core/PlainObjectBase.h:732:41:[m[K   required from ‘[01m[KDerived& Eigen::PlainObjectBase<Derived>::_set_noalias(const Eigen::DenseBase<OtherDerived>&) [with OtherDerived = Eigen::Matrix<double, 6, 6>; Derived = Eigen::Matrix<double, 6, 1>][m[K’
[01m[K/usr/include/eigen3/Eigen/src/Core/PlainObjectBase.h:537:7:[m[K   required from ‘[01m[KEigen::PlainObjectBase<Derived>::PlainObjectBase(const Eigen::DenseBase<OtherDerived>&) [with OtherDerived = Eigen::Matrix<double, 6, 6>; Derived = Eigen::Matrix<double, 6, 1>][m[K’
[01m[K/usr/include/eigen3/Eigen/src/Core/Matrix.h:377:29:[m[K   required from ‘[01m[KEigen::Matrix<_Scalar, _Rows, _Cols, _Options, _MaxRows, _MaxCols>::Matrix(const Eigen::EigenBase<OtherDerived>&) [with OtherDerived = Eigen::Matrix<double, 6, 6>; _Scalar = double; int _Rows = 6; int _Cols = 1; int _Options = 0; int _MaxRows = 6; int _MaxCols = 1][m[K’
[01m[K/home/gin/ros/workspaces/final/src/tum_ics_ur10_controller_tutorial/src/jointspace_controller.cpp:506:50:[m[K   required from here
[01m[K/usr/include/eigen3/Eigen/src/Core/AssignEvaluator.h:833:3:[m[K [01;31m[Kerror: [m[Kstatic assertion failed: YOU_MIXED_MATRICES_OF_DIFFERENT_SIZES
/usr/include/eigen3/Eigen/src/Core/AssignEvaluator.h: In instantiation of ‘[01m[Kvoid Eigen::internal::call_assignment_no_alias(Dst&, const Src&, const Func&) [with Dst = Eigen::Matrix<double, 6, 1>; Src = Eigen::CwiseBinaryOp<Eigen::internal::scalar_difference_op<double, double>, const Eigen::Matrix<double, 7, 1>, const Eigen::Matrix<double, 6, 1> >; Func = Eigen::internal::assign_op<double, double>][m[K’:
[01m[K/usr/include/eigen3/Eigen/src/Core/PlainObjectBase.h:732:41:[m[K   required from ‘[01m[KDerived& Eigen::PlainObjectBase<Derived>::_set_noalias(const Eigen::DenseBase<OtherDerived>&) [with OtherDerived = Eigen::CwiseBinaryOp<Eigen::internal::scalar_difference_op<double, double>, const Eigen::Matrix<double, 7, 1>, const Eigen::Matrix<double, 6, 1> >; Derived = Eigen::Matrix<double, 6, 1>][m[K’
[01m[K/usr/include/eigen3/Eigen/src/Core/PlainObjectBase.h:537:7:[m[K   required from ‘[01m[KEigen::PlainObjectBase<Derived>::PlainObjectBase(const Eigen::DenseBase<OtherDerived>&) [with OtherDerived = Eigen::CwiseBinaryOp<Eigen::internal::scalar_difference_op<double, double>, const Eigen::Matrix<double, 7, 1>, const Eigen::Matrix<double, 6, 1> >; Derived = Eigen::Matrix<double, 6, 1>][m[K’
[01m[K/usr/include/eigen3/Eigen/src/Core/Matrix.h:377:29:[m[K   required from ‘[01m[KEigen::Matrix<_Scalar, _Rows, _Cols, _Options, _MaxRows, _MaxCols>::Matrix(const Eigen::EigenBase<OtherDerived>&) [with OtherDerived = Eigen::CwiseBinaryOp<Eigen::internal::scalar_difference_op<double, double>, const Eigen::Matrix<double, 7, 1>, const Eigen::Matrix<double, 6, 1> >; _Scalar = double; int _Rows = 6; int _Cols = 1; int _Options = 0; int _MaxRows = 6; int _MaxCols = 1][m[K’
[01m[K/home/gin/ros/workspaces/final/src/tum_ics_ur10_controller_tutorial/src/jointspace_controller.cpp:510:26:[m[K   required from here
[01m[K/usr/include/eigen3/Eigen/src/Core/AssignEvaluator.h:833:3:[m[K [01;31m[Kerror: [m[Kstatic assertion failed: YOU_MIXED_MATRICES_OF_DIFFERENT_SIZES
/usr/include/eigen3/Eigen/src/Core/GeneralProduct.h: In instantiation of ‘[01m[Kconst Eigen::Product<Derived, OtherDerived, 1> Eigen::MatrixBase<Derived>::lazyProduct(const Eigen::MatrixBase<OtherDerived>&) const [with OtherDerived = Eigen::Matrix<double, 81, 1>; Derived = Eigen::Matrix<double, 6, 144>][m[K’:
[01m[K/usr/include/eigen3/Eigen/src/Core/ProductEvaluators.h:404:29:[m[K   required from ‘[01m[Kstatic void Eigen::internal::generic_product_impl<Lhs, Rhs, Eigen::DenseShape, Eigen::DenseShape, 3>::addTo(Dst&, const Lhs&, const Rhs&) [with Dst = Eigen::Matrix<double, 6, 1>; Lhs = Eigen::Matrix<double, 6, 144>; Rhs = Eigen::Matrix<double, 81, 1>][m[K’
[01m[K/usr/include/eigen3/Eigen/src/Core/ProductEvaluators.h:163:42:[m[K   required from ‘[01m[Kstatic void Eigen::internal::Assignment<DstXprType, Eigen::Product<Lhs, Rhs, Options>, Eigen::internal::add_assign_op<Scalar, Scalar>, Eigen::internal::Dense2Dense, typename Eigen::internal::enable_if<((Options == Eigen::DefaultProduct) || (Options == Eigen::AliasFreeProduct))>::type>::run(DstXprType&, const SrcXprType&, const Eigen::internal::add_assign_op<Scalar, Scalar>&) [with DstXprType = Eigen::Matrix<double, 6, 1>; Lhs = Eigen::Matrix<double, 6, 144>; Rhs = Eigen::Matrix<double, 81, 1>; int Options = 0; Scalar = double; Eigen::internal::Assignment<DstXprType, Eigen::Product<Lhs, Rhs, Options>, Eigen::internal::add_assign_op<Scalar, Scalar>, Eigen::internal::Dense2Dense, typename Eigen::internal::enable_if<((Options == Eigen::DefaultProduct) || (Options == Eigen::AliasFreeProduct))>::type>::SrcXprType = Eigen::Product<Eigen::Matrix<double, 6, 144>, Eigen::Matrix<double, 81, 1>, 0>][m[K’
[01m[K/usr/include/eigen3/Eigen/src/Core/AssignEvaluator.h:836:49:[m[K   required from ‘[01m[Kvoid Eigen::internal::call_assignment_no_alias(Dst&, const Src&, const Func&) [with Dst = Eigen::Matrix<double, 6, 1>; Src = Eigen::Product<Eigen::Matrix<double, 6, 144>, Eigen::Matrix<double, 81, 1>, 0>; Func = Eigen::internal::add_assign_op<double, double>][m[K’
[01m[K/usr/include/eigen3/Eigen/src/Core/ProductEvaluators.h:224:29:[m[K   required from ‘[01m[Kstatic void Eigen::internal::assignment_from_xpr_op_product<DstXprType, OtherXpr, ProductType, Func1, Func2>::run(DstXprType&, const SrcXprType&, const InitialFunc&) [with SrcXprType = Eigen::CwiseBinaryOp<Eigen::internal::scalar_sum_op<double, double>, const Eigen::Product<Eigen::CwiseUnaryOp<Eigen::internal::scalar_opposite_op<double>, const Eigen::Matrix<double, 6, 6> >, Eigen::Matrix<double, 6, 1>, 0>, const Eigen::Product<Eigen::Matrix<double, 6, 144>, Eigen::Matrix<double, 81, 1>, 0> >; InitialFunc = Eigen::internal::assign_op<double, double>; DstXprType = Eigen::Matrix<double, 6, 1>; OtherXpr = Eigen::Product<Eigen::CwiseUnaryOp<Eigen::internal::scalar_opposite_op<double>, const Eigen::Matrix<double, 6, 6> >, Eigen::Matrix<double, 6, 1>, 0>; ProductType = Eigen::Product<Eigen::Matrix<double, 6, 144>, Eigen::Matrix<double, 81, 1>, 0>; Func1 = Eigen::internal::assign_op<double, double>; Func2 = Eigen::internal::add_assign_op<double, double>][m[K’
[01m[K/usr/include/eigen3/Eigen/src/Core/AssignEvaluator.h:836:49:[m[K   required from ‘[01m[Kvoid Eigen::internal::call_assignment_no_alias(Dst&, const Src&, const Func&) [with Dst = Eigen::Matrix<double, 6, 1>; Src = Eigen::CwiseBinaryOp<Eigen::internal::scalar_sum_op<double, double>, const Eigen::Product<Eigen::CwiseUnaryOp<Eigen::internal::scalar_opposite_op<double>, const Eigen::Matrix<double, 6, 6> >, Eigen::Matrix<double, 6, 1>, 0>, const Eigen::Product<Eigen::Matrix<double, 6, 144>, Eigen::Matrix<double, 81, 1>, 0> >; Func = Eigen::internal::assign_op<double, double>][m[K’
[01m[K/usr/include/eigen3/Eigen/src/Core/PlainObjectBase.h:732:41:[m[K   [ skipping 2 instantiation contexts, use -ftemplate-backtrace-limit=0 to disable ]
[01m[K/usr/include/eigen3/Eigen/src/Core/Matrix.h:294:31:[m[K   required from ‘[01m[KEigen::Matrix<_Scalar, _Rows, _Cols, _Options, _MaxRows, _MaxCols>::Matrix(const T&) [with T = Eigen::CwiseBinaryOp<Eigen::internal::scalar_sum_op<double, double>, const Eigen::Product<Eigen::CwiseUnaryOp<Eigen::internal::scalar_opposite_op<double>, const Eigen::Matrix<double, 6, 6> >, Eigen::Matrix<double, 6, 1>, 0>, const Eigen::Product<Eigen::Matrix<double, 6, 144>, Eigen::Matrix<double, 81, 1>, 0> >; _Scalar = double; int _Rows = 6; int _Cols = 1; int _Options = 0; int _MaxRows = 6; int _MaxCols = 1][m[K’
[01m[K/usr/include/eigen3/Eigen/src/Core/AssignEvaluator.h:796:41:[m[K   required from ‘[01m[Kvoid Eigen::internal::call_assignment(Dst&, const Src&, const Func&, typename Eigen::internal::enable_if<Eigen::internal::evaluator_assume_aliasing<Src>::value, void*>::type) [with Dst = Eigen::Matrix<double, 6, 1>; Src = Eigen::CwiseBinaryOp<Eigen::internal::scalar_sum_op<double, double>, const Eigen::Product<Eigen::CwiseUnaryOp<Eigen::internal::scalar_opposite_op<double>, const Eigen::Matrix<double, 6, 6> >, Eigen::Matrix<double, 6, 1>, 0>, const Eigen::Product<Eigen::Matrix<double, 6, 144>, Eigen::Matrix<double, 81, 1>, 0> >; Func = Eigen::internal::assign_op<double, double>; typename Eigen::internal::enable_if<Eigen::internal::evaluator_assume_aliasing<Src>::value, void*>::type = void*][m[K’
[01m[K/usr/include/eigen3/Eigen/src/Core/AssignEvaluator.h:782:18:[m[K   required from ‘[01m[Kvoid Eigen::internal::call_assignment(Dst&, const Src&) [with Dst = Eigen::Matrix<double, 6, 1>; Src = Eigen::CwiseBinaryOp<Eigen::internal::scalar_sum_op<double, double>, const Eigen::Product<Eigen::CwiseUnaryOp<Eigen::internal::scalar_opposite_op<double>, const Eigen::Matrix<double, 6, 6> >, Eigen::Matrix<double, 6, 1>, 0>, const Eigen::Product<Eigen::Matrix<double, 6, 144>, Eigen::Matrix<double, 81, 1>, 0> >][m[K’
[01m[K/usr/include/eigen3/Eigen/src/Core/PlainObjectBase.h:714:32:[m[K   required from ‘[01m[KDerived& Eigen::PlainObjectBase<Derived>::_set(const Eigen::DenseBase<OtherDerived>&) [with OtherDerived = Eigen::CwiseBinaryOp<Eigen::internal::scalar_sum_op<double, double>, const Eigen::Product<Eigen::CwiseUnaryOp<Eigen::internal::scalar_opposite_op<double>, const Eigen::Matrix<double, 6, 6> >, Eigen::Matrix<double, 6, 1>, 0>, const Eigen::Product<Eigen::Matrix<double, 6, 144>, Eigen::Matrix<double, 81, 1>, 0> >; Derived = Eigen::Matrix<double, 6, 1>][m[K’
[01m[K/usr/include/eigen3/Eigen/src/Core/Matrix.h:225:24:[m[K   required from ‘[01m[KEigen::Matrix<_Scalar, _Rows, _Cols, _Options, _MaxRows, _MaxCols>& Eigen::Matrix<_Scalar, _Rows, _Cols, _Options, _MaxRows, _MaxCols>::operator=(const Eigen::DenseBase<OtherDerived>&) [with OtherDerived = Eigen::CwiseBinaryOp<Eigen::internal::scalar_sum_op<double, double>, const Eigen::Product<Eigen::CwiseUnaryOp<Eigen::internal::scalar_opposite_op<double>, const Eigen::Matrix<double, 6, 6> >, Eigen::Matrix<double, 6, 1>, 0>, const Eigen::Product<Eigen::Matrix<double, 6, 144>, Eigen::Matrix<double, 81, 1>, 0> >; _Scalar = double; int _Rows = 6; int _Cols = 1; int _Options = 0; int _MaxRows = 6; int _MaxCols = 1][m[K’
[01m[K/home/gin/ros/workspaces/final/src/tum_ics_ur10_controller_tutorial/src/jointspace_controller.cpp:511:28:[m[K   required from here
[01m[K/usr/include/eigen3/Eigen/src/Core/GeneralProduct.h:448:3:[m[K [01;31m[Kerror: [m[Kstatic assertion failed: INVALID_MATRIX_PRODUCT
  448 |   [01;31m[KEIGEN_STATIC_ASSERT[m[K(ProductIsValid || SameSizes, INVALID_MATRIX_PRODUCT)
      |   [01;31m[K^~~~~~~~~~~~~~~~~~~[m[K
make[2]: *** [CMakeFiles/ur10_control.dir/build.make:63: CMakeFiles/ur10_control.dir/src/jointspace_controller.cpp.o] Error 1
make[1]: *** [CMakeFiles/Makefile2:1831: CMakeFiles/ur10_control.dir/all] Error 2
make: *** [Makefile:141: all] Error 2
