[01m[K/home/gin/ros/workspaces/final/src/tum_ics_ur10_controller_tutorial/src/jointspace_controller.cpp:[m[K In member function ‘[01m[KTum::Matrix6d tum_ics_ur_robot_lli::RobotControllers::JointSpaceController_1::calc_M(Tum::Vector6d, Tum::Vector6d)[m[K’:
[01m[K/home/gin/ros/workspaces/final/src/tum_ics_ur10_controller_tutorial/src/jointspace_controller.cpp:669:1:[m[K [01;31m[Kerror: [m[K‘[01m[K_[m[K’ was not declared in this scope
  669 | [01;31m[K_[m[K
      | [01;31m[K^[m[K
[01m[K/home/gin/ros/workspaces/final/src/tum_ics_ur10_controller_tutorial/src/jointspace_controller.cpp:669:1:[m[K [01;36m[Knote: [m[Ksuggested alternatives:
In file included from [01m[K/usr/include/boost/mpl/aux_/include_preprocessed.hpp:37[m[K,
                 from [01m[K/usr/include/boost/mpl/placeholders.hpp:43[m[K,
                 from [01m[K/usr/include/boost/mpl/apply.hpp:24[m[K,
                 from [01m[K/usr/include/boost/mpl/aux_/iter_apply.hpp:17[m[K,
                 from [01m[K/usr/include/boost/mpl/aux_/find_if_pred.hpp:14[m[K,
                 from [01m[K/usr/include/boost/mpl/find_if.hpp:17[m[K,
                 from [01m[K/usr/include/boost/mpl/find.hpp:17[m[K,
                 from [01m[K/usr/include/boost/mpl/aux_/contains_impl.hpp:20[m[K,
                 from [01m[K/usr/include/boost/mpl/contains.hpp:20[m[K,
                 from [01m[K/usr/include/boost/math/policies/policy.hpp:10[m[K,
                 from [01m[K/usr/include/boost/math/policies/error_handling.hpp:21[m[K,
                 from [01m[K/usr/include/boost/math/special_functions/round.hpp:14[m[K,
                 from [01m[K/opt/ros/noetic/include/ros/time.h:58[m[K,
                 from [01m[K/opt/ros/noetic/include/ros/serialization.h:34[m[K,
                 from [01m[K/opt/ros/noetic/include/sensor_msgs/JointState.h:14[m[K,
                 from [01m[K/opt/ros/noetic/include/tum_ics_ur_robot_lli/JointState.h:13[m[K,
                 from [01m[K/opt/ros/noetic/include/tum_ics_ur_robot_lli/RobotControllers/Controller.h:14[m[K,
                 from [01m[K/opt/ros/noetic/include/tum_ics_ur_robot_lli/RobotControllers/ControlEffort.h:4[m[K,
                 from [01m[K/home/gin/ros/workspaces/final/src/tum_ics_ur10_controller_tutorial/include/tum_ics_ur10_controller_tutorial/jointspace_controller.h:4[m[K,
                 from [01m[K/home/gin/ros/workspaces/final/src/tum_ics_ur10_controller_tutorial/src/jointspace_controller.cpp:1[m[K:
[01m[K/usr/include/boost/mpl/aux_/preprocessed/gcc/placeholders.hpp:14:19:[m[K [01;36m[Knote: [m[K  ‘[01m[Kmpl_::_[m[K’
   14 | typedef arg< -1 > [01;36m[K_[m[K;
      |                   [01;36m[K^[m[K
[01m[K/usr/include/boost/mpl/aux_/preprocessed/gcc/placeholders.hpp:14:19:[m[K [01;36m[Knote: [m[K  ‘[01m[Kmpl_::_[m[K’
[01m[K/usr/include/boost/mpl/aux_/preprocessed/gcc/placeholders.hpp:14:19:[m[K [01;36m[Knote: [m[K  ‘[01m[Kmpl_::_[m[K’
[01m[K/home/gin/ros/workspaces/final/src/tum_ics_ur10_controller_tutorial/src/jointspace_controller.cpp:703:59:[m[K [01;31m[Kerror: [m[K‘[01m[Ki411[m[K’ was not declared in this scope; did you mean ‘[01m[Ki611[m[K’?
  703 |       M(0,0) = i133 + i211/2 + i222/2 + i311/2 + i322/2 + [01;31m[Ki411[m[K/2 + i422/2 + i511/4 + i522/4 + i533/2 + (3*i611)/8 + (3*i622)/8 + i633/4 + i212*sin(2*q2) - (i512*sin(2*q5))/2 + (i612*sin(2*q6))/4 - i412*sin(2*q2 + 2*q3 + 2*q4) + (i311*cos(2*q2 + 2*q3))/2 - (i322*cos(2*q2 + 2*q3))/2 + (i611*cos(2*q5 - 2*q6))/16 + (i611*cos(2*q5 + 2*q6))/16 - (i622*cos(2*q5 - 2*q6))/16 - (i622*cos(2*q5 + 2*q6))/16 + (i623*cos(2*q5 - q6))/4 - i312*sin(2*q2 + 2*q3) + (i612*sin(2*q5 - 2*q6))/8 - (i612*sin(2*q5 + 2*q6))/8 - (i613*sin(2*q5 - q6))/4 + (i611*cos(2*q2 + 2*q3 + 2*q4 + q5 - 2*q6))/8 - (i611*cos(2*q2 + 2*q3 + 2*q4 + q5 + 2*q6))/8 - (i622*cos(2*q2 + 2*q3 + 2*q4 + q5 - 2*q6))/8 + (i622*cos(2*q2 + 2*q3 + 2*q4 + q5 + 2*q6))/8 + (i623*cos(2*q2 + 2*q3 + 2*q4 + q5 - q6))/4 - (i623*cos(2*q2 + 2*q3 + 2*q4 - q5 + q6))/4 - (i623*cos(2*q2 + 2*q3 + 2*q4 - 2*q5 + q6))/8 + (i623*cos(2*q2 + 2*q3 + 2*q4 + 2*q5 + q6))/8 + (i612*sin(2*q2 + 2*q3 + 2*q4 + q5 - 2*q6))/4 + (i612*sin(2*q2 + 2*q3 + 2*q4 + q5 + 2*q6))/4 - (i613*sin(2*q2 + 2*q3 + 2*q4 + q5 - q6))/4 - (i613*sin(2*q2 + 2*q3 + 2*q4 - q5 + q6))/4 - (i613*sin(2*q2 + 2*q3 + 2*q4 - 2*q5 + q6))/8 + (i613*sin(2*q2 + 2*q3 + 2*q4 + 2*q5 + q6))/8 - (i523*cos(2*q2 + 2*q3 + 2*q4 + q5))/2 + pow(L2,2)*m3 + pow(L2,2)*m4 + (pow(L3,2)*m3)/2 + pow(L2,2)*m5 + (pow(L3,2)*m4)/2 + pow(L2,2)*m6 + (pow(L3,2)*m5)/2 + (pow(L3,2)*m6)/2 + pow(L7,2)*m2 + (3*pow(L4,2)*m6)/16 + (pow(L8,2)*m2)/2 + pow(L9,2)*m3 + (3*pow(L8,2)*m5)/4 + (pow(L10,2)*m3)/2 + (pow(L11,2)*m4)/2 + pow(L12,2)*m3 + (pow(L11,2)*m5)/2 + pow(L12,2)*m4 + (pow(L11,2)*m6)/2 + (pow(L12,2)*m5)/2 + (pow(L12,2)*m6)/2 - (i513*sin(2*q2 + 2*q3 + 2*q4 + q5))/2 + (i611*cos(2*q2 + 2*q3 + 2*q4 - q5 - 2*q6))/8 - (i611*cos(2*q2 + 2*q3 + 2*q4 - q5 + 2*q6))/8 - (i611*cos(2*q2 + 2*q3 + 2*q4 - 2*q5 - 2*q6))/32 - (i611*cos(2*q2 + 2*q3 + 2*q4 - 2*q5 + 2*q6))/32 - (i611*cos(2*q2 + 2*q3 + 2*q4 + 2*q5 - 2*q6))/32 - (i611*cos(2*q2 + 2*q3 + 2*q4 + 2*q5 + 2*q6))/32 - (i622*cos(2*q2 + 2*q3 + 2*q4 - q5 - 2*q6))/8 + (i622*cos(2*q2 + 2*q3 + 2*q4 - q5 + 2*q6))/8 - (i623*cos(2*q2 + 2*q3 + 2*q4 - q5 - q6))/4 + (i622*cos(2*q2 + 2*q3 + 2*q4 - 2*q5 - 2*q6))/32 + (i622*cos(2*q2 + 2*q3 + 2*q4 - 2*q5 + 2*q6))/32 + (i622*cos(2*q2 + 2*q3 + 2*q4 + 2*q5 - 2*q6))/32 + (i622*cos(2*q2 + 2*q3 + 2*q4 + 2*q5 + 2*q6))/32 + (i623*cos(2*q2 + 2*q3 + 2*q4 - 2*q5 - q6))/8 - (i623*cos(2*q2 + 2*q3 + 2*q4 + 2*q5 - q6))/8 + (i612*sin(2*q2 + 2*q3 + 2*q4 - q5 - 2*q6))/4 + (i612*sin(2*q2 + 2*q3 + 2*q4 - q5 + 2*q6))/4 + (i613*sin(2*q2 + 2*q3 + 2*q4 - q5 - q6))/4 - (i612*sin(2*q2 + 2*q3 + 2*q4 - 2*q5 - 2*q6))/16 + (i612*sin(2*q2 + 2*q3 + 2*q4 - 2*q5 + 2*q6))/16 - (i612*sin(2*q2 + 2*q3 + 2*q4 + 2*q5 - 2*q6))/16 + (i612*sin(2*q2 + 2*q3 + 2*q4 + 2*q5 + 2*q6))/16 - (i613*sin(2*q2 + 2*q3 + 2*q4 - 2*q5 - q6))/8 + (i613*sin(2*q2 + 2*q3 + 2*q4 + 2*q5 - q6))/8 - (i623*cos(2*q5 + q6))/4 - (i511*cos(2*q2 + 2*q3 + 2*q4 - 2*q5))/8 - (i511*cos(2*q2 + 2*q3 + 2*q4 + 2*q5))/8 + (i522*cos(2*q2 + 2*q3 + 2*q4 - 2*q5))/8 + (i522*cos(2*q2 + 2*q3 + 2*q4 + 2*q5))/8 + (i523*cos(2*q2 + 2*q3 + 2*q4 - q5))/2 - (i611*cos(2*q2 + 2*q3 + 2*q4 - 2*q5))/16 - (i611*cos(2*q2 + 2*q3 + 2*q4 + 2*q5))/16 - (3*i611*cos(2*q2 + 2*q3 + 2*q4 - 2*q6))/16 - (3*i611*cos(2*q2 + 2*q3 + 2*q4 + 2*q6))/16 - (i622*cos(2*q2 + 2*q3 + 2*q4 - 2*q5))/16 - (i622*cos(2*q2 + 2*q3 + 2*q4 + 2*q5))/16 + (3*i622*cos(2*q2 + 2*q3 + 2*q4 - 2*q6))/16 + (3*i622*cos(2*q2 + 2*q3 + 2*q4 + 2*q6))/16 + (i633*cos(2*q2 + 2*q3 + 2*q4 - 2*q5))/8 + (i633*cos(2*q2 + 2*q3 + 2*q4 + 2*q5))/8 - (i613*sin(2*q5 + q6))/4 - (i512*sin(2*q2 + 2*q3 + 2*q4 - 2*q5))/4 + (i512*sin(2*q2 + 2*q3 + 2*q4 + 2*q5))/4 - (i513*sin(2*q2 + 2*q3 + 2*q4 - q5))/2 - (3*i612*sin(2*q2 + 2*q3 + 2*q4 - 2*q6))/8 + (3*i612*sin(2*q2 + 2*q3 + 2*q4 + 2*q6))/8 + (i623*cos(2*q2 + 2*q3 + 2*q4 + q5 + q6))/4 + (i613*sin(2*q2 + 2*q3 + 2*q4 + q5 + q6))/4 - (i211*cos(2*q2))/2 + (i222*cos(2*q2))/2 + (i511*cos(2*q5))/4 - (i522*cos(2*q5))/4 + (i611*cos(2*q5))/8 - (i611*cos(2*q6))/8 + (i622*cos(2*q5))/8 + (i622*cos(2*q6))/8 - (i633*cos(2*q5))/4 + (i411*cos(2*q2 + 2*q3 + 2*q4))/2 - (i422*cos(2*q2 + 2*q3 + 2*q4))/2 - (i511*cos(2*q2 + 2*q3 + 2*q4))/4 - (i522*cos(2*q2 + 2*q3 + 2*q4))/4 + (i533*cos(2*q2 + 2*q3 + 2*q4))/2 + (i611*cos(2*q2 + 2*q3 + 2*q4))/8 + (i622*cos(2*q2 + 2*q3 + 2*q4))/8 - (i633*cos(2*q2 + 2*q3 + 2*q4))/4 + 2*L2*L9*m3 - 2*L2*L12*m3 - 2*L2*L12*m4 - 2*L9*L12*m3 - (pow(L4,2)*m6*cos(2*q2 + 2*q3 + 2*q4 - 2*q5))/32 - (pow(L4,2)*m6*cos(2*q2 + 2*q3 + 2*q4 + 2*q5))/32 + (pow(L8,2)*m5*cos(2*q2 + 2*q3 + 2*q4 - 2*q5))/8 + (pow(L8,2)*m5*cos(2*q2 + 2*q3 + 2*q4 + 2*q5))/8 - (pow(L3,2)*m3*cos(2*q2))/2 - (pow(L3,2)*m4*cos(2*q2))/2 - (pow(L3,2)*m5*cos(2*q2))/2 - (pow(L3,2)*m6*cos(2*q2))/2 + (pow(L8,2)*m2*cos(2*q2))/2 + (pow(L4,2)*m6*cos(2*q5))/16 - (pow(L8,2)*m5*cos(2*q5))/4 + (pow(L4,2)*m6*cos(2*q2 + 2*q3 + 2*q4))/16 + (pow(L8,2)*m5*cos(2*q2 + 2*q3 + 2*q4))/4 - (pow(L12,2)*m5*cos(2*q2 + 2*q3 + 2*q4))/2 - (pow(L12,2)*m6*cos(2*q2 + 2*q3 + 2*q4))/2 - (pow(L10,2)*m3*cos(2*q2 + 2*q3))/2 - (pow(L11,2)*m4*cos(2*q2 + 2*q3))/2 - (pow(L11,2)*m5*cos(2*q2 + 2*q3))/2 - (pow(L11,2)*m6*cos(2*q2 + 2*q3))/2 + L3*L12*m5*cos(q3 + q4) + L3*L12*m6*cos(q3 + q4) - (L4*L11*m6*cos(q4 + q5))/4 - (L4*L11*m6*cos(2*q2 + 2*q3 + q4 - q5))/4 + (L4*L12*m6*cos(2*q2 + 2*q3 + 2*q4 + q5))/4 - (L8*L11*m5*sin(q4 + q5))/2 + (L8*L11*m5*sin(2*q2 + 2*q3 + q4 - q5))/2 + (L8*L12*m5*sin(2*q2 + 2*q3 + 2*q4 + q5))/2 + L2*L4*m6*cos(q5) + L3*L10*m3*cos(q3) + L3*L11*m4*cos(q3) + L3*L11*m5*cos(q3) + L3*L11*m6*cos(q3) + L11*L12*m5*cos(q4) + L11*L12*m6*cos(q4) - L11*L12*m5*cos(2*q2 + 2*q3 + q4) - L11*L12*m6*cos(2*q2 + 2*q3 + q4) + 2*L2*L8*m5*sin(q5) + (L3*L4*m6*cos(2*q2 + q3 + q4 + q5))/4 + (L3*L8*m5*sin(2*q2 + q3 + q4 + q5))/2 - L3*L10*m3*cos(2*q2 + q3) - L3*L11*m4*cos(2*q2 + q3) - L3*L11*m5*cos(2*q2 + q3) - L3*L11*m6*cos(2*q2 + q3) + (L4*L11*m6*cos(q4 - q5))/4 - (L4*L12*m6*cos(2*q2 + 2*q3 + 2*q4 - q5))/4 - (L8*L11*m5*sin(q4 - q5))/2 + (L8*L12*m5*sin(2*q2 + 2*q3 + 2*q4 - q5))/2 - (L3*L4*m6*cos(q3 + q4 + q5))/4 - (L3*L8*m5*sin(q3 + q4 + q5))/2 - (L3*L4*m6*cos(2*q2 + q3 + q4 - q5))/4 + (L4*L11*m6*cos(2*q2 + 2*q3 + q4 + q5))/4 + (L3*L8*m5*sin(2*q2 + q3 + q4 - q5))/2 + (L8*L11*m5*sin(2*q2 + 2*q3 + q4 + q5))/2 + (L3*L4*m6*cos(q3 + q4 - q5))/4 - L3*L12*m5*cos(2*q2 + q3 + q4) - L3*L12*m6*cos(2*q2 + q3 + q4) - (L3*L8*m5*sin(q3 + q4 - q5))/2;
      |                                                           [01;31m[K^~~~[m[K
      |                                                           [32m[Ki611[m[K
[01m[K/home/gin/ros/workspaces/final/src/tum_ics_ur10_controller_tutorial/src/jointspace_controller.cpp:[m[K In member function ‘[01m[KTum::Matrix6d tum_ics_ur_robot_lli::RobotControllers::JointSpaceController_1::calc_C(Tum::Vector6d, Tum::Vector6d)[m[K’:
[01m[K/home/gin/ros/workspaces/final/src/tum_ics_ur10_controller_tutorial/src/jointspace_controller.cpp:816:14:[m[K [01;31m[Kerror: [m[Kredeclaration of ‘[01m[Kdouble q1[m[K’
  816 |       double [01;31m[Kq1[m[K = Q(0);
      |              [01;31m[K^~[m[K
[01m[K/home/gin/ros/workspaces/final/src/tum_ics_ur10_controller_tutorial/src/jointspace_controller.cpp:801:14:[m[K [01;36m[Knote: [m[K‘[01m[Kdouble q1[m[K’ previously declared here
  801 |       double [01;36m[Kq1[m[K = Q(0);
      |              [01;36m[K^~[m[K
[01m[K/home/gin/ros/workspaces/final/src/tum_ics_ur10_controller_tutorial/src/jointspace_controller.cpp:817:14:[m[K [01;31m[Kerror: [m[Kredeclaration of ‘[01m[Kdouble q2[m[K’
  817 |       double [01;31m[Kq2[m[K = Q(1);
      |              [01;31m[K^~[m[K
[01m[K/home/gin/ros/workspaces/final/src/tum_ics_ur10_controller_tutorial/src/jointspace_controller.cpp:802:14:[m[K [01;36m[Knote: [m[K‘[01m[Kdouble q2[m[K’ previously declared here
  802 |       double [01;36m[Kq2[m[K = Q(1);
      |              [01;36m[K^~[m[K
[01m[K/home/gin/ros/workspaces/final/src/tum_ics_ur10_controller_tutorial/src/jointspace_controller.cpp:818:14:[m[K [01;31m[Kerror: [m[Kredeclaration of ‘[01m[Kdouble q3[m[K’
  818 |       double [01;31m[Kq3[m[K = Q(2);
      |              [01;31m[K^~[m[K
[01m[K/home/gin/ros/workspaces/final/src/tum_ics_ur10_controller_tutorial/src/jointspace_controller.cpp:803:14:[m[K [01;36m[Knote: [m[K‘[01m[Kdouble q3[m[K’ previously declared here
  803 |       double [01;36m[Kq3[m[K = Q(2);
      |              [01;36m[K^~[m[K
[01m[K/home/gin/ros/workspaces/final/src/tum_ics_ur10_controller_tutorial/src/jointspace_controller.cpp:819:14:[m[K [01;31m[Kerror: [m[Kredeclaration of ‘[01m[Kdouble q4[m[K’
  819 |       double [01;31m[Kq4[m[K = Q(3);
      |              [01;31m[K^~[m[K
[01m[K/home/gin/ros/workspaces/final/src/tum_ics_ur10_controller_tutorial/src/jointspace_controller.cpp:804:14:[m[K [01;36m[Knote: [m[K‘[01m[Kdouble q4[m[K’ previously declared here
  804 |       double [01;36m[Kq4[m[K = Q(3);
      |              [01;36m[K^~[m[K
[01m[K/home/gin/ros/workspaces/final/src/tum_ics_ur10_controller_tutorial/src/jointspace_controller.cpp:820:14:[m[K [01;31m[Kerror: [m[Kredeclaration of ‘[01m[Kdouble q5[m[K’
  820 |       double [01;31m[Kq5[m[K = Q(4);
      |              [01;31m[K^~[m[K
[01m[K/home/gin/ros/workspaces/final/src/tum_ics_ur10_controller_tutorial/src/jointspace_controller.cpp:805:14:[m[K [01;36m[Knote: [m[K‘[01m[Kdouble q5[m[K’ previously declared here
  805 |       double [01;36m[Kq5[m[K = Q(4);
      |              [01;36m[K^~[m[K
[01m[K/home/gin/ros/workspaces/final/src/tum_ics_ur10_controller_tutorial/src/jointspace_controller.cpp:821:14:[m[K [01;31m[Kerror: [m[Kredeclaration of ‘[01m[Kdouble q6[m[K’
  821 |       double [01;31m[Kq6[m[K = Q(5);
      |              [01;31m[K^~[m[K
[01m[K/home/gin/ros/workspaces/final/src/tum_ics_ur10_controller_tutorial/src/jointspace_controller.cpp:806:14:[m[K [01;36m[Knote: [m[K‘[01m[Kdouble q6[m[K’ previously declared here
  806 |       double [01;36m[Kq6[m[K = Q(5);
      |              [01;36m[K^~[m[K
[01m[K/home/gin/ros/workspaces/final/src/tum_ics_ur10_controller_tutorial/src/jointspace_controller.cpp:823:14:[m[K [01;31m[Kerror: [m[Kredeclaration of ‘[01m[Kdouble qp1[m[K’
  823 |       double [01;31m[Kqp1[m[K = Qp(0);
      |              [01;31m[K^~~[m[K
[01m[K/home/gin/ros/workspaces/final/src/tum_ics_ur10_controller_tutorial/src/jointspace_controller.cpp:808:14:[m[K [01;36m[Knote: [m[K‘[01m[Kdouble qp1[m[K’ previously declared here
  808 |       double [01;36m[Kqp1[m[K = Qp(0);
      |              [01;36m[K^~~[m[K
[01m[K/home/gin/ros/workspaces/final/src/tum_ics_ur10_controller_tutorial/src/jointspace_controller.cpp:824:14:[m[K [01;31m[Kerror: [m[Kredeclaration of ‘[01m[Kdouble qp2[m[K’
  824 |       double [01;31m[Kqp2[m[K = Qp(1);
      |              [01;31m[K^~~[m[K
[01m[K/home/gin/ros/workspaces/final/src/tum_ics_ur10_controller_tutorial/src/jointspace_controller.cpp:809:14:[m[K [01;36m[Knote: [m[K‘[01m[Kdouble qp2[m[K’ previously declared here
  809 |       double [01;36m[Kqp2[m[K = Qp(1);
      |              [01;36m[K^~~[m[K
[01m[K/home/gin/ros/workspaces/final/src/tum_ics_ur10_controller_tutorial/src/jointspace_controller.cpp:825:14:[m[K [01;31m[Kerror: [m[Kredeclaration of ‘[01m[Kdouble qp3[m[K’
  825 |       double [01;31m[Kqp3[m[K = Qp(2);
      |              [01;31m[K^~~[m[K
[01m[K/home/gin/ros/workspaces/final/src/tum_ics_ur10_controller_tutorial/src/jointspace_controller.cpp:810:14:[m[K [01;36m[Knote: [m[K‘[01m[Kdouble qp3[m[K’ previously declared here
  810 |       double [01;36m[Kqp3[m[K = Qp(2);
      |              [01;36m[K^~~[m[K
[01m[K/home/gin/ros/workspaces/final/src/tum_ics_ur10_controller_tutorial/src/jointspace_controller.cpp:826:14:[m[K [01;31m[Kerror: [m[Kredeclaration of ‘[01m[Kdouble qp4[m[K’
  826 |       double [01;31m[Kqp4[m[K = Qp(3);
      |              [01;31m[K^~~[m[K
[01m[K/home/gin/ros/workspaces/final/src/tum_ics_ur10_controller_tutorial/src/jointspace_controller.cpp:811:14:[m[K [01;36m[Knote: [m[K‘[01m[Kdouble qp4[m[K’ previously declared here
  811 |       double [01;36m[Kqp4[m[K = Qp(3);
      |              [01;36m[K^~~[m[K
[01m[K/home/gin/ros/workspaces/final/src/tum_ics_ur10_controller_tutorial/src/jointspace_controller.cpp:827:14:[m[K [01;31m[Kerror: [m[Kredeclaration of ‘[01m[Kdouble qp5[m[K’
  827 |       double [01;31m[Kqp5[m[K = Qp(4);
      |              [01;31m[K^~~[m[K
[01m[K/home/gin/ros/workspaces/final/src/tum_ics_ur10_controller_tutorial/src/jointspace_controller.cpp:812:14:[m[K [01;36m[Knote: [m[K‘[01m[Kdouble qp5[m[K’ previously declared here
  812 |       double [01;36m[Kqp5[m[K = Qp(4);
      |              [01;36m[K^~~[m[K
[01m[K/home/gin/ros/workspaces/final/src/tum_ics_ur10_controller_tutorial/src/jointspace_controller.cpp:828:14:[m[K [01;31m[Kerror: [m[Kredeclaration of ‘[01m[Kdouble qp6[m[K’
  828 |       double [01;31m[Kqp6[m[K = Qp(5);
      |              [01;31m[K^~~[m[K
[01m[K/home/gin/ros/workspaces/final/src/tum_ics_ur10_controller_tutorial/src/jointspace_controller.cpp:813:14:[m[K [01;36m[Knote: [m[K‘[01m[Kdouble qp6[m[K’ previously declared here
  813 |       double [01;36m[Kqp6[m[K = Qp(5);
      |              [01;36m[K^~~[m[K
[01m[K/home/gin/ros/workspaces/final/src/tum_ics_ur10_controller_tutorial/src/jointspace_controller.cpp:864:1:[m[K [01;31m[Kerror: [m[K‘[01m[K_[m[K’ was not declared in this scope
  864 | [01;31m[K_[m[K
      | [01;31m[K^[m[K
[01m[K/home/gin/ros/workspaces/final/src/tum_ics_ur10_controller_tutorial/src/jointspace_controller.cpp:864:1:[m[K [01;36m[Knote: [m[Ksuggested alternatives:
In file included from [01m[K/usr/include/boost/mpl/aux_/include_preprocessed.hpp:37[m[K,
                 from [01m[K/usr/include/boost/mpl/placeholders.hpp:43[m[K,
                 from [01m[K/usr/include/boost/mpl/apply.hpp:24[m[K,
                 from [01m[K/usr/include/boost/mpl/aux_/iter_apply.hpp:17[m[K,
                 from [01m[K/usr/include/boost/mpl/aux_/find_if_pred.hpp:14[m[K,
                 from [01m[K/usr/include/boost/mpl/find_if.hpp:17[m[K,
                 from [01m[K/usr/include/boost/mpl/find.hpp:17[m[K,
                 from [01m[K/usr/include/boost/mpl/aux_/contains_impl.hpp:20[m[K,
                 from [01m[K/usr/include/boost/mpl/contains.hpp:20[m[K,
                 from [01m[K/usr/include/boost/math/policies/policy.hpp:10[m[K,
                 from [01m[K/usr/include/boost/math/policies/error_handling.hpp:21[m[K,
                 from [01m[K/usr/include/boost/math/special_functions/round.hpp:14[m[K,
                 from [01m[K/opt/ros/noetic/include/ros/time.h:58[m[K,
                 from [01m[K/opt/ros/noetic/include/ros/serialization.h:34[m[K,
                 from [01m[K/opt/ros/noetic/include/sensor_msgs/JointState.h:14[m[K,
                 from [01m[K/opt/ros/noetic/include/tum_ics_ur_robot_lli/JointState.h:13[m[K,
                 from [01m[K/opt/ros/noetic/include/tum_ics_ur_robot_lli/RobotControllers/Controller.h:14[m[K,
                 from [01m[K/opt/ros/noetic/include/tum_ics_ur_robot_lli/RobotControllers/ControlEffort.h:4[m[K,
                 from [01m[K/home/gin/ros/workspaces/final/src/tum_ics_ur10_controller_tutorial/include/tum_ics_ur10_controller_tutorial/jointspace_controller.h:4[m[K,
                 from [01m[K/home/gin/ros/workspaces/final/src/tum_ics_ur10_controller_tutorial/src/jointspace_controller.cpp:1[m[K:
[01m[K/usr/include/boost/mpl/aux_/preprocessed/gcc/placeholders.hpp:14:19:[m[K [01;36m[Knote: [m[K  ‘[01m[Kmpl_::_[m[K’
   14 | typedef arg< -1 > [01;36m[K_[m[K;
      |                   [01;36m[K^[m[K
[01m[K/usr/include/boost/mpl/aux_/preprocessed/gcc/placeholders.hpp:14:19:[m[K [01;36m[Knote: [m[K  ‘[01m[Kmpl_::_[m[K’
[01m[K/usr/include/boost/mpl/aux_/preprocessed/gcc/placeholders.hpp:14:19:[m[K [01;36m[Knote: [m[K  ‘[01m[Kmpl_::_[m[K’
[01m[K/home/gin/ros/workspaces/final/src/tum_ics_ur10_controller_tutorial/src/jointspace_controller.cpp:898:[m[K [01;31m[Kerror: [m[K‘[01m[Ki411[m[K’ was not declared in this scope; did you mean ‘[01m[Ki611[m[K’?
  898 |       C(0,0) = (i612*qp2*cos(2*q2 + 2*q3 + 2*q4 - q5 - 2*q6))/4 + (i612*qp2*cos(2*q2 + 2*q3 + 2*q4 - q5 + 2*q6))/4 + (i613*qp2*cos(2*q2 + 2*q3 + 2*q4 - q5 - q6))/4 - (i612*qp2*cos(2*q2 + 2*q3 + 2*q4 - 2*q5 - 2*q6))/16 + (i612*qp2*cos(2*q2 + 2*q3 + 2*q4 - 2*q5 + 2*q6))/16 - (i612*qp2*cos(2*q2 + 2*q3 + 2*q4 + 2*q5 - 2*q6))/16 + (i612*qp2*cos(2*q2 + 2*q3 + 2*q4 + 2*q5 + 2*q6))/16 + (i612*qp3*cos(2*q2 + 2*q3 + 2*q4 - q5 - 2*q6))/4 + (i612*qp3*cos(2*q2 + 2*q3 + 2*q4 - q5 + 2*q6))/4 - (i613*qp2*cos(2*q2 + 2*q3 + 2*q4 - 2*q5 - q6))/8 + (i613*qp2*cos(2*q2 + 2*q3 + 2*q4 + 2*q5 - q6))/8 + (i613*qp3*cos(2*q2 + 2*q3 + 2*q4 - q5 - q6))/4 - (i612*qp3*cos(2*q2 + 2*q3 + 2*q4 - 2*q5 - 2*q6))/16 + (i612*qp3*cos(2*q2 + 2*q3 + 2*q4 - 2*q5 + 2*q6))/16 - (i612*qp3*cos(2*q2 + 2*q3 + 2*q4 + 2*q5 - 2*q6))/16 + (i612*qp3*cos(2*q2 + 2*q3 + 2*q4 + 2*q5 + 2*q6))/16 + (i612*qp4*cos(2*q2 + 2*q3 + 2*q4 - q5 - 2*q6))/4 + (i612*qp4*cos(2*q2 + 2*q3 + 2*q4 - q5 + 2*q6))/4 - (i613*qp3*cos(2*q2 + 2*q3 + 2*q4 - 2*q5 - q6))/8 + (i613*qp3*cos(2*q2 + 2*q3 + 2*q4 + 2*q5 - q6))/8 + (i613*qp4*cos(2*q2 + 2*q3 + 2*q4 - q5 - q6))/4 - (i612*qp4*cos(2*q2 + 2*q3 + 2*q4 - 2*q5 - 2*q6))/16 + (i612*qp4*cos(2*q2 + 2*q3 + 2*q4 - 2*q5 + 2*q6))/16 - (i612*qp4*cos(2*q2 + 2*q3 + 2*q4 + 2*q5 - 2*q6))/16 + (i612*qp4*cos(2*q2 + 2*q3 + 2*q4 + 2*q5 + 2*q6))/16 - (i612*qp5*cos(2*q2 + 2*q3 + 2*q4 - q5 - 2*q6))/8 - (i612*qp5*cos(2*q2 + 2*q3 + 2*q4 - q5 + 2*q6))/8 - (i613*qp4*cos(2*q2 + 2*q3 + 2*q4 - 2*q5 - q6))/8 + (i613*qp4*cos(2*q2 + 2*q3 + 2*q4 + 2*q5 - q6))/8 - (i613*qp5*cos(2*q2 + 2*q3 + 2*q4 - q5 - q6))/8 + (i612*qp5*cos(2*q2 + 2*q3 + 2*q4 - 2*q5 - 2*q6))/16 - (i612*qp5*cos(2*q2 + 2*q3 + 2*q4 - 2*q5 + 2*q6))/16 - (i612*qp5*cos(2*q2 + 2*q3 + 2*q4 + 2*q5 - 2*q6))/16 + (i612*qp5*cos(2*q2 + 2*q3 + 2*q4 + 2*q5 + 2*q6))/16 - (i612*qp6*cos(2*q2 + 2*q3 + 2*q4 - q5 - 2*q6))/4 + (i612*qp6*cos(2*q2 + 2*q3 + 2*q4 - q5 + 2*q6))/4 + (i613*qp5*cos(2*q2 + 2*q3 + 2*q4 - 2*q5 - q6))/8 + (i613*qp5*cos(2*q2 + 2*q3 + 2*q4 + 2*q5 - q6))/8 - (i613*qp6*cos(2*q2 + 2*q3 + 2*q4 - q5 - q6))/8 + (i612*qp6*cos(2*q2 + 2*q3 + 2*q4 - 2*q5 - 2*q6))/16 + (i612*qp6*cos(2*q2 + 2*q3 + 2*q4 - 2*q5 + 2*q6))/16 + (i612*qp6*cos(2*q2 + 2*q3 + 2*q4 + 2*q5 - 2*q6))/16 + (i612*qp6*cos(2*q2 + 2*q3 + 2*q4 + 2*q5 + 2*q6))/16 + (i613*qp6*cos(2*q2 + 2*q3 + 2*q4 - 2*q5 - q6))/16 - (i613*qp6*cos(2*q2 + 2*q3 + 2*q4 + 2*q5 - q6))/16 - (i611*qp2*sin(2*q2 + 2*q3 + 2*q4 - q5 - 2*q6))/8 + (i611*qp2*sin(2*q2 + 2*q3 + 2*q4 - q5 + 2*q6))/8 + (i611*qp2*sin(2*q2 + 2*q3 + 2*q4 - 2*q5 - 2*q6))/32 + (i611*qp2*sin(2*q2 + 2*q3 + 2*q4 - 2*q5 + 2*q6))/32 + (i611*qp2*sin(2*q2 + 2*q3 + 2*q4 + 2*q5 - 2*q6))/32 + (i611*qp2*sin(2*q2 + 2*q3 + 2*q4 + 2*q5 + 2*q6))/32 - (i611*qp3*sin(2*q2 + 2*q3 + 2*q4 - q5 - 2*q6))/8 + (i611*qp3*sin(2*q2 + 2*q3 + 2*q4 - q5 + 2*q6))/8 + (i611*qp3*sin(2*q2 + 2*q3 + 2*q4 - 2*q5 - 2*q6))/32 + (i611*qp3*sin(2*q2 + 2*q3 + 2*q4 - 2*q5 + 2*q6))/32 + (i611*qp3*sin(2*q2 + 2*q3 + 2*q4 + 2*q5 - 2*q6))/32 + (i611*qp3*sin(2*q2 + 2*q3 + 2*q4 + 2*q5 + 2*q6))/32 - (i611*qp4*sin(2*q2 + 2*q3 + 2*q4 - q5 - 2*q6))/8 + (i611*qp4*sin(2*q2 + 2*q3 + 2*q4 - q5 + 2*q6))/8 + (i611*qp4*sin(2*q2 + 2*q3 + 2*q4 - 2*q5 - 2*q6))/32 + (i611*qp4*sin(2*q2 + 2*q3 + 2*q4 - 2*q5 + 2*q6))/32 + (i611*qp4*sin(2*q2 + 2*q3 + 2*q4 + 2*q5 - 2*q6))/32 + (i611*qp4*sin(2*q2 + 2*q3 + 2*q4 + 2*q5 + 2*q6))/32 + (i611*qp5*sin(2*q2 + 2*q3 + 2*q4 - q5 - 2*q6))/16 - (i611*qp5*sin(2*q2 + 2*q3 + 2*q4 - q5 + 2*q6))/16 - (i611*qp5*sin(2*q2 + 2*q3 + 2*q4 - 2*q5 - 2*q6))/32 - (i611*qp5*sin(2*q2 + 2*q3 + 2*q4 - 2*q5 + 2*q6))/32 + (i611*qp5*sin(2*q2 + 2*q3 + 2*q4 + 2*q5 - 2*q6))/32 + (i611*qp5*sin(2*q2 + 2*q3 + 2*q4 + 2*q5 + 2*q6))/32 + (i611*qp6*sin(2*q2 + 2*q3 + 2*q4 - q5 - 2*q6))/8 + (i611*qp6*sin(2*q2 + 2*q3 + 2*q4 - q5 + 2*q6))/8 - (i611*qp6*sin(2*q2 + 2*q3 + 2*q4 - 2*q5 - 2*q6))/32 + (i611*qp6*sin(2*q2 + 2*q3 + 2*q4 - 2*q5 + 2*q6))/32 - (i611*qp6*sin(2*q2 + 2*q3 + 2*q4 + 2*q5 - 2*q6))/32 + (i611*qp6*sin(2*q2 + 2*q3 + 2*q4 + 2*q5 + 2*q6))/32 + (i622*qp2*sin(2*q2 + 2*q3 + 2*q4 - q5 - 2*q6))/8 - (i622*qp2*sin(2*q2 + 2*q3 + 2*q4 - q5 + 2*q6))/8 + (i623*qp2*sin(2*q2 + 2*q3 + 2*q4 - q5 - q6))/4 - (i622*qp2*sin(2*q2 + 2*q3 + 2*q4 - 2*q5 - 2*q6))/32 - (i622*qp2*sin(2*q2 + 2*q3 + 2*q4 - 2*q5 + 2*q6))/32 - (i622*qp2*sin(2*q2 + 2*q3 + 2*q4 + 2*q5 - 2*q6))/32 - (i622*qp2*sin(2*q2 + 2*q3 + 2*q4 + 2*q5 + 2*q6))/32 + (i622*qp3*sin(2*q2 + 2*q3 + 2*q4 - q5 - 2*q6))/8 - (i622*qp3*sin(2*q2 + 2*q3 + 2*q4 - q5 + 2*q6))/8 - (i623*qp2*sin(2*q2 + 2*q3 + 2*q4 - 2*q5 - q6))/8 + (i623*qp2*sin(2*q2 + 2*q3 + 2*q4 + 2*q5 - q6))/8 + (i623*qp3*sin(2*q2 + 2*q3 + 2*q4 - q5 - q6))/4 - (i622*qp3*sin(2*q2 + 2*q3 + 2*q4 - 2*q5 - 2*q6))/32 - (i622*qp3*sin(2*q2 + 2*q3 + 2*q4 - 2*q5 + 2*q6))/32 - (i622*qp3*sin(2*q2 + 2*q3 + 2*q4 + 2*q5 - 2*q6))/32 - (i622*qp3*sin(2*q2 + 2*q3 + 2*q4 + 2*q5 + 2*q6))/32 + (i622*qp4*sin(2*q2 + 2*q3 + 2*q4 - q5 - 2*q6))/8 - (i622*qp4*sin(2*q2 + 2*q3 + 2*q4 - q5 + 2*q6))/8 - (i623*qp3*sin(2*q2 + 2*q3 + 2*q4 - 2*q5 - q6))/8 + (i623*qp3*sin(2*q2 + 2*q3 + 2*q4 + 2*q5 - q6))/8 + (i623*qp4*sin(2*q2 + 2*q3 + 2*q4 - q5 - q6))/4 - (i622*qp4*sin(2*q2 + 2*q3 + 2*q4 - 2*q5 - 2*q6))/32 - (i622*qp4*sin(2*q2 + 2*q3 + 2*q4 - 2*q5 + 2*q6))/32 - (i622*qp4*sin(2*q2 + 2*q3 + 2*q4 + 2*q5 - 2*q6))/32 - (i622*qp4*sin(2*q2 + 2*q3 + 2*q4 + 2*q5 + 2*q6))/32 - (i622*qp5*sin(2*q2 + 2*q3 + 2*q4 - q5 - 2*q6))/16 + (i622*qp5*sin(2*q2 + 2*q3 + 2*q4 - q5 + 2*q6))/16 - (i623*qp4*sin(2*q2 + 2*q3 + 2*q4 - 2*q5 - q6))/8 + (i623*qp4*sin(2*q2 + 2*q3 + 2*q4 + 2*q5 - q6))/8 - (i623*qp5*sin(2*q2 + 2*q3 + 2*q4 - q5 - q6))/8 + (i622*qp5*sin(2*q2 + 2*q3 + 2*q4 - 2*q5 - 2*q6))/32 + (i622*qp5*sin(2*q2 + 2*q3 + 2*q4 - 2*q5 + 2*q6))/32 - (i622*qp5*sin(2*q2 + 2*q3 + 2*q4 + 2*q5 - 2*q6))/32 - (i622*qp5*sin(2*q2 + 2*q3 + 2*q4 + 2*q5 + 2*q6))/32 - (i622*qp6*sin(2*q2 + 2*q3 + 2*q4 - q5 - 2*q6))/8 - (i622*qp6*sin(2*q2 + 2*q3 + 2*q4 - q5 + 2*q6))/8 + (i623*qp5*sin(2*q2 + 2*q3 + 2*q4 - 2*q5 - q6))/8 + (i623*qp5*sin(2*q2 + 2*q3 + 2*q4 + 2*q5 - q6))/8 - (i623*qp6*sin(2*q2 + 2*q3 + 2*q4 - q5 - q6))/8 + (i622*qp6*sin(2*q2 + 2*q3 + 2*q4 - 2*q5 - 2*q6))/32 - (i622*qp6*sin(2*q2 + 2*q3 + 2*q4 - 2*q5 + 2*q6))/32 + (i622*qp6*sin(2*q2 + 2*q3 + 2*q4 + 2*q5 - 2*q6))/32 - (i622*qp6*sin(2*q2 + 2*q3 + 2*q4 + 2*q5 + 2*q6))/32 + (i623*qp6*sin(2*q2 + 2*q3 + 2*q4 - 2*q5 - q6))/16 - (i623*qp6*sin(2*q2 + 2*q3 + 2*q4 + 2*q5 - q6))/16 - (i613*qp5*cos(2*q5 + q6))/4 - (i613*qp6*cos(2*q5 + q6))/8 - (i512*qp2*cos(2*q2 + 2*q3 + 2*q4 - 2*q5))/4 + (i512*qp2*cos(2*q2 + 2*q3 + 2*q4 + 2*q5))/4 - (i513*qp2*cos(2*q2 + 2*q3 + 2*q4 - q5))/2 - (i512*qp3*cos(2*q2 + 2*q3 + 2*q4 - 2*q5))/4 + (i512*qp3*cos(2*q2 + 2*q3 + 2*q4 + 2*q5))/4 - (i513*qp3*cos(2*q2 + 2*q3 + 2*q4 - q5))/2 - (i512*qp4*cos(2*q2 + 2*q3 + 2*q4 - 2*q5))/4 + (i512*qp4*cos(2*q2 + 2*q3 + 2*q4 + 2*q5))/4 - (i513*qp4*cos(2*q2 + 2*q3 + 2*q4 - q5))/2 + (i512*qp5*cos(2*q2 + 2*q3 + 2*q4 - 2*q5))/4 + (i512*qp5*cos(2*q2 + 2*q3 + 2*q4 + 2*q5))/4 + (i513*qp5*cos(2*q2 + 2*q3 + 2*q4 - q5))/4 - (3*i612*qp2*cos(2*q2 + 2*q3 + 2*q4 - 2*q6))/8 + (3*i612*qp2*cos(2*q2 + 2*q3 + 2*q4 + 2*q6))/8 - (3*i612*qp3*cos(2*q2 + 2*q3 + 2*q4 - 2*q6))/8 + (3*i612*qp3*cos(2*q2 + 2*q3 + 2*q4 + 2*q6))/8 - (3*i612*qp4*cos(2*q2 + 2*q3 + 2*q4 - 2*q6))/8 + (3*i612*qp4*cos(2*q2 + 2*q3 + 2*q4 + 2*q6))/8 + (3*i612*qp6*cos(2*q2 + 2*q3 + 2*q4 - 2*q6))/8 + (3*i612*qp6*cos(2*q2 + 2*q3 + 2*q4 + 2*q6))/8 + (i623*qp5*sin(2*q5 + q6))/4 + (i623*qp6*sin(2*q5 + q6))/8 + (i511*qp2*sin(2*q2 + 2*q3 + 2*q4 - 2*q5))/8 + (i511*qp2*sin(2*q2 + 2*q3 + 2*q4 + 2*q5))/8 + (i511*qp3*sin(2*q2 + 2*q3 + 2*q4 - 2*q5))/8 + (i511*qp3*sin(2*q2 + 2*q3 + 2*q4 + 2*q5))/8 + (i511*qp4*sin(2*q2 + 2*q3 + 2*q4 - 2*q5))/8 + (i511*qp4*sin(2*q2 + 2*q3 + 2*q4 + 2*q5))/8 - (i511*qp5*sin(2*q2 + 2*q3 + 2*q4 - 2*q5))/8 + (i511*qp5*sin(2*q2 + 2*q3 + 2*q4 + 2*q5))/8 - (i522*qp2*sin(2*q2 + 2*q3 + 2*q4 - 2*q5))/8 - (i522*qp2*sin(2*q2 + 2*q3 + 2*q4 + 2*q5))/8 - (i523*qp2*sin(2*q2 + 2*q3 + 2*q4 - q5))/2 - (i522*qp3*sin(2*q2 + 2*q3 + 2*q4 - 2*q5))/8 - (i522*qp3*sin(2*q2 + 2*q3 + 2*q4 + 2*q5))/8 - (i523*qp3*sin(2*q2 + 2*q3 + 2*q4 - q5))/2 - (i522*qp4*sin(2*q2 + 2*q3 + 2*q4 - 2*q5))/8 - (i522*qp4*sin(2*q2 + 2*q3 + 2*q4 + 2*q5))/8 - (i523*qp4*sin(2*q2 + 2*q3 + 2*q4 - q5))/2 + (i522*qp5*sin(2*q2 + 2*q3 + 2*q4 - 2*q5))/8 - (i522*qp5*sin(2*q2 + 2*q3 + 2*q4 + 2*q5))/8 + (i523*qp5*sin(2*q2 + 2*q3 + 2*q4 - q5))/4 + (i611*qp2*sin(2*q2 + 2*q3 + 2*q4 - 2*q5))/16 + (i611*qp2*sin(2*q2 + 2*q3 + 2*q4 + 2*q5))/16 + (3*i611*qp2*sin(2*q2 + 2*q3 + 2*q4 - 2*q6))/16 + (3*i611*qp2*sin(2*q2 + 2*q3 + 2*q4 + 2*q6))/16 + (i611*qp3*sin(2*q2 + 2*q3 + 2*q4 - 2*q5))/16 + (i611*qp3*sin(2*q2 + 2*q3 + 2*q4 + 2*q5))/16 + (3*i611*qp3*sin(2*q2 + 2*q3 + 2*q4 - 2*q6))/16 + (3*i611*qp3*sin(2*q2 + 2*q3 + 2*q4 + 2*q6))/16 + (i611*qp4*sin(2*q2 + 2*q3 + 2*q4 - 2*q5))/16 + (i611*qp4*sin(2*q2 + 2*q3 + 2*q4 + 2*q5))/16 + (3*i611*qp4*sin(2*q2 + 2*q3 + 2*q4 - 2*q6))/16 + (3*i611*qp4*sin(2*q2 + 2*q3 + 2*q4 + 2*q6))/16 - (i611*qp5*sin(2*q2 + 2*q3 + 2*q4 - 2*q5))/16 + (i611*qp5*sin(2*q2 + 2*q3 + 2*q4 + 2*q5))/16 - (3*i611*qp6*sin(2*q2 + 2*q3 + 2*q4 - 2*q6))/16 + (3*i611*qp6*sin(2*q2 + 2*q3 + 2*q4 + 2*q6))/16 + (i622*qp2*sin(2*q2 + 2*q3 + 2*q4 - 2*q5))/16 + (i622*qp2*sin(2*q2 + 2*q3 + 2*q4 + 2*q5))/16 - (3*i622*qp2*sin(2*q2 + 2*q3 + 2*q4 - 2*q6))/16 - (3*i622*qp2*sin(2*q2 + 2*q3 + 2*q4 + 2*q6))/16 + (i622*qp3*sin(2*q2 + 2*q3 + 2*q4 - 2*q5))/16 + (i622*qp3*sin(2*q2 + 2*q3 + 2*q4 + 2*q5))/16 - (3*i622*qp3*sin(2*q2 + 2*q3 + 2*q4 - 2*q6))/16 - (3*i622*qp3*sin(2*q2 + 2*q3 + 2*q4 + 2*q6))/16 + (i622*qp4*sin(2*q2 + 2*q3 + 2*q4 - 2*q5))/16 + (i622*qp4*sin(2*q2 + 2*q3 + 2*q4 + 2*q5))/16 - (3*i622*qp4*sin(2*q2 + 2*q3 + 2*q4 - 2*q6))/16 - (3*i622*qp4*sin(2*q2 + 2*q3 + 2*q4 + 2*q6))/16 - (i622*qp5*sin(2*q2 + 2*q3 + 2*q4 - 2*q5))/16 + (i622*qp5*sin(2*q2 + 2*q3 + 2*q4 + 2*q5))/16 + (3*i622*qp6*sin(2*q2 + 2*q3 + 2*q4 - 2*q6))/16 - (3*i622*qp6*sin(2*q2 + 2*q3 + 2*q4 + 2*q6))/16 - (i633*qp2*sin(2*q2 + 2*q3 + 2*q4 - 2*q5))/8 - (i633*qp2*sin(2*q2 + 2*q3 + 2*q4 + 2*q5))/8 - (i633*qp3*sin(2*q2 + 2*q3 + 2*q4 - 2*q5))/8 - (i633*qp3*sin(2*q2 + 2*q3 + 2*q4 + 2*q5))/8 - (i633*qp4*sin(2*q2 + 2*q3 + 2*q4 - 2*q5))/8 - (i633*qp4*sin(2*q2 + 2*q3 + 2*q4 + 2*q5))/8 + (i633*qp5*sin(2*q2 + 2*q3 + 2*q4 - 2*q5))/8 - (i633*qp5*sin(2*q2 + 2*q3 + 2*q4 + 2*q5))/8 + (i613*qp2*cos(2*q2 + 2*q3 + 2*q4 + q5 + q6))/4 + (i613*qp3*cos(2*q2 + 2*q3 + 2*q4 + q5 + q6))/4 + (i613*qp4*cos(2*q2 + 2*q3 + 2*q4 + q5 + q6))/4 + (i613*qp5*cos(2*q2 + 2*q3 + 2*q4 + q5 + q6))/8 + (i613*qp6*cos(2*q2 + 2*q3 + 2*q4 + q5 + q6))/8 - (i623*qp2*sin(2*q2 + 2*q3 + 2*q4 + q5 + q6))/4 - (i623*qp3*sin(2*q2 + 2*q3 + 2*q4 + q5 + q6))/4 - (i623*qp4*sin(2*q2 + 2*q3 + 2*q4 + q5 + q6))/4 - (i623*qp5*sin(2*q2 + 2*q3 + 2*q4 + q5 + q6))/8 - (i623*qp6*sin(2*q2 + 2*q3 + 2*q4 + q5 + q6))/8 + i212*qp2*cos(2*q2) - (i512*qp5*cos(2*q5))/2 + (i612*qp6*cos(2*q6))/4 - i412*qp2*cos(2*q2 + 2*q3 + 2*q4) - i412*qp3*cos(2*q2 + 2*q3 + 2*q4) - i412*qp4*cos(2*q2 + 2*q3 + 2*q4) + (i211*qp2*sin(2*q2))/2 - (i222*qp2*sin(2*q2))/2 - (i511*qp5*sin(2*q5))/4 + (i522*qp5*sin(2*q5))/4 - (i611*qp5*sin(2*q5))/8 + (i611*qp6*sin(2*q6))/8 - (i622*qp5*sin(2*q5))/8 - (i622*qp6*sin(2*q6))/8 + (i633*qp5*sin(2*q5))/4 - (i411*qp2*sin(2*q2 + 2*q3 + 2*q4))/2 - (i411*qp3*sin(2*q2 + 2*q3 + 2*q4))/2 - (i411*qp4*sin(2*q2 + 2*q3 + 2*q4))/2 + (i422*qp2*sin(2*q2 + 2*q3 + 2*q4))/2 + (i422*qp3*sin(2*q2 + 2*q3 + 2*q4))/2 + (i422*qp4*sin(2*q2 + 2*q3 + 2*q4))/2 + (i511*qp2*sin(2*q2 + 2*q3 + 2*q4))/4 + (i511*qp3*sin(2*q2 + 2*q3 + 2*q4))/4 + (i511*qp4*sin(2*q2 + 2*q3 + 2*q4))/4 + (i522*qp2*sin(2*q2 + 2*q3 + 2*q4))/4 + (i522*qp3*sin(2*q2 + 2*q3 + 2*q4))/4 + (i522*qp4*sin(2*q2 + 2*q3 + 2*q4))/4 - (i533*qp2*sin(2*q2 + 2*q3 + 2*q4))/2 - (i533*qp3*sin(2*q2 + 2*q3 + 2*q4))/2 - (i533*qp4*sin(2*q2 + 2*q3 + 2*q4))/2 - (i611*qp2*sin(2*q2 + 2*q3 + 2*q4))/8 - (i611*qp3*sin(2*q2 + 2*q3 + 2*q4))/8 - (i611*qp4*sin(2*q2 + 2*q3 + 2*q4))/8 - (i622*qp2*sin(2*q2 + 2*q3 + 2*q4))/8 - (i622*qp3*sin(2*q2 + 2*q3 + 2*q4))/8 - (i622*qp4*sin(2*q2 + 2*q3 + 2*q4))/8 + (i633*qp2*sin(2*q2 + 2*q3 + 2*q4))/4 + (i633*qp3*sin(2*q2 + 2*q3 + 2*q4))/4 + (i633*qp4*sin(2*q2 + 2*q3 + 2*q4))/4 - i312*qp2*cos(2*q2 + 2*q3) - i312*qp3*cos(2*q2 + 2*q3) + (i612*qp5*cos(2*q5 - 2*q6))/8 - (i612*qp5*cos(2*q5 + 2*q6))/8 - (i613*qp5*cos(2*q5 - q6))/4 - (i612*qp6*cos(2*q5 - 2*q6))/8 - (i612*qp6*cos(2*q5 + 2*q6))/8 + (i613*qp6*cos(2*q5 - q6))/8 - (i311*qp2*sin(2*q2 + 2*q3))/2 - (i311*qp3*sin(2*q2 + 2*q3))/2 + (i322*qp2*sin(2*q2 + 2*q3))/2 + (i322*qp3*sin(2*q2 + 2*q3))/2 - (i611*qp5*sin(2*q5 - 2*q6))/16 - (i611*qp5*sin(2*q5 + 2*q6))/16 + (i611*qp6*sin(2*q5 - 2*q6))/16 - (i611*qp6*sin(2*q5 + 2*q6))/16 + (i622*qp5*sin(2*q5 - 2*q6))/16 + (i622*qp5*sin(2*q5 + 2*q6))/16 - (i623*qp5*sin(2*q5 - q6))/4 - (i622*qp6*sin(2*q5 - 2*q6))/16 + (i622*qp6*sin(2*q5 + 2*q6))/16 + (i623*qp6*sin(2*q5 - q6))/8 + (i612*qp2*cos(2*q2 + 2*q3 + 2*q4 + q5 - 2*q6))/4 + (i612*qp2*cos(2*q2 + 2*q3 + 2*q4 + q5 + 2*q6))/4 - (i613*qp2*cos(2*q2 + 2*q3 + 2*q4 + q5 - q6))/4 - (i613*qp2*cos(2*q2 + 2*q3 + 2*q4 - q5 + q6))/4 + (i612*qp3*cos(2*q2 + 2*q3 + 2*q4 + q5 - 2*q6))/4 + (i612*qp3*cos(2*q2 + 2*q3 + 2*q4 + q5 + 2*q6))/4 - (i613*qp2*cos(2*q2 + 2*q3 + 2*q4 - 2*q5 + q6))/8 + (i613*qp2*cos(2*q2 + 2*q3 + 2*q4 + 2*q5 + q6))/8 - (i613*qp3*cos(2*q2 + 2*q3 + 2*q4 + q5 - q6))/4 - (i613*qp3*cos(2*q2 + 2*q3 + 2*q4 - q5 + q6))/4 + (i612*qp4*cos(2*q2 + 2*q3 + 2*q4 + q5 - 2*q6))/4 + (i612*qp4*cos(2*q2 + 2*q3 + 2*q4 + q5 + 2*q6))/4 - (i613*qp3*cos(2*q2 + 2*q3 + 2*q4 - 2*q5 + q6))/8 + (i613*qp3*cos(2*q2 + 2*q3 + 2*q4 + 2*q5 + q6))/8 - (i613*qp4*cos(2*q2 + 2*q3 + 2*q4 + q5 - q6))/4 - (i613*qp4*cos(2*q2 + 2*q3 + 2*q4 - q5 + q6))/4 + (i612*qp5*cos(2*q2 + 2*q3 + 2*q4 + q5 - 2*q6))/8 + (i612*qp5*cos(2*q2 + 2*q3 + 2*q4 + q5 + 2*q6))/8 - (i613*qp4*cos(2*q2 + 2*q3 + 2*q4 - 2*q5 + q6))/8 + (i613*qp4*cos(2*q2 + 2*q3 + 2*q4 + 2*q5 + q6))/8 - (i613*qp5*cos(2*q2 + 2*q3 + 2*q4 + q5 - q6))/8 + (i613*qp5*cos(2*q2 + 2*q3 + 2*q4 - q5 + q6))/8 - (i612*qp6*cos(2*q2 + 2*q3 + 2*q4 + q5 - 2*q6))/4 + (i612*qp6*cos(2*q2 + 2*q3 + 2*q4 + q5 + 2*q6))/4 + (i613*qp5*cos(2*q2 + 2*q3 + 2*q4 - 2*q5 + q6))/8 + (i613*qp5*cos(2*q2 + 2*q3 + 2*q4 + 2*q5 + q6))/8 + (i613*qp6*cos(2*q2 + 2*q3 + 2*q4 + q5 - q6))/8 - (i613*qp6*cos(2*q2 + 2*q3 + 2*q4 - q5 + q6))/8 - (i613*qp6*cos(2*q2 + 2*q3 + 2*q4 - 2*q5 + q6))/16 + (i613*qp6*cos(2*q2 + 2*q3 + 2*q4 + 2*q5 + q6))/16 - (i611*qp2*sin(2*q2 + 2*q3 + 2*q4 + q5 - 2*q6))/8 + (i611*qp2*sin(2*q2 + 2*q3 + 2*q4 + q5 + 2*q6))/8 - (i611*qp3*sin(2*q2 + 2*q3 + 2*q4 + q5 - 2*q6))/8 + (i611*qp3*sin(2*q2 + 2*q3 + 2*q4 + q5 + 2*q6))/8 - (i611*qp4*sin(2*q2 + 2*q3 + 2*q4 + q5 - 2*q6))/8 + (i611*qp4*sin(2*q2 + 2*q3 + 2*q4 + q5 + 2*q6))/8 - (i611*qp5*sin(2*q2 + 2*q3 + 2*q4 + q5 - 2*q6))/16 + (i611*qp5*sin(2*q2 + 2*q3 + 2*q4 + q5 + 2*q6))/16 + (i611*qp6*sin(2*q2 + 2*q3 + 2*q4 + q5 - 2*q6))/8 + (i611*qp6*sin(2*q2 + 2*q3 + 2*q4 + q5 + 2*q6))/8 + (i622*qp2*sin(2*q2 + 2*q3 + 2*q4 + q5 - 2*q6))/8 - (i622*qp2*sin(2*q2 + 2*q3 + 2*q4 + q5 + 2*q6))/8 - (i623*qp2*sin(2*q2 + 2*q3 + 2*q4 + q5 - q6))/4 + (i623*qp2*sin(2*q2 + 2*q3 + 2*q4 - q5 + q6))/4 + (i622*qp3*sin(2*q2 + 2*q3 + 2*q4 + q5 - 2*q6))/8 - (i622*qp3*sin(2*q2 + 2*q3 + 2*q4 + q5 + 2*q6))/8 + (i623*qp2*sin(2*q2 + 2*q3 + 2*q4 - 2*q5 + q6))/8 - (i623*qp2*sin(2*q2 + 2*q3 + 2*q4 + 2*q5 + q6))/8 - (i623*qp3*sin(2*q2 + 2*q3 + 2*q4 + q5 - q6))/4 + (i623*qp3*sin(2*q2 + 2*q3 + 2*q4 - q5 + q6))/4 + (i622*qp4*sin(2*q2 + 2*q3 + 2*q4 + q5 - 2*q6))/8 - (i622*qp4*sin(2*q2 + 2*q3 + 2*q4 + q5 + 2*q6))/8 + (i623*qp3*sin(2*q2 + 2*q3 + 2*q4 - 2*q5 + q6))/8 - (i623*qp3*sin(2*q2 + 2*q3 + 2*q4 + 2*q5 + q6))/8 - (i623*qp4*sin(2*q2 + 2*q3 + 2*q4 + q5 - q6))/4 + (i623*qp4*sin(2*q2 + 2*q3 + 2*q4 - q5 + q6))/4 + (i622*qp5*sin(2*q2 + 2*q3 + 2*q4 + q5 - 2*q6))/16 - (i622*qp5*sin(2*q2 + 2*q3 + 2*q4 + q5 + 2*q6))/16 + (i623*qp4*sin(2*q2 + 2*q3 + 2*q4 - 2*q5 + q6))/8 - (i623*qp4*sin(2*q2 + 2*q3 + 2*q4 + 2*q5 + q6))/8 - (i623*qp5*sin(2*q2 + 2*q3 + 2*q4 + q5 - q6))/8 - (i623*qp5*sin(2*q2 + 2*q3 + 2*q4 - q5 + q6))/8 - (i622*qp6*sin(2*q2 + 2*q3 + 2*q4 + q5 - 2*q6))/8 - (i622*qp6*sin(2*q2 + 2*q3 + 2*q4 + q5 + 2*q6))/8 - (i623*qp5*sin(2*q2 + 2*q3 + 2*q4 - 2*q5 + q6))/8 - (i623*qp5*sin(2*q2 + 2*q3 + 2*q4 + 2*q5 + q6))/8 + (i623*qp6*sin(2*q2 + 2*q3 + 2*q4 + q5 - q6))/8 + (i623*qp6*sin(2*q2 + 2*q3 + 2*q4 - q5 + q6))/8 + (i623*qp6*sin(2*q2 + 2*q3 + 2*q4 - 2*q5 + q6))/16 - (i623*qp6*sin(2*q2 + 2*q3 + 2*q4 + 2*q5 + q6))/16 - (i513*qp2*cos(2*q2 + 2*q3 + 2*q4 + q5))/2 - (i513*qp3*cos(2*q2 + 2*q3 + 2*q4 + q5))/2 - (i513*qp4*cos(2*q2 + 2*q3 + 2*q4 + q5))/2 - (i513*qp5*cos(2*q2 + 2*q3 + 2*q4 + q5))/4 + (i523*qp2*sin(2*q2 + 2*q3 + 2*q4 + q5))/2 + (i523*qp3*sin(2*q2 + 2*q3 + 2*q4 + q5))/2 + (i523*qp4*sin(2*q2 + 2*q3 + 2*q4 + q5))/2 + (i523*qp5*sin(2*q2 + 2*q3 + 2*q4 + q5))/4 + (pow(L3,2)*m3*qp2*sin(2*q2))/2 + (pow(L3,2)*m4*qp2*sin(2*q2))/2 + (pow(L3,2)*m5*qp2*sin(2*q2))/2 + (pow(L3,2)*m6*qp2*sin(2*q2))/2 - (pow(L8,2)*m2*qp2*sin(2*q2))/2 - (pow(L4,2)*m6*qp5*sin(2*q5))/16 + (pow(L8,2)*m5*qp5*sin(2*q5))/4 - (pow(L4,2)*m6*qp2*sin(2*q2 + 2*q3 + 2*q4))/16 - (pow(L4,2)*m6*qp3*sin(2*q2 + 2*q3 + 2*q4))/16 - (pow(L4,2)*m6*qp4*sin(2*q2 + 2*q3 + 2*q4))/16 - (pow(L8,2)*m5*qp2*sin(2*q2 + 2*q3 + 2*q4))/4 - (pow(L8,2)*m5*qp3*sin(2*q2 + 2*q3 + 2*q4))/4 - (pow(L8,2)*m5*qp4*sin(2*q2 + 2*q3 + 2*q4))/4 + (pow(L12,2)*m5*qp2*sin(2*q2 + 2*q3 + 2*q4))/2 + (pow(L12,2)*m5*qp3*sin(2*q2 + 2*q3 + 2*q4))/2 + (pow(L12,2)*m6*qp2*sin(2*q2 + 2*q3 + 2*q4))/2 + (pow(L12,2)*m5*qp4*sin(2*q2 + 2*q3 + 2*q4))/2 + (pow(L12,2)*m6*qp3*sin(2*q2 + 2*q3 + 2*q4))/2 + (pow(L12,2)*m6*qp4*sin(2*q2 + 2*q3 + 2*q4))/2 + (pow(L10,2)*m3*qp2*sin(2*q2 + 2*q3))/2 + (pow(L10,2)*m3*qp3*sin(2*q2 + 2*q3))/2 + (pow(L11,2)*m4*qp2*sin(2*q2 + 2*q3))/2 + (pow(L11,2)*m4*qp3*sin(2*q2 + 2*q3))/2 + (pow(L11,2)*m5*qp2*sin(2*q2 + 2*q3))/2 + (pow(L11,2)*m5*qp3*sin(2*q2 + 2*q3))/2 + (pow(L11,2)*m6*qp2*sin(2*q2 + 2*q3))/2 + (pow(L11,2)*m6*qp3*sin(2*q2 + 2*q3))/2 + (pow(L4,2)*m6*qp2*sin(2*q2 + 2*q3 + 2*q4 - 2*q5))/32 + (pow(L4,2)*m6*qp2*sin(2*q2 + 2*q3 + 2*q4 + 2*q5))/32 + (pow(L4,2)*m6*qp3*sin(2*q2 + 2*q3 + 2*q4 - 2*q5))/32 + (pow(L4,2)*m6*qp3*sin(2*q2 + 2*q3 + 2*q4 + 2*q5))/32 + (pow(L4,2)*m6*qp4*sin(2*q2 + 2*q3 + 2*q4 - 2*q5))/32 + (pow(L4,2)*m6*qp4*sin(2*q2 + 2*q3 + 2*q4 + 2*q5))/32 - (pow(L4,2)*m6*qp5*sin(2*q2 + 2*q3 + 2*q4 - 2*q5))/32 + (pow(L4,2)*m6*qp5*sin(2*q2 + 2*q3 + 2*q4 + 2*q5))/32 - (pow(L8,2)*m5*qp2*sin(2*q2 + 2*q3 + 2*q4 - 2*q5))/8 - (pow(L8,2)*m5*qp2*sin(2*q2 + 2*q3 + 2*q4 + 2*q5))/8 - (pow(L8,2)*m5*qp3*sin(2*q2 + 2*q3 + 2*q4 - 2*q5))/8 - (pow(L8,2)*m5*qp3*sin(2*q2 + 2*q3 + 2*q4 + 2*q5))/8 - (pow(L8,2)*m5*qp4*sin(2*q2 + 2*q3 + 2*q4 - 2*q5))/8 - (pow(L8,2)*m5*qp4*sin(2*q2 + 2*q3 + 2*q4 + 2*q5))/8 + (pow(L8,2)*m5*qp5*sin(2*q2 + 2*q3 + 2*q4 - 2*q5))/8 - (pow(L8,2)*m5*qp5*sin(2*q2 + 2*q3 + 2*q4 + 2*q5))/8 + (L3*L8*m5*qp2*cos(2*q2 + q3 + q4 - q5))/2 + (L3*L8*m5*qp3*cos(2*q2 + q3 + q4 - q5))/4 + (L3*L8*m5*qp4*cos(2*q2 + q3 + q4 - q5))/4 - (L3*L8*m5*qp5*cos(2*q2 + q3 + q4 - q5))/4 + (L8*L11*m5*qp2*cos(2*q2 + 2*q3 + q4 + q5))/2 + (L8*L11*m5*qp3*cos(2*q2 + 2*q3 + q4 + q5))/2 + (L8*L11*m5*qp4*cos(2*q2 + 2*q3 + q4 + q5))/4 + (L8*L11*m5*qp5*cos(2*q2 + 2*q3 + q4 + q5))/4 + (L3*L4*m6*qp2*sin(2*q2 + q3 + q4 - q5))/4 + (L3*L4*m6*qp3*sin(2*q2 + q3 + q4 - q5))/8 + (L3*L4*m6*qp4*sin(2*q2 + q3 + q4 - q5))/8 - (L3*L4*m6*qp5*sin(2*q2 + q3 + q4 - q5))/8 - (L4*L11*m6*qp2*sin(2*q2 + 2*q3 + q4 + q5))/4 - (L4*L11*m6*qp3*sin(2*q2 + 2*q3 + q4 + q5))/4 - (L4*L11*m6*qp4*sin(2*q2 + 2*q3 + q4 + q5))/8 - (L4*L11*m6*qp5*sin(2*q2 + 2*q3 + q4 + q5))/8 - (L3*L8*m5*qp3*cos(q3 + q4 - q5))/4 - (L3*L8*m5*qp4*cos(q3 + q4 - q5))/4 + (L3*L8*m5*qp5*cos(q3 + q4 - q5))/4 - (L3*L4*m6*qp3*sin(q3 + q4 - q5))/8 - (L3*L4*m6*qp4*sin(q3 + q4 - q5))/8 + (L3*L4*m6*qp5*sin(q3 + q4 - q5))/8 + L3*L12*m5*qp2*sin(2*q2 + q3 + q4) + (L3*L12*m5*qp3*sin(2*q2 + q3 + q4))/2 + L3*L12*m6*qp2*sin(2*q2 + q3 + q4) + (L3*L12*m5*qp4*sin(2*q2 + q3 + q4))/2 + (L3*L12*m6*qp3*sin(2*q2 + q3 + q4))/2 + (L3*L12*m6*qp4*sin(2*q2 + q3 + q4))/2 - (L8*L11*m5*qp4*cos(q4 + q5))/4 - (L8*L11*m5*qp5*cos(q4 + q5))/4 + (L8*L11*m5*qp2*cos(2*q2 + 2*q3 + q4 - q5))/2 + (L8*L11*m5*qp3*cos(2*q2 + 2*q3 + q4 - q5))/2 + (L8*L11*m5*qp4*cos(2*q2 + 2*q3 + q4 - q5))/4 + (L8*L12*m5*qp2*cos(2*q2 + 2*q3 + 2*q4 + q5))/2 - (L8*L11*m5*qp5*cos(2*q2 + 2*q3 + q4 - q5))/4 + (L8*L12*m5*qp3*cos(2*q2 + 2*q3 + 2*q4 + q5))/2 + (L8*L12*m5*qp4*cos(2*q2 + 2*q3 + 2*q4 + q5))/2 + (L8*L12*m5*qp5*cos(2*q2 + 2*q3 + 2*q4 + q5))/4 - (L3*L12*m5*qp3*sin(q3 + q4))/2 - (L3*L12*m5*qp4*sin(q3 + q4))/2 - (L3*L12*m6*qp3*sin(q3 + q4))/2 - (L3*L12*m6*qp4*sin(q3 + q4))/2 + (L4*L11*m6*qp4*sin(q4 + q5))/8 + (L4*L11*m6*qp5*sin(q4 + q5))/8 + (L4*L11*m6*qp2*sin(2*q2 + 2*q3 + q4 - q5))/4 + (L4*L11*m6*qp3*sin(2*q2 + 2*q3 + q4 - q5))/4 + (L4*L11*m6*qp4*sin(2*q2 + 2*q3 + q4 - q5))/8 - (L4*L12*m6*qp2*sin(2*q2 + 2*q3 + 2*q4 + q5))/4 - (L4*L11*m6*qp5*sin(2*q2 + 2*q3 + q4 - q5))/8 - (L4*L12*m6*qp3*sin(2*q2 + 2*q3 + 2*q4 + q5))/4 - (L4*L12*m6*qp4*sin(2*q2 + 2*q3 + 2*q4 + q5))/4 - (L4*L12*m6*qp5*sin(2*q2 + 2*q3 + 2*q4 + q5))/8 + L2*L8*m5*qp5*cos(q5) - (L2*L4*m6*qp5*sin(q5))/2 - (L3*L10*m3*qp3*sin(q3))/2 - (L3*L11*m4*qp3*sin(q3))/2 - (L3*L11*m5*qp3*sin(q3))/2 - (L3*L11*m6*qp3*sin(q3))/2 - (L11*L12*m5*qp4*sin(q4))/2 - (L11*L12*m6*qp4*sin(q4))/2 + L11*L12*m5*qp2*sin(2*q2 + 2*q3 + q4) + L11*L12*m5*qp3*sin(2*q2 + 2*q3 + q4) + L11*L12*m6*qp2*sin(2*q2 + 2*q3 + q4) + (L11*L12*m5*qp4*sin(2*q2 + 2*q3 + q4))/2 + L11*L12*m6*qp3*sin(2*q2 + 2*q3 + q4) + (L11*L12*m6*qp4*sin(2*q2 + 2*q3 + q4))/2 + (L3*L8*m5*qp2*cos(2*q2 + q3 + q4 + q5))/2 + (L3*L8*m5*qp3*cos(2*q2 + q3 + q4 + q5))/4 + (L3*L8*m5*qp4*cos(2*q2 + q3 + q4 + q5))/4 + (L3*L8*m5*qp5*cos(2*q2 + q3 + q4 + q5))/4 - (L3*L4*m6*qp2*sin(2*q2 + q3 + q4 + q5))/4 - (L3*L4*m6*qp3*sin(2*q2 + q3 + q4 + q5))/8 - (L3*L4*m6*qp4*sin(2*q2 + q3 + q4 + q5))/8 - (L3*L4*m6*qp5*sin(2*q2 + q3 + q4 + q5))/8 - (L8*L11*m5*qp4*cos(q4 - q5))/4 + (L8*L11*m5*qp5*cos(q4 - q5))/4 + (L8*L12*m5*qp2*cos(2*q2 + 2*q3 + 2*q4 - q5))/2 + (L8*L12*m5*qp3*cos(2*q2 + 2*q3 + 2*q4 - q5))/2 + (L8*L12*m5*qp4*cos(2*q2 + 2*q3 + 2*q4 - q5))/2 - (L8*L12*m5*qp5*cos(2*q2 + 2*q3 + 2*q4 - q5))/4 + L3*L10*m3*qp2*sin(2*q2 + q3) + (L3*L10*m3*qp3*sin(2*q2 + q3))/2 + L3*L11*m4*qp2*sin(2*q2 + q3) + (L3*L11*m4*qp3*sin(2*q2 + q3))/2 + L3*L11*m5*qp2*sin(2*q2 + q3) + (L3*L11*m5*qp3*sin(2*q2 + q3))/2 + L3*L11*m6*qp2*sin(2*q2 + q3) + (L3*L11*m6*qp3*sin(2*q2 + q3))/2 - (L4*L11*m6*qp4*sin(q4 - q5))/8 + (L4*L11*m6*qp5*sin(q4 - q5))/8 + (L4*L12*m6*qp2*sin(2*q2 + 2*q3 + 2*q4 - q5))/4 + (L4*L12*m6*qp3*sin(2*q2 + 2*q3 + 2*q4 - q5))/4 + (L4*L12*m6*qp4*sin(2*q2 + 2*q3 + 2*q4 - q5))/4 - (L4*L12*m6*qp5*sin(2*q2 + 2*q3 + 2*q4 - q5))/8 - (L3*L8*m5*qp3*cos(q3 + q4 + q5))/4 - (L3*L8*m5*qp4*cos(q3 + q4 + q5))/4 - (L3*L8*m5*qp5*cos(q3 + q4 + q5))/4 + (L3*L4*m6*qp3*sin(q3 + q4 + q5))/8 + (L3*L4*m6*qp4*sin(q3 + q4 + q5))/8 + (L3*L4*m6*qp5*sin(q3 + q4 + q5))/8;
      | 
[01m[K/home/gin/ros/workspaces/final/src/tum_ics_ur10_controller_tutorial/src/jointspace_controller.cpp:[m[K In member function ‘[01m[KTum::Vector6d tum_ics_ur_robot_lli::RobotControllers::JointSpaceController_1::calc_G(Tum::Vector6d, Tum::Vector6d)[m[K’:
[01m[K/home/gin/ros/workspaces/final/src/tum_ics_ur10_controller_tutorial/src/jointspace_controller.cpp:1014:14:[m[K [01;31m[Kerror: [m[Kredeclaration of ‘[01m[Kdouble q1[m[K’
 1014 |       double [01;31m[Kq1[m[K = Q(0);
      |              [01;31m[K^~[m[K
[01m[K/home/gin/ros/workspaces/final/src/tum_ics_ur10_controller_tutorial/src/jointspace_controller.cpp:999:14:[m[K [01;36m[Knote: [m[K‘[01m[Kdouble q1[m[K’ previously declared here
  999 |       double [01;36m[Kq1[m[K = Q(0);
      |              [01;36m[K^~[m[K
[01m[K/home/gin/ros/workspaces/final/src/tum_ics_ur10_controller_tutorial/src/jointspace_controller.cpp:1015:14:[m[K [01;31m[Kerror: [m[Kredeclaration of ‘[01m[Kdouble q2[m[K’
 1015 |       double [01;31m[Kq2[m[K = Q(1);
      |              [01;31m[K^~[m[K
[01m[K/home/gin/ros/workspaces/final/src/tum_ics_ur10_controller_tutorial/src/jointspace_controller.cpp:1000:14:[m[K [01;36m[Knote: [m[K‘[01m[Kdouble q2[m[K’ previously declared here
 1000 |       double [01;36m[Kq2[m[K = Q(1);
      |              [01;36m[K^~[m[K
[01m[K/home/gin/ros/workspaces/final/src/tum_ics_ur10_controller_tutorial/src/jointspace_controller.cpp:1016:14:[m[K [01;31m[Kerror: [m[Kredeclaration of ‘[01m[Kdouble q3[m[K’
 1016 |       double [01;31m[Kq3[m[K = Q(2);
      |              [01;31m[K^~[m[K
[01m[K/home/gin/ros/workspaces/final/src/tum_ics_ur10_controller_tutorial/src/jointspace_controller.cpp:1001:14:[m[K [01;36m[Knote: [m[K‘[01m[Kdouble q3[m[K’ previously declared here
 1001 |       double [01;36m[Kq3[m[K = Q(2);
      |              [01;36m[K^~[m[K
[01m[K/home/gin/ros/workspaces/final/src/tum_ics_ur10_controller_tutorial/src/jointspace_controller.cpp:1017:14:[m[K [01;31m[Kerror: [m[Kredeclaration of ‘[01m[Kdouble q4[m[K’
 1017 |       double [01;31m[Kq4[m[K = Q(3);
      |              [01;31m[K^~[m[K
[01m[K/home/gin/ros/workspaces/final/src/tum_ics_ur10_controller_tutorial/src/jointspace_controller.cpp:1002:14:[m[K [01;36m[Knote: [m[K‘[01m[Kdouble q4[m[K’ previously declared here
 1002 |       double [01;36m[Kq4[m[K = Q(3);
      |              [01;36m[K^~[m[K
[01m[K/home/gin/ros/workspaces/final/src/tum_ics_ur10_controller_tutorial/src/jointspace_controller.cpp:1018:14:[m[K [01;31m[Kerror: [m[Kredeclaration of ‘[01m[Kdouble q5[m[K’
 1018 |       double [01;31m[Kq5[m[K = Q(4);
      |              [01;31m[K^~[m[K
[01m[K/home/gin/ros/workspaces/final/src/tum_ics_ur10_controller_tutorial/src/jointspace_controller.cpp:1003:14:[m[K [01;36m[Knote: [m[K‘[01m[Kdouble q5[m[K’ previously declared here
 1003 |       double [01;36m[Kq5[m[K = Q(4);
      |              [01;36m[K^~[m[K
[01m[K/home/gin/ros/workspaces/final/src/tum_ics_ur10_controller_tutorial/src/jointspace_controller.cpp:1019:14:[m[K [01;31m[Kerror: [m[Kredeclaration of ‘[01m[Kdouble q6[m[K’
 1019 |       double [01;31m[Kq6[m[K = Q(5);
      |              [01;31m[K^~[m[K
[01m[K/home/gin/ros/workspaces/final/src/tum_ics_ur10_controller_tutorial/src/jointspace_controller.cpp:1004:14:[m[K [01;36m[Knote: [m[K‘[01m[Kdouble q6[m[K’ previously declared here
 1004 |       double [01;36m[Kq6[m[K = Q(5);
      |              [01;36m[K^~[m[K
[01m[K/home/gin/ros/workspaces/final/src/tum_ics_ur10_controller_tutorial/src/jointspace_controller.cpp:1021:14:[m[K [01;31m[Kerror: [m[Kredeclaration of ‘[01m[Kdouble qp1[m[K’
 1021 |       double [01;31m[Kqp1[m[K = Qp(0);
      |              [01;31m[K^~~[m[K
[01m[K/home/gin/ros/workspaces/final/src/tum_ics_ur10_controller_tutorial/src/jointspace_controller.cpp:1006:14:[m[K [01;36m[Knote: [m[K‘[01m[Kdouble qp1[m[K’ previously declared here
 1006 |       double [01;36m[Kqp1[m[K = Qp(0);
      |              [01;36m[K^~~[m[K
[01m[K/home/gin/ros/workspaces/final/src/tum_ics_ur10_controller_tutorial/src/jointspace_controller.cpp:1022:14:[m[K [01;31m[Kerror: [m[Kredeclaration of ‘[01m[Kdouble qp2[m[K’
 1022 |       double [01;31m[Kqp2[m[K = Qp(1);
      |              [01;31m[K^~~[m[K
[01m[K/home/gin/ros/workspaces/final/src/tum_ics_ur10_controller_tutorial/src/jointspace_controller.cpp:1007:14:[m[K [01;36m[Knote: [m[K‘[01m[Kdouble qp2[m[K’ previously declared here
 1007 |       double [01;36m[Kqp2[m[K = Qp(1);
      |              [01;36m[K^~~[m[K
[01m[K/home/gin/ros/workspaces/final/src/tum_ics_ur10_controller_tutorial/src/jointspace_controller.cpp:1023:14:[m[K [01;31m[Kerror: [m[Kredeclaration of ‘[01m[Kdouble qp3[m[K’
 1023 |       double [01;31m[Kqp3[m[K = Qp(2);
      |              [01;31m[K^~~[m[K
[01m[K/home/gin/ros/workspaces/final/src/tum_ics_ur10_controller_tutorial/src/jointspace_controller.cpp:1008:14:[m[K [01;36m[Knote: [m[K‘[01m[Kdouble qp3[m[K’ previously declared here
 1008 |       double [01;36m[Kqp3[m[K = Qp(2);
      |              [01;36m[K^~~[m[K
[01m[K/home/gin/ros/workspaces/final/src/tum_ics_ur10_controller_tutorial/src/jointspace_controller.cpp:1024:14:[m[K [01;31m[Kerror: [m[Kredeclaration of ‘[01m[Kdouble qp4[m[K’
 1024 |       double [01;31m[Kqp4[m[K = Qp(3);
      |              [01;31m[K^~~[m[K
[01m[K/home/gin/ros/workspaces/final/src/tum_ics_ur10_controller_tutorial/src/jointspace_controller.cpp:1009:14:[m[K [01;36m[Knote: [m[K‘[01m[Kdouble qp4[m[K’ previously declared here
 1009 |       double [01;36m[Kqp4[m[K = Qp(3);
      |              [01;36m[K^~~[m[K
[01m[K/home/gin/ros/workspaces/final/src/tum_ics_ur10_controller_tutorial/src/jointspace_controller.cpp:1025:14:[m[K [01;31m[Kerror: [m[Kredeclaration of ‘[01m[Kdouble qp5[m[K’
 1025 |       double [01;31m[Kqp5[m[K = Qp(4);
      |              [01;31m[K^~~[m[K
[01m[K/home/gin/ros/workspaces/final/src/tum_ics_ur10_controller_tutorial/src/jointspace_controller.cpp:1010:14:[m[K [01;36m[Knote: [m[K‘[01m[Kdouble qp5[m[K’ previously declared here
 1010 |       double [01;36m[Kqp5[m[K = Qp(4);
      |              [01;36m[K^~~[m[K
[01m[K/home/gin/ros/workspaces/final/src/tum_ics_ur10_controller_tutorial/src/jointspace_controller.cpp:1026:14:[m[K [01;31m[Kerror: [m[Kredeclaration of ‘[01m[Kdouble qp6[m[K’
 1026 |       double [01;31m[Kqp6[m[K = Qp(5);
      |              [01;31m[K^~~[m[K
[01m[K/home/gin/ros/workspaces/final/src/tum_ics_ur10_controller_tutorial/src/jointspace_controller.cpp:1011:14:[m[K [01;36m[Knote: [m[K‘[01m[Kdouble qp6[m[K’ previously declared here
 1011 |       double [01;36m[Kqp6[m[K = Qp(5);
      |              [01;36m[K^~~[m[K
make[2]: *** [CMakeFiles/ur10_control.dir/build.make:63: CMakeFiles/ur10_control.dir/src/jointspace_controller.cpp.o] Error 1
make[1]: *** [CMakeFiles/Makefile2:1905: CMakeFiles/ur10_control.dir/all] Error 2
make: *** [Makefile:141: all] Error 2
