[01m[K/home/gin/ros/workspaces/final/src/tum_ics_ur10_controller_tutorial/src/jointspace_controller.cpp:[m[K In member function ‘[01m[KTum::Vector6d tum_ics_ur_robot_lli::RobotControllers::JointSpaceController_1::operational_control_obstacle_avoidance(Tum::Vector6d, Tum::Vector6d, Tum::Vector6d, double, double, const tum_ics_ur_robot_lli::RobotTime&)[m[K’:
[01m[K/home/gin/ros/workspaces/final/src/tum_ics_ur10_controller_tutorial/src/jointspace_controller.cpp:685:56:[m[K [01;31m[Kerror: [m[Kno matching function for call to ‘[01m[Ktum_ics_ur_robot_lli::RobotControllers::JointSpaceController_1::calc_repel_force(Tum::Vector6d&, double&)[m[K’
  685 |       Matrix6d Fj_0 = calc_repel_force(Q, rad_influence[01;31m[K)[m[K;
      |                                                        [01;31m[K^[m[K
In file included from [01m[K/home/gin/ros/workspaces/final/src/tum_ics_ur10_controller_tutorial/src/jointspace_controller.cpp:1[m[K:
[01m[K/home/gin/ros/workspaces/final/src/tum_ics_ur10_controller_tutorial/include/tum_ics_ur10_controller_tutorial/jointspace_controller.h:199:16:[m[K [01;36m[Knote: [m[Kcandidate: ‘[01m[KEigen::Vector3d tum_ics_ur_robot_lli::RobotControllers::JointSpaceController_1::calc_repel_force(Tum::Vector6d, int, double)[m[K’
  199 |       Vector3d [01;36m[Kcalc_repel_force[m[K(Vector6d Q, int j, double rad_influence);
      |                [01;36m[K^~~~~~~~~~~~~~~~[m[K
[01m[K/home/gin/ros/workspaces/final/src/tum_ics_ur10_controller_tutorial/include/tum_ics_ur10_controller_tutorial/jointspace_controller.h:199:16:[m[K [01;36m[Knote: [m[K  candidate expects 3 arguments, 2 provided
[01m[K/home/gin/ros/workspaces/final/src/tum_ics_ur10_controller_tutorial/src/jointspace_controller.cpp:[m[K At global scope:
[01m[K/home/gin/ros/workspaces/final/src/tum_ics_ur10_controller_tutorial/src/jointspace_controller.cpp:721:14:[m[K [01;31m[Kerror: [m[Kno declaration matches ‘[01m[KTum::Matrix6d tum_ics_ur_robot_lli::RobotControllers::JointSpaceController_1::calc_repel_force(Tum::Vector6d, double)[m[K’
  721 |     Matrix6d [01;31m[KJointSpaceController_1[m[K::calc_repel_force(Vector6d Q, double rad_influence) {
      |              [01;31m[K^~~~~~~~~~~~~~~~~~~~~~[m[K
In file included from [01m[K/home/gin/ros/workspaces/final/src/tum_ics_ur10_controller_tutorial/src/jointspace_controller.cpp:1[m[K:
[01m[K/home/gin/ros/workspaces/final/src/tum_ics_ur10_controller_tutorial/include/tum_ics_ur10_controller_tutorial/jointspace_controller.h:199:16:[m[K [01;36m[Knote: [m[Kcandidate is: ‘[01m[KEigen::Vector3d tum_ics_ur_robot_lli::RobotControllers::JointSpaceController_1::calc_repel_force(Tum::Vector6d, int, double)[m[K’
  199 |       Vector3d [01;36m[Kcalc_repel_force[m[K(Vector6d Q, int j, double rad_influence);
      |                [01;36m[K^~~~~~~~~~~~~~~~[m[K
In file included from [01m[K/home/gin/ros/workspaces/final/src/tum_ics_ur10_controller_tutorial/src/jointspace_controller.cpp:1[m[K:
[01m[K/home/gin/ros/workspaces/final/src/tum_ics_ur10_controller_tutorial/include/tum_ics_ur10_controller_tutorial/jointspace_controller.h:73:11:[m[K [01;36m[Knote: [m[K‘[01m[Kclass tum_ics_ur_robot_lli::RobotControllers::JointSpaceController_1[m[K’ defined here
   73 |     class [01;36m[KJointSpaceController_1[m[K : public ControlEffort
      |           [01;36m[K^~~~~~~~~~~~~~~~~~~~~~[m[K
make[2]: *** [CMakeFiles/ur10_control.dir/build.make:63: CMakeFiles/ur10_control.dir/src/jointspace_controller.cpp.o] Error 1
make[1]: *** [CMakeFiles/Makefile2:2045: CMakeFiles/ur10_control.dir/all] Error 2
make: *** [Makefile:141: all] Error 2
