[01m[K/home/gin/ros/workspaces/final/src/tum_ics_ur10_controller_tutorial/src/jointspace_controller.cpp:[m[K In member function ‘[01m[Kvirtual Tum::Vector6d tum_ics_ur_robot_lli::RobotControllers::JointSpaceController_1::update(const tum_ics_ur_robot_lli::RobotTime&, const tum_ics_ur_robot_lli::JointState&)[m[K’:
[01m[K/home/gin/ros/workspaces/final/src/tum_ics_ur10_controller_tutorial/src/jointspace_controller.cpp:508:46:[m[K [01;31m[Kerror: [m[Kno match for ‘[01m[Koperator*[m[K’ (operand types are ‘[01m[Kdouble[m[K’ and ‘[01m[KEigen::MatrixXi[m[K’ {aka ‘[01m[KEigen::Matrix<int, -1, -1>[m[K’})
  508 |       Theta_hat = Theta_hat - [32m[K0.00001*delta_t[m[K[01;31m[K*[m[K[34m[KGamma[m[K*Yr.transpose()*Sq;
      |                               [32m[K~~~~~~~~~~~~~~~[m[K[01;31m[K^[m[K[34m[K~~~~~[m[K
      |                                      [32m[K|[m[K        [34m[K|[m[K
      |                                      [32m[Kdouble[m[K   [34m[KEigen::MatrixXi {aka Eigen::Matrix<int, -1, -1>}[m[K
In file included from [01m[K/usr/include/eigen3/Eigen/Core:487[m[K,
                 from [01m[K/usr/include/eigen3/Eigen/Dense:1[m[K,
                 from [01m[K/usr/include/eigen3/Eigen/Eigen:1[m[K,
                 from [01m[K/usr/include/tumtools/Math/EigenDefs.h:5[m[K,
                 from [01m[K/opt/ros/noetic/include/tum_ics_ur_robot_lli/JointState.h:11[m[K,
                 from [01m[K/opt/ros/noetic/include/tum_ics_ur_robot_lli/RobotControllers/Controller.h:14[m[K,
                 from [01m[K/opt/ros/noetic/include/tum_ics_ur_robot_lli/RobotControllers/ControlEffort.h:4[m[K,
                 from [01m[K/home/gin/ros/workspaces/final/src/tum_ics_ur10_controller_tutorial/include/tum_ics_ur10_controller_tutorial/jointspace_controller.h:4[m[K,
                 from [01m[K/home/gin/ros/workspaces/final/src/tum_ics_ur10_controller_tutorial/src/jointspace_controller.cpp:1[m[K:
[01m[K/usr/include/eigen3/Eigen/src/Core/PermutationMatrix.h:543:1:[m[K [01;36m[Knote: [m[Kcandidate: ‘[01m[Ktemplate<class MatrixDerived, class PermutationDerived> const Eigen::Product<MatrixDerived, PermutationDerived, 2> Eigen::operator*(const Eigen::MatrixBase<Derived>&, const Eigen::PermutationBase<PermutationDerived>&)[m[K’
  543 | [01;36m[Koperator[m[K*(const MatrixBase<MatrixDerived> &matrix,
      | [01;36m[K^~~~~~~~[m[K
[01m[K/usr/include/eigen3/Eigen/src/Core/PermutationMatrix.h:543:1:[m[K [01;36m[Knote: [m[K  template argument deduction/substitution failed:
[01m[K/home/gin/ros/workspaces/final/src/tum_ics_ur10_controller_tutorial/src/jointspace_controller.cpp:508:47:[m[K [01;36m[Knote: [m[K  mismatched types ‘[01m[Kconst Eigen::MatrixBase<Derived>[m[K’ and ‘[01m[Kdouble[m[K’
  508 |       Theta_hat = Theta_hat - 0.00001*delta_t*[01;36m[KGamma[m[K*Yr.transpose()*Sq;
      |                                               [01;36m[K^~~~~[m[K
In file included from [01m[K/usr/include/eigen3/Eigen/Core:487[m[K,
                 from [01m[K/usr/include/eigen3/Eigen/Dense:1[m[K,
                 from [01m[K/usr/include/eigen3/Eigen/Eigen:1[m[K,
                 from [01m[K/usr/include/tumtools/Math/EigenDefs.h:5[m[K,
                 from [01m[K/opt/ros/noetic/include/tum_ics_ur_robot_lli/JointState.h:11[m[K,
                 from [01m[K/opt/ros/noetic/include/tum_ics_ur_robot_lli/RobotControllers/Controller.h:14[m[K,
                 from [01m[K/opt/ros/noetic/include/tum_ics_ur_robot_lli/RobotControllers/ControlEffort.h:4[m[K,
                 from [01m[K/home/gin/ros/workspaces/final/src/tum_ics_ur10_controller_tutorial/include/tum_ics_ur10_controller_tutorial/jointspace_controller.h:4[m[K,
                 from [01m[K/home/gin/ros/workspaces/final/src/tum_ics_ur10_controller_tutorial/src/jointspace_controller.cpp:1[m[K:
[01m[K/usr/include/eigen3/Eigen/src/Core/PermutationMatrix.h:555:1:[m[K [01;36m[Knote: [m[Kcandidate: ‘[01m[Ktemplate<class PermutationDerived, class MatrixDerived> const Eigen::Product<MatrixDerived, PermutationDerived, 2> Eigen::operator*(const Eigen::PermutationBase<PermutationDerived>&, const Eigen::MatrixBase<U>&)[m[K’
  555 | [01;36m[Koperator[m[K*(const PermutationBase<PermutationDerived> &permutation,
      | [01;36m[K^~~~~~~~[m[K
[01m[K/usr/include/eigen3/Eigen/src/Core/PermutationMatrix.h:555:1:[m[K [01;36m[Knote: [m[K  template argument deduction/substitution failed:
[01m[K/home/gin/ros/workspaces/final/src/tum_ics_ur10_controller_tutorial/src/jointspace_controller.cpp:508:47:[m[K [01;36m[Knote: [m[K  mismatched types ‘[01m[Kconst Eigen::PermutationBase<PermutationDerived>[m[K’ and ‘[01m[Kdouble[m[K’
  508 |       Theta_hat = Theta_hat - 0.00001*delta_t*[01;36m[KGamma[m[K*Yr.transpose()*Sq;
      |                                               [01;36m[K^~~~~[m[K
In file included from [01m[K/usr/include/eigen3/Eigen/Core:488[m[K,
                 from [01m[K/usr/include/eigen3/Eigen/Dense:1[m[K,
                 from [01m[K/usr/include/eigen3/Eigen/Eigen:1[m[K,
                 from [01m[K/usr/include/tumtools/Math/EigenDefs.h:5[m[K,
                 from [01m[K/opt/ros/noetic/include/tum_ics_ur_robot_lli/JointState.h:11[m[K,
                 from [01m[K/opt/ros/noetic/include/tum_ics_ur_robot_lli/RobotControllers/Controller.h:14[m[K,
                 from [01m[K/opt/ros/noetic/include/tum_ics_ur_robot_lli/RobotControllers/ControlEffort.h:4[m[K,
                 from [01m[K/home/gin/ros/workspaces/final/src/tum_ics_ur10_controller_tutorial/include/tum_ics_ur10_controller_tutorial/jointspace_controller.h:4[m[K,
                 from [01m[K/home/gin/ros/workspaces/final/src/tum_ics_ur10_controller_tutorial/src/jointspace_controller.cpp:1[m[K:
[01m[K/usr/include/eigen3/Eigen/src/Core/Transpositions.h:338:1:[m[K [01;36m[Knote: [m[Kcandidate: ‘[01m[Ktemplate<class MatrixDerived, class TranspositionsDerived> const Eigen::Product<MatrixDerived, PermutationDerived, 2> Eigen::operator*(const Eigen::MatrixBase<Derived>&, const Eigen::TranspositionsBase<TranspositionsDerived>&)[m[K’
  338 | [01;36m[Koperator[m[K*(const MatrixBase<MatrixDerived> &matrix,
      | [01;36m[K^~~~~~~~[m[K
[01m[K/usr/include/eigen3/Eigen/src/Core/Transpositions.h:338:1:[m[K [01;36m[Knote: [m[K  template argument deduction/substitution failed:
[01m[K/home/gin/ros/workspaces/final/src/tum_ics_ur10_controller_tutorial/src/jointspace_controller.cpp:508:47:[m[K [01;36m[Knote: [m[K  mismatched types ‘[01m[Kconst Eigen::MatrixBase<Derived>[m[K’ and ‘[01m[Kdouble[m[K’
  508 |       Theta_hat = Theta_hat - 0.00001*delta_t*[01;36m[KGamma[m[K*Yr.transpose()*Sq;
      |                                               [01;36m[K^~~~~[m[K
In file included from [01m[K/usr/include/eigen3/Eigen/Core:488[m[K,
                 from [01m[K/usr/include/eigen3/Eigen/Dense:1[m[K,
                 from [01m[K/usr/include/eigen3/Eigen/Eigen:1[m[K,
                 from [01m[K/usr/include/tumtools/Math/EigenDefs.h:5[m[K,
                 from [01m[K/opt/ros/noetic/include/tum_ics_ur_robot_lli/JointState.h:11[m[K,
                 from [01m[K/opt/ros/noetic/include/tum_ics_ur_robot_lli/RobotControllers/Controller.h:14[m[K,
                 from [01m[K/opt/ros/noetic/include/tum_ics_ur_robot_lli/RobotControllers/ControlEffort.h:4[m[K,
                 from [01m[K/home/gin/ros/workspaces/final/src/tum_ics_ur10_controller_tutorial/include/tum_ics_ur10_controller_tutorial/jointspace_controller.h:4[m[K,
                 from [01m[K/home/gin/ros/workspaces/final/src/tum_ics_ur10_controller_tutorial/src/jointspace_controller.cpp:1[m[K:
[01m[K/usr/include/eigen3/Eigen/src/Core/Transpositions.h:350:1:[m[K [01;36m[Knote: [m[Kcandidate: ‘[01m[Ktemplate<class TranspositionsDerived, class MatrixDerived> const Eigen::Product<MatrixDerived, PermutationDerived, 2> Eigen::operator*(const Eigen::TranspositionsBase<TranspositionsDerived>&, const Eigen::MatrixBase<U>&)[m[K’
  350 | [01;36m[Koperator[m[K*(const TranspositionsBase<TranspositionsDerived> &transpositions,
      | [01;36m[K^~~~~~~~[m[K
[01m[K/usr/include/eigen3/Eigen/src/Core/Transpositions.h:350:1:[m[K [01;36m[Knote: [m[K  template argument deduction/substitution failed:
[01m[K/home/gin/ros/workspaces/final/src/tum_ics_ur10_controller_tutorial/src/jointspace_controller.cpp:508:47:[m[K [01;36m[Knote: [m[K  mismatched types ‘[01m[Kconst Eigen::TranspositionsBase<TranspositionsDerived>[m[K’ and ‘[01m[Kdouble[m[K’
  508 |       Theta_hat = Theta_hat - 0.00001*delta_t*[01;36m[KGamma[m[K*Yr.transpose()*Sq;
      |                                               [01;36m[K^~~~~[m[K
In file included from [01m[K/usr/include/eigen3/Eigen/Householder:24[m[K,
                 from [01m[K/usr/include/eigen3/Eigen/QR:17[m[K,
                 from [01m[K/usr/include/eigen3/Eigen/Dense:4[m[K,
                 from [01m[K/usr/include/eigen3/Eigen/Eigen:1[m[K,
                 from [01m[K/usr/include/tumtools/Math/EigenDefs.h:5[m[K,
                 from [01m[K/opt/ros/noetic/include/tum_ics_ur_robot_lli/JointState.h:11[m[K,
                 from [01m[K/opt/ros/noetic/include/tum_ics_ur_robot_lli/RobotControllers/Controller.h:14[m[K,
                 from [01m[K/opt/ros/noetic/include/tum_ics_ur_robot_lli/RobotControllers/ControlEffort.h:4[m[K,
                 from [01m[K/home/gin/ros/workspaces/final/src/tum_ics_ur10_controller_tutorial/include/tum_ics_ur10_controller_tutorial/jointspace_controller.h:4[m[K,
                 from [01m[K/home/gin/ros/workspaces/final/src/tum_ics_ur10_controller_tutorial/src/jointspace_controller.cpp:1[m[K:
[01m[K/usr/include/eigen3/Eigen/src/Householder/HouseholderSequence.h:438:99:[m[K [01;36m[Knote: [m[Kcandidate: ‘[01m[Ktemplate<class OtherDerived, class VectorsType, class CoeffsType, int Side> typename Eigen::internal::matrix_type_times_scalar_type<typename VectorsType::Scalar, OtherDerived>::Type Eigen::operator*(const Eigen::MatrixBase<Derived>&, const Eigen::HouseholderSequence<VectorsType, CoeffsType, Side>&)[m[K’
  438 | typename internal::matrix_type_times_scalar_type<typename VectorsType::Scalar,OtherDerived>::Type [01;36m[Koperator[m[K*(const MatrixBase<OtherDerived>& other, const HouseholderSequence<VectorsType,CoeffsType,Side>& h)
      |                                                                                                   [01;36m[K^~~~~~~~[m[K
[01m[K/usr/include/eigen3/Eigen/src/Householder/HouseholderSequence.h:438:99:[m[K [01;36m[Knote: [m[K  template argument deduction/substitution failed:
[01m[K/home/gin/ros/workspaces/final/src/tum_ics_ur10_controller_tutorial/src/jointspace_controller.cpp:508:47:[m[K [01;36m[Knote: [m[K  mismatched types ‘[01m[Kconst Eigen::MatrixBase<Derived>[m[K’ and ‘[01m[Kdouble[m[K’
  508 |       Theta_hat = Theta_hat - 0.00001*delta_t*[01;36m[KGamma[m[K*Yr.transpose()*Sq;
      |                                               [01;36m[K^~~~~[m[K
In file included from [01m[K/usr/include/eigen3/Eigen/Geometry:46[m[K,
                 from [01m[K/usr/include/eigen3/Eigen/Dense:6[m[K,
                 from [01m[K/usr/include/eigen3/Eigen/Eigen:1[m[K,
                 from [01m[K/usr/include/tumtools/Math/EigenDefs.h:5[m[K,
                 from [01m[K/opt/ros/noetic/include/tum_ics_ur_robot_lli/JointState.h:11[m[K,
                 from [01m[K/opt/ros/noetic/include/tum_ics_ur_robot_lli/RobotControllers/Controller.h:14[m[K,
                 from [01m[K/opt/ros/noetic/include/tum_ics_ur_robot_lli/RobotControllers/ControlEffort.h:4[m[K,
                 from [01m[K/home/gin/ros/workspaces/final/src/tum_ics_ur10_controller_tutorial/include/tum_ics_ur10_controller_tutorial/jointspace_controller.h:4[m[K,
                 from [01m[K/home/gin/ros/workspaces/final/src/tum_ics_ur10_controller_tutorial/src/jointspace_controller.cpp:1[m[K:
[01m[K/usr/include/eigen3/Eigen/src/Geometry/Scaling.h:117:1:[m[K [01;36m[Knote: [m[Kcandidate: ‘[01m[Ktemplate<class Derived, class Scalar> Eigen::CwiseBinaryOp<Eigen::internal::scalar_product_op<typename Eigen::internal::traits<T>::Scalar, Scalar>, const Derived, const typename Eigen::internal::plain_constant_type<Expr, Scalar>::type> Eigen::operator*(const Eigen::MatrixBase<Derived>&, const Eigen::UniformScaling<Scalar>&)[m[K’
  117 | [01;36m[Koperator[m[K*(const MatrixBase<Derived>& matrix, const UniformScaling<Scalar>& s)
      | [01;36m[K^~~~~~~~[m[K
[01m[K/usr/include/eigen3/Eigen/src/Geometry/Scaling.h:117:1:[m[K [01;36m[Knote: [m[K  template argument deduction/substitution failed:
[01m[K/home/gin/ros/workspaces/final/src/tum_ics_ur10_controller_tutorial/src/jointspace_controller.cpp:508:47:[m[K [01;36m[Knote: [m[K  mismatched types ‘[01m[Kconst Eigen::MatrixBase<Derived>[m[K’ and ‘[01m[Kdouble[m[K’
  508 |       Theta_hat = Theta_hat - 0.00001*delta_t*[01;36m[KGamma[m[K*Yr.transpose()*Sq;
      |                                               [01;36m[K^~~~~[m[K
In file included from [01m[K/usr/include/eigen3/Eigen/SparseCore:62[m[K,
                 from [01m[K/usr/include/eigen3/Eigen/Sparse:26[m[K,
                 from [01m[K/usr/include/eigen3/Eigen/Eigen:2[m[K,
                 from [01m[K/usr/include/tumtools/Math/EigenDefs.h:5[m[K,
                 from [01m[K/opt/ros/noetic/include/tum_ics_ur_robot_lli/JointState.h:11[m[K,
                 from [01m[K/opt/ros/noetic/include/tum_ics_ur_robot_lli/RobotControllers/Controller.h:14[m[K,
                 from [01m[K/opt/ros/noetic/include/tum_ics_ur_robot_lli/RobotControllers/ControlEffort.h:4[m[K,
                 from [01m[K/home/gin/ros/workspaces/final/src/tum_ics_ur10_controller_tutorial/include/tum_ics_ur10_controller_tutorial/jointspace_controller.h:4[m[K,
                 from [01m[K/home/gin/ros/workspaces/final/src/tum_ics_ur10_controller_tutorial/src/jointspace_controller.cpp:1[m[K:
[01m[K/usr/include/eigen3/Eigen/src/SparseCore/SparsePermutation.h:147:1:[m[K [01;36m[Knote: [m[Kcandidate: ‘[01m[Ktemplate<class SparseDerived, class PermDerived> const Eigen::Product<MatrixDerived, PermutationDerived, 2> Eigen::operator*(const Eigen::SparseMatrixBase<OtherDerived>&, const Eigen::PermutationBase<PermutationDerived>&)[m[K’
  147 | [01;36m[Koperator[m[K*(const SparseMatrixBase<SparseDerived>& matrix, const PermutationBase<PermDerived>& perm)
      | [01;36m[K^~~~~~~~[m[K
[01m[K/usr/include/eigen3/Eigen/src/SparseCore/SparsePermutation.h:147:1:[m[K [01;36m[Knote: [m[K  template argument deduction/substitution failed:
[01m[K/home/gin/ros/workspaces/final/src/tum_ics_ur10_controller_tutorial/src/jointspace_controller.cpp:508:47:[m[K [01;36m[Knote: [m[K  mismatched types ‘[01m[Kconst Eigen::SparseMatrixBase<OtherDerived>[m[K’ and ‘[01m[Kdouble[m[K’
  508 |       Theta_hat = Theta_hat - 0.00001*delta_t*[01;36m[KGamma[m[K*Yr.transpose()*Sq;
      |                                               [01;36m[K^~~~~[m[K
In file included from [01m[K/usr/include/eigen3/Eigen/SparseCore:62[m[K,
                 from [01m[K/usr/include/eigen3/Eigen/Sparse:26[m[K,
                 from [01m[K/usr/include/eigen3/Eigen/Eigen:2[m[K,
                 from [01m[K/usr/include/tumtools/Math/EigenDefs.h:5[m[K,
                 from [01m[K/opt/ros/noetic/include/tum_ics_ur_robot_lli/JointState.h:11[m[K,
                 from [01m[K/opt/ros/noetic/include/tum_ics_ur_robot_lli/RobotControllers/Controller.h:14[m[K,
                 from [01m[K/opt/ros/noetic/include/tum_ics_ur_robot_lli/RobotControllers/ControlEffort.h:4[m[K,
                 from [01m[K/home/gin/ros/workspaces/final/src/tum_ics_ur10_controller_tutorial/include/tum_ics_ur10_controller_tutorial/jointspace_controller.h:4[m[K,
                 from [01m[K/home/gin/ros/workspaces/final/src/tum_ics_ur10_controller_tutorial/src/jointspace_controller.cpp:1[m[K:
[01m[K/usr/include/eigen3/Eigen/src/SparseCore/SparsePermutation.h:154:1:[m[K [01;36m[Knote: [m[Kcandidate: ‘[01m[Ktemplate<class SparseDerived, class PermDerived> const Eigen::Product<PermDerived, SparseDerived, 2> Eigen::operator*(const Eigen::PermutationBase<PermutationDerived>&, const Eigen::SparseMatrixBase<OtherDerived>&)[m[K’
  154 | [01;36m[Koperator[m[K*( const PermutationBase<PermDerived>& perm, const SparseMatrixBase<SparseDerived>& matrix)
      | [01;36m[K^~~~~~~~[m[K
[01m[K/usr/include/eigen3/Eigen/src/SparseCore/SparsePermutation.h:154:1:[m[K [01;36m[Knote: [m[K  template argument deduction/substitution failed:
[01m[K/home/gin/ros/workspaces/final/src/tum_ics_ur10_controller_tutorial/src/jointspace_controller.cpp:508:47:[m[K [01;36m[Knote: [m[K  mismatched types ‘[01m[Kconst Eigen::PermutationBase<PermutationDerived>[m[K’ and ‘[01m[Kdouble[m[K’
  508 |       Theta_hat = Theta_hat - 0.00001*delta_t*[01;36m[KGamma[m[K*Yr.transpose()*Sq;
      |                                               [01;36m[K^~~~~[m[K
In file included from [01m[K/usr/include/eigen3/Eigen/SparseCore:62[m[K,
                 from [01m[K/usr/include/eigen3/Eigen/Sparse:26[m[K,
                 from [01m[K/usr/include/eigen3/Eigen/Eigen:2[m[K,
                 from [01m[K/usr/include/tumtools/Math/EigenDefs.h:5[m[K,
                 from [01m[K/opt/ros/noetic/include/tum_ics_ur_robot_lli/JointState.h:11[m[K,
                 from [01m[K/opt/ros/noetic/include/tum_ics_ur_robot_lli/RobotControllers/Controller.h:14[m[K,
                 from [01m[K/opt/ros/noetic/include/tum_ics_ur_robot_lli/RobotControllers/ControlEffort.h:4[m[K,
                 from [01m[K/home/gin/ros/workspaces/final/src/tum_ics_ur10_controller_tutorial/include/tum_ics_ur10_controller_tutorial/jointspace_controller.h:4[m[K,
                 from [01m[K/home/gin/ros/workspaces/final/src/tum_ics_ur10_controller_tutorial/src/jointspace_controller.cpp:1[m[K:
[01m[K/usr/include/eigen3/Eigen/src/SparseCore/SparsePermutation.h:162:1:[m[K [01;36m[Knote: [m[Kcandidate: ‘[01m[Ktemplate<class SparseDerived, class PermutationType> const Eigen::Product<SparseDerived, Eigen::Inverse<Rhs>, 2> Eigen::operator*(const Eigen::SparseMatrixBase<OtherDerived>&, const Eigen::InverseImpl<PermutationType, Eigen::PermutationStorage>&)[m[K’
  162 | [01;36m[Koperator[m[K*(const SparseMatrixBase<SparseDerived>& matrix, const InverseImpl<PermutationType, PermutationStorage>& tperm)
      | [01;36m[K^~~~~~~~[m[K
[01m[K/usr/include/eigen3/Eigen/src/SparseCore/SparsePermutation.h:162:1:[m[K [01;36m[Knote: [m[K  template argument deduction/substitution failed:
[01m[K/home/gin/ros/workspaces/final/src/tum_ics_ur10_controller_tutorial/src/jointspace_controller.cpp:508:47:[m[K [01;36m[Knote: [m[K  mismatched types ‘[01m[Kconst Eigen::SparseMatrixBase<OtherDerived>[m[K’ and ‘[01m[Kdouble[m[K’
  508 |       Theta_hat = Theta_hat - 0.00001*delta_t*[01;36m[KGamma[m[K*Yr.transpose()*Sq;
      |                                               [01;36m[K^~~~~[m[K
In file included from [01m[K/usr/include/eigen3/Eigen/SparseCore:62[m[K,
                 from [01m[K/usr/include/eigen3/Eigen/Sparse:26[m[K,
                 from [01m[K/usr/include/eigen3/Eigen/Eigen:2[m[K,
                 from [01m[K/usr/include/tumtools/Math/EigenDefs.h:5[m[K,
                 from [01m[K/opt/ros/noetic/include/tum_ics_ur_robot_lli/JointState.h:11[m[K,
                 from [01m[K/opt/ros/noetic/include/tum_ics_ur_robot_lli/RobotControllers/Controller.h:14[m[K,
                 from [01m[K/opt/ros/noetic/include/tum_ics_ur_robot_lli/RobotControllers/ControlEffort.h:4[m[K,
                 from [01m[K/home/gin/ros/workspaces/final/src/tum_ics_ur10_controller_tutorial/include/tum_ics_ur10_controller_tutorial/jointspace_controller.h:4[m[K,
                 from [01m[K/home/gin/ros/workspaces/final/src/tum_ics_ur10_controller_tutorial/src/jointspace_controller.cpp:1[m[K:
[01m[K/usr/include/eigen3/Eigen/src/SparseCore/SparsePermutation.h:171:1:[m[K [01;36m[Knote: [m[Kcandidate: ‘[01m[Ktemplate<class SparseDerived, class PermutationType> const Eigen::Product<Eigen::Inverse<Rhs>, SparseDerived, 2> Eigen::operator*(const Eigen::InverseImpl<PermutationType, Eigen::PermutationStorage>&, const Eigen::SparseMatrixBase<OtherDerived>&)[m[K’
  171 | [01;36m[Koperator[m[K*(const InverseImpl<PermutationType,PermutationStorage>& tperm, const SparseMatrixBase<SparseDerived>& matrix)
      | [01;36m[K^~~~~~~~[m[K
[01m[K/usr/include/eigen3/Eigen/src/SparseCore/SparsePermutation.h:171:1:[m[K [01;36m[Knote: [m[K  template argument deduction/substitution failed:
[01m[K/home/gin/ros/workspaces/final/src/tum_ics_ur10_controller_tutorial/src/jointspace_controller.cpp:508:47:[m[K [01;36m[Knote: [m[K  mismatched types ‘[01m[Kconst Eigen::InverseImpl<PermutationType, Eigen::PermutationStorage>[m[K’ and ‘[01m[Kdouble[m[K’
  508 |       Theta_hat = Theta_hat - 0.00001*delta_t*[01;36m[KGamma[m[K*Yr.transpose()*Sq;
      |                                               [01;36m[K^~~~~[m[K
In file included from [01m[K/usr/include/eigen3/Eigen/Core:88[m[K,
                 from [01m[K/usr/include/eigen3/Eigen/Dense:1[m[K,
                 from [01m[K/usr/include/eigen3/Eigen/Eigen:1[m[K,
                 from [01m[K/usr/include/tumtools/Math/EigenDefs.h:5[m[K,
                 from [01m[K/opt/ros/noetic/include/tum_ics_ur_robot_lli/JointState.h:11[m[K,
                 from [01m[K/opt/ros/noetic/include/tum_ics_ur_robot_lli/RobotControllers/Controller.h:14[m[K,
                 from [01m[K/opt/ros/noetic/include/tum_ics_ur_robot_lli/RobotControllers/ControlEffort.h:4[m[K,
                 from [01m[K/home/gin/ros/workspaces/final/src/tum_ics_ur10_controller_tutorial/include/tum_ics_ur10_controller_tutorial/jointspace_controller.h:4[m[K,
                 from [01m[K/home/gin/ros/workspaces/final/src/tum_ics_ur10_controller_tutorial/src/jointspace_controller.cpp:1[m[K:
[01m[K/usr/include/eigen3/Eigen/src/plugins/CommonCwiseBinaryOps.h:50:1:[m[K [01;36m[Knote: [m[Kcandidate: ‘[01m[Ktemplate<class T> typename Eigen::internal::enable_if<true, const Eigen::CwiseBinaryOp<Eigen::internal::scalar_product_op<typename Eigen::internal::promote_scalar_arg<int, T, Eigen::internal::has_ReturnType<Eigen::ScalarBinaryOpTraits<T, int, Eigen::internal::scalar_product_op<T, int> > >::value>::type, int>, const typename Eigen::internal::plain_constant_type<Eigen::Matrix<int, -1, -1>, typename Eigen::internal::promote_scalar_arg<int, T, Eigen::internal::has_ReturnType<Eigen::ScalarBinaryOpTraits<T, int, Eigen::internal::scalar_product_op<T, int> > >::value>::type>::type, const Eigen::Matrix<int, -1, -1> > >::type Eigen::operator*(const T&, const StorageBaseType&)[m[K’
   50 | [01;36m[KEIGEN_MAKE_SCALAR_BINARY_OP[m[K(operator*,product)
      | [01;36m[K^~~~~~~~~~~~~~~~~~~~~~~~~~~[m[K
[01m[K/usr/include/eigen3/Eigen/src/plugins/CommonCwiseBinaryOps.h:50:1:[m[K [01;36m[Knote: [m[K  template argument deduction/substitution failed:
/usr/include/eigen3/Eigen/src/plugins/CommonCwiseBinaryOps.h: In substitution of ‘[01m[Ktemplate<class T> typename Eigen::internal::enable_if<true, const Eigen::CwiseBinaryOp<Eigen::internal::scalar_product_op<typename Eigen::internal::promote_scalar_arg<int, T, Eigen::internal::has_ReturnType<Eigen::ScalarBinaryOpTraits<T, int, Eigen::internal::scalar_product_op<T, int> > >::value>::type, int>, const typename Eigen::internal::plain_constant_type<Eigen::Matrix<int, -1, -1>, typename Eigen::internal::promote_scalar_arg<int, T, Eigen::internal::has_ReturnType<Eigen::ScalarBinaryOpTraits<T, int, Eigen::internal::scalar_product_op<T, int> > >::value>::type>::type, const Eigen::Matrix<int, -1, -1> > >::type Eigen::operator*(const T&, const StorageBaseType&) [with T = double][m[K’:
[01m[K/home/gin/ros/workspaces/final/src/tum_ics_ur10_controller_tutorial/src/jointspace_controller.cpp:508:47:[m[K   required from here
[01m[K/usr/include/eigen3/Eigen/src/plugins/CommonCwiseBinaryOps.h:50:1:[m[K [01;31m[Kerror: [m[Kno type named ‘[01m[Ktype[m[K’ in ‘[01m[Kstruct Eigen::internal::promote_scalar_arg<int, double, false>[m[K’
make[2]: *** [CMakeFiles/ur10_control.dir/build.make:63: CMakeFiles/ur10_control.dir/src/jointspace_controller.cpp.o] Error 1
make[1]: *** [CMakeFiles/Makefile2:1905: CMakeFiles/ur10_control.dir/all] Error 2
make: *** [Makefile:141: all] Error 2
