[01m[K/home/gin/ros/workspaces/final/src/tum_ics_ur10_controller_tutorial/src/jointspace_controller.cpp:[m[K In member function ‘[01m[KTum::Vector6d tum_ics_ur_robot_lli::RobotControllers::JointSpaceController_1::operational_control(Tum::Vector6d, Tum::Vector6d, Tum::Vector6d, double, double, const tum_ics_ur_robot_lli::RobotTime&)[m[K’:
[01m[K/home/gin/ros/workspaces/final/src/tum_ics_ur10_controller_tutorial/src/jointspace_controller.cpp:629:79:[m[K [01;31m[Kerror: [m[Kno matching function for call to ‘[01m[KEigen::Quaternion<double>::slerp(Eigen::Quaterniond&, const double&)[m[K’
  629 |       Quaterniond Qd = Q_start.slerp(Q_goal, std::min(1.0, elapesed_time/10.0)[01;31m[K)[m[K;
      |                                                                               [01;31m[K^[m[K
In file included from [01m[K/usr/include/eigen3/Eigen/Geometry:42[m[K,
                 from [01m[K/usr/include/eigen3/Eigen/Dense:6[m[K,
                 from [01m[K/usr/include/eigen3/Eigen/Eigen:1[m[K,
                 from [01m[K/usr/include/tumtools/Math/EigenDefs.h:5[m[K,
                 from [01m[K/opt/ros/noetic/include/tum_ics_ur_robot_lli/JointState.h:11[m[K,
                 from [01m[K/opt/ros/noetic/include/tum_ics_ur_robot_lli/RobotControllers/Controller.h:14[m[K,
                 from [01m[K/opt/ros/noetic/include/tum_ics_ur_robot_lli/RobotControllers/ControlEffort.h:4[m[K,
                 from [01m[K/home/gin/ros/workspaces/final/src/tum_ics_ur10_controller_tutorial/include/tum_ics_ur10_controller_tutorial/jointspace_controller.h:4[m[K,
                 from [01m[K/home/gin/ros/workspaces/final/src/tum_ics_ur10_controller_tutorial/src/jointspace_controller.cpp:1[m[K:
[01m[K/usr/include/eigen3/Eigen/src/Geometry/Quaternion.h:159:69:[m[K [01;36m[Knote: [m[Kcandidate: ‘[01m[Ktemplate<class OtherDerived> Eigen::Quaternion<typename Eigen::internal::traits<T>::Scalar> Eigen::QuaternionBase<Derived>::slerp(const Scalar&, const Eigen::QuaternionBase<OtherDerived>&) const [with OtherDerived = OtherDerived; Derived = Eigen::Quaternion<double>][m[K’
  159 |   template<class OtherDerived> EIGEN_DEVICE_FUNC Quaternion<Scalar> [01;36m[Kslerp[m[K(const Scalar& t, const QuaternionBase<OtherDerived>& other) const;
      |                                                                     [01;36m[K^~~~~[m[K
[01m[K/usr/include/eigen3/Eigen/src/Geometry/Quaternion.h:159:69:[m[K [01;36m[Knote: [m[K  template argument deduction/substitution failed:
[01m[K/home/gin/ros/workspaces/final/src/tum_ics_ur10_controller_tutorial/src/jointspace_controller.cpp:629:79:[m[K [01;36m[Knote: [m[K  mismatched types ‘[01m[Kconst Eigen::QuaternionBase<Derived>[m[K’ and ‘[01m[Kconst double[m[K’
  629 |       Quaterniond Qd = Q_start.slerp(Q_goal, std::min(1.0, elapesed_time/10.0)[01;36m[K)[m[K;
      |                                                                               [01;36m[K^[m[K
[01m[K/home/gin/ros/workspaces/final/src/tum_ics_ur10_controller_tutorial/src/jointspace_controller.cpp:632:19:[m[K [01;31m[Kerror: [m[Kredeclaration of ‘[01m[KEigen::Quaterniond Qd[m[K’
  632 |       Quaterniond [01;31m[KQd[m[K(T_ef_0_start_.orientation());
      |                   [01;31m[K^~[m[K
[01m[K/home/gin/ros/workspaces/final/src/tum_ics_ur10_controller_tutorial/src/jointspace_controller.cpp:629:19:[m[K [01;36m[Knote: [m[K‘[01m[KEigen::Quaterniond Qd[m[K’ previously declared here
  629 |       Quaterniond [01;36m[KQd[m[K = Q_start.slerp(Q_goal, std::min(1.0, elapesed_time/10.0));
      |                   [01;36m[K^~[m[K
make[2]: *** [CMakeFiles/ur10_control.dir/build.make:63: CMakeFiles/ur10_control.dir/src/jointspace_controller.cpp.o] Error 1
make[1]: *** [CMakeFiles/Makefile2:2045: CMakeFiles/ur10_control.dir/all] Error 2
make: *** [Makefile:141: all] Error 2
