[01m[K/home/gin/ros/workspaces/final/src/tum_ics_ur10_controller_tutorial/src/jointspace_controller.cpp:[m[K In member function ‘[01m[KTum::Vector6d tum_ics_ur_robot_lli::RobotControllers::JointSpaceController_1::impedance_control(Tum::Vector6d, Tum::Vector6d, Tum::Vector7d, Tum::Vector6d, double, double)[m[K’:
[01m[K/home/gin/ros/workspaces/final/src/tum_ics_ur10_controller_tutorial/src/jointspace_controller.cpp:803:16:[m[K [01;31m[Kerror: [m[Kredeclaration of ‘[01m[KEigen::Vector3d F1_0[m[K’
  803 |       Vector3d [01;31m[KF1_0[m[K = Fj_0.row(0).transpose();
      |                [01;31m[K^~~~[m[K
[01m[K/home/gin/ros/workspaces/final/src/tum_ics_ur10_controller_tutorial/src/jointspace_controller.cpp:785:16:[m[K [01;36m[Knote: [m[K‘[01m[KEigen::Vector3d F1_0[m[K’ previously declared here
  785 |       Vector3d [01;36m[KF1_0[m[K(Vector3d::Zero());
      |                [01;36m[K^~~~[m[K
[01m[K/home/gin/ros/workspaces/final/src/tum_ics_ur10_controller_tutorial/src/jointspace_controller.cpp:804:16:[m[K [01;31m[Kerror: [m[Kredeclaration of ‘[01m[KEigen::Vector3d F2_0[m[K’
  804 |       Vector3d [01;31m[KF2_0[m[K = Fj_0.row(1).transpose();
      |                [01;31m[K^~~~[m[K
[01m[K/home/gin/ros/workspaces/final/src/tum_ics_ur10_controller_tutorial/src/jointspace_controller.cpp:786:16:[m[K [01;36m[Knote: [m[K‘[01m[KEigen::Vector3d F2_0[m[K’ previously declared here
  786 |       Vector3d [01;36m[KF2_0[m[K(Vector3d::Zero());
      |                [01;36m[K^~~~[m[K
[01m[K/home/gin/ros/workspaces/final/src/tum_ics_ur10_controller_tutorial/src/jointspace_controller.cpp:805:16:[m[K [01;31m[Kerror: [m[Kredeclaration of ‘[01m[KEigen::Vector3d F3_0[m[K’
  805 |       Vector3d [01;31m[KF3_0[m[K = Fj_0.row(2).transpose();
      |                [01;31m[K^~~~[m[K
[01m[K/home/gin/ros/workspaces/final/src/tum_ics_ur10_controller_tutorial/src/jointspace_controller.cpp:787:16:[m[K [01;36m[Knote: [m[K‘[01m[KEigen::Vector3d F3_0[m[K’ previously declared here
  787 |       Vector3d [01;36m[KF3_0[m[K(Vector3d::Zero());
      |                [01;36m[K^~~~[m[K
[01m[K/home/gin/ros/workspaces/final/src/tum_ics_ur10_controller_tutorial/src/jointspace_controller.cpp:806:16:[m[K [01;31m[Kerror: [m[Kredeclaration of ‘[01m[KEigen::Vector3d F4_0[m[K’
  806 |       Vector3d [01;31m[KF4_0[m[K = Fj_0.row(3).transpose();
      |                [01;31m[K^~~~[m[K
[01m[K/home/gin/ros/workspaces/final/src/tum_ics_ur10_controller_tutorial/src/jointspace_controller.cpp:788:16:[m[K [01;36m[Knote: [m[K‘[01m[KEigen::Vector3d F4_0[m[K’ previously declared here
  788 |       Vector3d [01;36m[KF4_0[m[K(Vector3d::Zero());
      |                [01;36m[K^~~~[m[K
[01m[K/home/gin/ros/workspaces/final/src/tum_ics_ur10_controller_tutorial/src/jointspace_controller.cpp:807:16:[m[K [01;31m[Kerror: [m[Kredeclaration of ‘[01m[KEigen::Vector3d F5_0[m[K’
  807 |       Vector3d [01;31m[KF5_0[m[K = Fj_0.row(4).transpose();
      |                [01;31m[K^~~~[m[K
[01m[K/home/gin/ros/workspaces/final/src/tum_ics_ur10_controller_tutorial/src/jointspace_controller.cpp:789:16:[m[K [01;36m[Knote: [m[K‘[01m[KEigen::Vector3d F5_0[m[K’ previously declared here
  789 |       Vector3d [01;36m[KF5_0[m[K(Vector3d::Zero());
      |                [01;36m[K^~~~[m[K
[01m[K/home/gin/ros/workspaces/final/src/tum_ics_ur10_controller_tutorial/src/jointspace_controller.cpp:808:16:[m[K [01;31m[Kerror: [m[Kredeclaration of ‘[01m[KEigen::Vector3d F6_0[m[K’
  808 |       Vector3d [01;31m[KF6_0[m[K = Fj_0.row(5).transpose();
      |                [01;31m[K^~~~[m[K
[01m[K/home/gin/ros/workspaces/final/src/tum_ics_ur10_controller_tutorial/src/jointspace_controller.cpp:790:16:[m[K [01;36m[Knote: [m[K‘[01m[KEigen::Vector3d F6_0[m[K’ previously declared here
  790 |       Vector3d [01;36m[KF6_0[m[K(Vector3d::Zero());
      |                [01;36m[K^~~~[m[K
make[2]: *** [CMakeFiles/ur10_control.dir/build.make:63: CMakeFiles/ur10_control.dir/src/jointspace_controller.cpp.o] Error 1
make[1]: *** [CMakeFiles/Makefile2:2045: CMakeFiles/ur10_control.dir/all] Error 2
make: *** [Makefile:141: all] Error 2
