[01m[K/home/gin/ros/workspaces/final/src/tum_ics_ur10_controller_tutorial/src/jointspace_controller.cpp:[m[K In member function ‘[01m[Kvirtual Tum::Vector6d tum_ics_ur_robot_lli::RobotControllers::JointSpaceController_1::update(const tum_ics_ur_robot_lli::RobotTime&, const tum_ics_ur_robot_lli::JointState&)[m[K’:
[01m[K/home/gin/ros/workspaces/final/src/tum_ics_ur10_controller_tutorial/src/jointspace_controller.cpp:507:32:[m[K [01;31m[Kerror: [m[Kno matching function for call to ‘[01m[KEigen::DiagonalMatrix<double, 144, 144>::setIdentity(int, int)[m[K’
  507 |       Gamma.setIdentity(144,144[01;31m[K)[m[K;
      |                                [01;31m[K^[m[K
In file included from [01m[K/usr/include/eigen3/Eigen/Core:475[m[K,
                 from [01m[K/usr/include/eigen3/Eigen/Dense:1[m[K,
                 from [01m[K/usr/include/eigen3/Eigen/Eigen:1[m[K,
                 from [01m[K/usr/include/tumtools/Math/EigenDefs.h:5[m[K,
                 from [01m[K/opt/ros/noetic/include/tum_ics_ur_robot_lli/JointState.h:11[m[K,
                 from [01m[K/opt/ros/noetic/include/tum_ics_ur_robot_lli/RobotControllers/Controller.h:14[m[K,
                 from [01m[K/opt/ros/noetic/include/tum_ics_ur_robot_lli/RobotControllers/ControlEffort.h:4[m[K,
                 from [01m[K/home/gin/ros/workspaces/final/src/tum_ics_ur10_controller_tutorial/include/tum_ics_ur10_controller_tutorial/jointspace_controller.h:4[m[K,
                 from [01m[K/home/gin/ros/workspaces/final/src/tum_ics_ur10_controller_tutorial/src/jointspace_controller.cpp:1[m[K:
[01m[K/usr/include/eigen3/Eigen/src/Core/DiagonalMatrix.h:205:17:[m[K [01;36m[Knote: [m[Kcandidate: ‘[01m[Kvoid Eigen::DiagonalMatrix<_Scalar, SizeAtCompileTime, MaxSizeAtCompileTime>::setIdentity() [with _Scalar = double; int SizeAtCompileTime = 144; int MaxSizeAtCompileTime = 144][m[K’
  205 |     inline void [01;36m[KsetIdentity[m[K() { m_diagonal.setOnes(); }
      |                 [01;36m[K^~~~~~~~~~~[m[K
[01m[K/usr/include/eigen3/Eigen/src/Core/DiagonalMatrix.h:205:17:[m[K [01;36m[Knote: [m[K  candidate expects 0 arguments, 2 provided
[01m[K/usr/include/eigen3/Eigen/src/Core/DiagonalMatrix.h:208:17:[m[K [01;36m[Knote: [m[Kcandidate: ‘[01m[Kvoid Eigen::DiagonalMatrix<_Scalar, SizeAtCompileTime, MaxSizeAtCompileTime>::setIdentity(Eigen::Index) [with _Scalar = double; int SizeAtCompileTime = 144; int MaxSizeAtCompileTime = 144; Eigen::Index = long int][m[K’
  208 |     inline void [01;36m[KsetIdentity[m[K(Index size) { m_diagonal.setOnes(size); }
      |                 [01;36m[K^~~~~~~~~~~[m[K
[01m[K/usr/include/eigen3/Eigen/src/Core/DiagonalMatrix.h:208:17:[m[K [01;36m[Knote: [m[K  candidate expects 1 argument, 2 provided
make[2]: *** [CMakeFiles/ur10_control.dir/build.make:63: CMakeFiles/ur10_control.dir/src/jointspace_controller.cpp.o] Error 1
make[1]: *** [CMakeFiles/Makefile2:1905: CMakeFiles/ur10_control.dir/all] Error 2
make: *** [Makefile:141: all] Error 2
