[01m[K/home/gin/ros/workspaces/final/src/tum_ics_ur10_controller_tutorial/src/jointspace_controller.cpp:[m[K In member function ‘[01m[KTum::Vector6d tum_ics_ur_robot_lli::RobotControllers::JointSpaceController_1::operational_control(Tum::Vector6d, Tum::Vector6d, Tum::Vector6d, double, double, const tum_ics_ur_robot_lli::RobotTime&)[m[K’:
[01m[K/home/gin/ros/workspaces/final/src/tum_ics_ur10_controller_tutorial/src/jointspace_controller.cpp:653:33:[m[K [01;31m[Kerror: [m[Kexpected ‘[01m[K,[m[K’ or ‘[01m[K;[m[K’ before ‘[01m[K)[m[K’ token
  653 |       Vector3d Xp_eul = E(X_eul)[01;31m[K)[m[Kinverse() * Xp_w;
      |                                 [01;31m[K^[m[K
[01m[K/home/gin/ros/workspaces/final/src/tum_ics_ur10_controller_tutorial/src/jointspace_controller.cpp:668:50:[m[K [01;31m[Kerror: [m[K‘[01m[Kcy_eul[m[K’ was not declared in this scope; did you mean ‘[01m[KXp_eul[m[K’?
  668 |       Ep <<  1,             0,                dy*[01;31m[Kcy_eul[m[K,
      |                                                  [01;31m[K^~~~~~[m[K
      |                                                  [32m[KXp_eul[m[K
[01m[K/home/gin/ros/workspaces/final/src/tum_ics_ur10_controller_tutorial/src/jointspace_controller.cpp:669:20:[m[K [01;31m[Kerror: [m[K‘[01m[Ksx_eul[m[K’ was not declared in this scope; did you mean ‘[01m[KXp_eul[m[K’?
  669 |             0, -dx*[01;31m[Ksx_eul[m[K, dy*sy_eul*sx_eul - dx*cy_eul*cx_eul,
      |                    [01;31m[K^~~~~~[m[K
      |                    [32m[KXp_eul[m[K
[01m[K/home/gin/ros/workspaces/final/src/tum_ics_ur10_controller_tutorial/src/jointspace_controller.cpp:669:31:[m[K [01;31m[Kerror: [m[K‘[01m[Ksy_eul[m[K’ was not declared in this scope; did you mean ‘[01m[KXp_eul[m[K’?
  669 |             0, -dx*sx_eul, dy*[01;31m[Ksy_eul[m[K*sx_eul - dx*cy_eul*cx_eul,
      |                               [01;31m[K^~~~~~[m[K
      |                               [32m[KXp_eul[m[K
[01m[K/home/gin/ros/workspaces/final/src/tum_ics_ur10_controller_tutorial/src/jointspace_controller.cpp:669:57:[m[K [01;31m[Kerror: [m[K‘[01m[Kcx_eul[m[K’ was not declared in this scope; did you mean ‘[01m[KXp_eul[m[K’?
  669 |             0, -dx*sx_eul, dy*sy_eul*sx_eul - dx*cy_eul*[01;31m[Kcx_eul[m[K,
      |                                                         [01;31m[K^~~~~~[m[K
      |                                                         [32m[KXp_eul[m[K
In file included from [01m[K/usr/include/c++/9/bits/uniform_int_dist.h:35[m[K,
                 from [01m[K/usr/include/c++/9/bits/stl_algo.h:66[m[K,
                 from [01m[K/usr/include/c++/9/algorithm:62[m[K,
                 from [01m[K/usr/include/x86_64-linux-gnu/qt5/QtCore/qglobal.h:142[m[K,
                 from [01m[K/usr/include/x86_64-linux-gnu/qt5/QtCore/qalgorithms.h:43[m[K,
                 from [01m[K/usr/include/x86_64-linux-gnu/qt5/QtCore/qvector.h:43[m[K,
                 from [01m[K/usr/include/x86_64-linux-gnu/qt5/QtCore/QVector:1[m[K,
                 from [01m[K/usr/include/tumtools/Math/MathDefs.h:4[m[K,
                 from [01m[K/usr/include/tumtools/Math/EigenDefs.h:4[m[K,
                 from [01m[K/opt/ros/noetic/include/tum_ics_ur_robot_lli/JointState.h:11[m[K,
                 from [01m[K/opt/ros/noetic/include/tum_ics_ur_robot_lli/RobotControllers/Controller.h:14[m[K,
                 from [01m[K/opt/ros/noetic/include/tum_ics_ur_robot_lli/RobotControllers/ControlEffort.h:4[m[K,
                 from [01m[K/home/gin/ros/workspaces/final/src/tum_ics_ur10_controller_tutorial/include/tum_ics_ur10_controller_tutorial/jointspace_controller.h:4[m[K,
                 from [01m[K/home/gin/ros/workspaces/final/src/tum_ics_ur10_controller_tutorial/src/jointspace_controller.cpp:1[m[K:
/usr/include/c++/9/limits: In instantiation of ‘[01m[Kstruct std::numeric_limits<Eigen::Matrix<double, 3, 3>(Eigen::Matrix<double, 3, 1>)>[m[K’:
[01m[K/usr/include/eigen3/Eigen/src/Core/NumTraits.h:90:8:[m[K   required from ‘[01m[Kstruct Eigen::GenericNumTraits<Eigen::Matrix<double, 3, 3>(Eigen::Matrix<double, 3, 1>)>[m[K’
[01m[K/usr/include/eigen3/Eigen/src/Core/util/Meta.h:400:41:[m[K   recursively required by substitution of ‘[01m[Ktemplate<class T, class BinaryOp> struct Eigen::ScalarBinaryOpTraits<T, typename Eigen::NumTraits<typename Eigen::internal::enable_if<Eigen::NumTraits<T>::IsComplex, T>::type>::Real, BinaryOp> [with T = Eigen::Matrix<double, 3, 3>(Eigen::Matrix<double, 3, 1>); BinaryOp = Eigen::internal::scalar_product_op<Eigen::Matrix<double, 3, 3>(Eigen::Matrix<double, 3, 1>), double>][m[K’
[01m[K/usr/include/eigen3/Eigen/src/Core/util/Meta.h:400:41:[m[K   required by substitution of ‘[01m[Ktemplate<class C> static Eigen::internal::meta_yes Eigen::internal::has_ReturnType<Eigen::ScalarBinaryOpTraits<Eigen::Matrix<double, 3, 3>(Eigen::Matrix<double, 3, 1>), double, Eigen::internal::scalar_product_op<Eigen::Matrix<double, 3, 3>(Eigen::Matrix<double, 3, 1>), double> > >::testFunctor<C>(const typename C::ReturnType*) [with C = Eigen::ScalarBinaryOpTraits<Eigen::Matrix<double, 3, 3>(Eigen::Matrix<double, 3, 1>), double, Eigen::internal::scalar_product_op<Eigen::Matrix<double, 3, 3>(Eigen::Matrix<double, 3, 1>), double> >][m[K’
[01m[K/usr/include/eigen3/Eigen/src/Core/util/Meta.h:403:39:[m[K   required from ‘[01m[Kstruct Eigen::internal::has_ReturnType<Eigen::ScalarBinaryOpTraits<Eigen::Matrix<double, 3, 3>(Eigen::Matrix<double, 3, 1>), double, Eigen::internal::scalar_product_op<Eigen::Matrix<double, 3, 3>(Eigen::Matrix<double, 3, 1>), double> > >[m[K’
[01m[K/usr/include/eigen3/Eigen/src/plugins/CommonCwiseBinaryOps.h:50:1:[m[K   required by substitution of ‘[01m[Ktemplate<class T> typename Eigen::internal::enable_if<true, const Eigen::CwiseBinaryOp<Eigen::internal::scalar_product_op<typename Eigen::internal::promote_scalar_arg<double, T, Eigen::internal::has_ReturnType<Eigen::ScalarBinaryOpTraits<T, double, Eigen::internal::scalar_product_op<T, double> > >::value>::type, double>, const typename Eigen::internal::plain_constant_type<Eigen::Matrix<double, 3, 1>, typename Eigen::internal::promote_scalar_arg<double, T, Eigen::internal::has_ReturnType<Eigen::ScalarBinaryOpTraits<T, double, Eigen::internal::scalar_product_op<T, double> > >::value>::type>::type, const Eigen::Matrix<double, 3, 1> > >::type Eigen::operator*(const T&, const StorageBaseType&) [with T = Eigen::Matrix<double, 3, 3>(Eigen::Matrix<double, 3, 1>)][m[K’
[01m[K/home/gin/ros/workspaces/final/src/tum_ics_ur10_controller_tutorial/src/jointspace_controller.cpp:700:28:[m[K   required from here
[01m[K/usr/include/c++/9/limits:317:7:[m[K [01;31m[Kerror: [m[Kfunction returning a function
  317 |       [01;31m[Kmin[m[K() _GLIBCXX_USE_NOEXCEPT { return _Tp(); }
      |       [01;31m[K^~~[m[K
[01m[K/usr/include/c++/9/limits:321:7:[m[K [01;31m[Kerror: [m[Kfunction returning a function
  321 |       [01;31m[Kmax[m[K() _GLIBCXX_USE_NOEXCEPT { return _Tp(); }
      |       [01;31m[K^~~[m[K
[01m[K/usr/include/c++/9/limits:327:7:[m[K [01;31m[Kerror: [m[Kfunction returning a function
  327 |       [01;31m[Klowest[m[K() noexcept { return _Tp(); }
      |       [01;31m[K^~~~~~[m[K
[01m[K/usr/include/c++/9/limits:333:7:[m[K [01;31m[Kerror: [m[Kfunction returning a function
  333 |       [01;31m[Kepsilon[m[K() _GLIBCXX_USE_NOEXCEPT { return _Tp(); }
      |       [01;31m[K^~~~~~~[m[K
[01m[K/usr/include/c++/9/limits:337:7:[m[K [01;31m[Kerror: [m[Kfunction returning a function
  337 |       [01;31m[Kround_error[m[K() _GLIBCXX_USE_NOEXCEPT { return _Tp(); }
      |       [01;31m[K^~~~~~~~~~~[m[K
[01m[K/usr/include/c++/9/limits:341:7:[m[K [01;31m[Kerror: [m[Kfunction returning a function
  341 |       [01;31m[Kinfinity[m[K() _GLIBCXX_USE_NOEXCEPT { return _Tp(); }
      |       [01;31m[K^~~~~~~~[m[K
[01m[K/usr/include/c++/9/limits:346:7:[m[K [01;31m[Kerror: [m[Kfunction returning a function
  346 |       [01;31m[Kquiet_NaN[m[K() _GLIBCXX_USE_NOEXCEPT { return _Tp(); }
      |       [01;31m[K^~~~~~~~~[m[K
[01m[K/usr/include/c++/9/limits:351:7:[m[K [01;31m[Kerror: [m[Kfunction returning a function
  351 |       [01;31m[Ksignaling_NaN[m[K() _GLIBCXX_USE_NOEXCEPT { return _Tp(); }
      |       [01;31m[K^~~~~~~~~~~~~[m[K
[01m[K/usr/include/c++/9/limits:357:7:[m[K [01;31m[Kerror: [m[Kfunction returning a function
  357 |       [01;31m[Kdenorm_min[m[K() _GLIBCXX_USE_NOEXCEPT { return _Tp(); }
      |       [01;31m[K^~~~~~~~~~[m[K
In file included from [01m[K/usr/include/eigen3/Eigen/Core:370[m[K,
                 from [01m[K/usr/include/eigen3/Eigen/Dense:1[m[K,
                 from [01m[K/usr/include/eigen3/Eigen/Eigen:1[m[K,
                 from [01m[K/usr/include/tumtools/Math/EigenDefs.h:5[m[K,
                 from [01m[K/opt/ros/noetic/include/tum_ics_ur_robot_lli/JointState.h:11[m[K,
                 from [01m[K/opt/ros/noetic/include/tum_ics_ur_robot_lli/RobotControllers/Controller.h:14[m[K,
                 from [01m[K/opt/ros/noetic/include/tum_ics_ur_robot_lli/RobotControllers/ControlEffort.h:4[m[K,
                 from [01m[K/home/gin/ros/workspaces/final/src/tum_ics_ur10_controller_tutorial/include/tum_ics_ur10_controller_tutorial/jointspace_controller.h:4[m[K,
                 from [01m[K/home/gin/ros/workspaces/final/src/tum_ics_ur10_controller_tutorial/src/jointspace_controller.cpp:1[m[K:
/usr/include/eigen3/Eigen/src/Core/NumTraits.h: In instantiation of ‘[01m[Kstruct Eigen::GenericNumTraits<Eigen::Matrix<double, 3, 3>(Eigen::Matrix<double, 3, 1>)>[m[K’:
[01m[K/usr/include/eigen3/Eigen/src/Core/util/Meta.h:400:41:[m[K   recursively required by substitution of ‘[01m[Ktemplate<class T, class BinaryOp> struct Eigen::ScalarBinaryOpTraits<T, typename Eigen::NumTraits<typename Eigen::internal::enable_if<Eigen::NumTraits<T>::IsComplex, T>::type>::Real, BinaryOp> [with T = Eigen::Matrix<double, 3, 3>(Eigen::Matrix<double, 3, 1>); BinaryOp = Eigen::internal::scalar_product_op<Eigen::Matrix<double, 3, 3>(Eigen::Matrix<double, 3, 1>), double>][m[K’
[01m[K/usr/include/eigen3/Eigen/src/Core/util/Meta.h:400:41:[m[K   required by substitution of ‘[01m[Ktemplate<class C> static Eigen::internal::meta_yes Eigen::internal::has_ReturnType<Eigen::ScalarBinaryOpTraits<Eigen::Matrix<double, 3, 3>(Eigen::Matrix<double, 3, 1>), double, Eigen::internal::scalar_product_op<Eigen::Matrix<double, 3, 3>(Eigen::Matrix<double, 3, 1>), double> > >::testFunctor<C>(const typename C::ReturnType*) [with C = Eigen::ScalarBinaryOpTraits<Eigen::Matrix<double, 3, 3>(Eigen::Matrix<double, 3, 1>), double, Eigen::internal::scalar_product_op<Eigen::Matrix<double, 3, 3>(Eigen::Matrix<double, 3, 1>), double> >][m[K’
[01m[K/usr/include/eigen3/Eigen/src/Core/util/Meta.h:403:39:[m[K   required from ‘[01m[Kstruct Eigen::internal::has_ReturnType<Eigen::ScalarBinaryOpTraits<Eigen::Matrix<double, 3, 3>(Eigen::Matrix<double, 3, 1>), double, Eigen::internal::scalar_product_op<Eigen::Matrix<double, 3, 3>(Eigen::Matrix<double, 3, 1>), double> > >[m[K’
[01m[K/usr/include/eigen3/Eigen/src/plugins/CommonCwiseBinaryOps.h:50:1:[m[K   required by substitution of ‘[01m[Ktemplate<class T> typename Eigen::internal::enable_if<true, const Eigen::CwiseBinaryOp<Eigen::internal::scalar_product_op<typename Eigen::internal::promote_scalar_arg<double, T, Eigen::internal::has_ReturnType<Eigen::ScalarBinaryOpTraits<T, double, Eigen::internal::scalar_product_op<T, double> > >::value>::type, double>, const typename Eigen::internal::plain_constant_type<Eigen::Matrix<double, 3, 1>, typename Eigen::internal::promote_scalar_arg<double, T, Eigen::internal::has_ReturnType<Eigen::ScalarBinaryOpTraits<T, double, Eigen::internal::scalar_product_op<T, double> > >::value>::type>::type, const Eigen::Matrix<double, 3, 1> > >::type Eigen::operator*(const T&, const StorageBaseType&) [with T = Eigen::Matrix<double, 3, 3>(Eigen::Matrix<double, 3, 1>)][m[K’
[01m[K/home/gin/ros/workspaces/final/src/tum_ics_ur10_controller_tutorial/src/jointspace_controller.cpp:700:28:[m[K   required from here
[01m[K/usr/include/eigen3/Eigen/src/Core/NumTraits.h:110:22:[m[K [01;31m[Kerror: [m[Kfunction returning a function
  110 |   static inline Real [01;31m[Kepsilon[m[K()
      |                      [01;31m[K^~~~~~~[m[K
[01m[K/usr/include/eigen3/Eigen/src/Core/NumTraits.h:122:22:[m[K [01;31m[Kerror: [m[Kfunction returning a function
  122 |   static inline Real [01;31m[Kdummy_precision[m[K()
      |                      [01;31m[K^~~~~~~~~~~~~~~[m[K
[01m[K/usr/include/eigen3/Eigen/src/Core/NumTraits.h:130:19:[m[K [01;31m[Kerror: [m[Kfunction returning a function
  130 |   static inline T [01;31m[Khighest[m[K() {
      |                   [01;31m[K^~~~~~~[m[K
[01m[K/usr/include/eigen3/Eigen/src/Core/NumTraits.h:135:19:[m[K [01;31m[Kerror: [m[Kfunction returning a function
  135 |   static inline T [01;31m[Klowest[m[K()  {
      |                   [01;31m[K^~~~~~[m[K
[01m[K/usr/include/eigen3/Eigen/src/Core/NumTraits.h:140:19:[m[K [01;31m[Kerror: [m[Kfunction returning a function
  140 |   static inline T [01;31m[Kinfinity[m[K() {
      |                   [01;31m[K^~~~~~~~[m[K
[01m[K/usr/include/eigen3/Eigen/src/Core/NumTraits.h:145:19:[m[K [01;31m[Kerror: [m[Kfunction returning a function
  145 |   static inline T [01;31m[Kquiet_NaN[m[K() {
      |                   [01;31m[K^~~~~~~~~[m[K
In file included from [01m[K/usr/include/eigen3/Eigen/Core:364[m[K,
                 from [01m[K/usr/include/eigen3/Eigen/Dense:1[m[K,
                 from [01m[K/usr/include/eigen3/Eigen/Eigen:1[m[K,
                 from [01m[K/usr/include/tumtools/Math/EigenDefs.h:5[m[K,
                 from [01m[K/opt/ros/noetic/include/tum_ics_ur_robot_lli/JointState.h:11[m[K,
                 from [01m[K/opt/ros/noetic/include/tum_ics_ur_robot_lli/RobotControllers/Controller.h:14[m[K,
                 from [01m[K/opt/ros/noetic/include/tum_ics_ur_robot_lli/RobotControllers/ControlEffort.h:4[m[K,
                 from [01m[K/home/gin/ros/workspaces/final/src/tum_ics_ur10_controller_tutorial/include/tum_ics_ur10_controller_tutorial/jointspace_controller.h:4[m[K,
                 from [01m[K/home/gin/ros/workspaces/final/src/tum_ics_ur10_controller_tutorial/src/jointspace_controller.cpp:1[m[K:
/usr/include/eigen3/Eigen/src/Core/util/Meta.h: In instantiation of ‘[01m[Kstruct Eigen::internal::is_convertible_impl<Eigen::Matrix<double, 3, 3>(Eigen::Matrix<double, 3, 1>), double>[m[K’:
[01m[K/usr/include/eigen3/Eigen/src/Core/util/Meta.h:177:8:[m[K   required from ‘[01m[Kstruct Eigen::internal::is_convertible<Eigen::Matrix<double, 3, 3>(Eigen::Matrix<double, 3, 1>), double>[m[K’
[01m[K/usr/include/eigen3/Eigen/src/Core/util/XprHelper.h:64:8:[m[K   required from ‘[01m[Kstruct Eigen::internal::promote_scalar_arg<double, Eigen::Matrix<double, 3, 3>(Eigen::Matrix<double, 3, 1>), false>[m[K’
[01m[K/usr/include/eigen3/Eigen/src/plugins/CommonCwiseBinaryOps.h:50:1:[m[K   required by substitution of ‘[01m[Ktemplate<class T> typename Eigen::internal::enable_if<true, const Eigen::CwiseBinaryOp<Eigen::internal::scalar_product_op<typename Eigen::internal::promote_scalar_arg<double, T, Eigen::internal::has_ReturnType<Eigen::ScalarBinaryOpTraits<T, double, Eigen::internal::scalar_product_op<T, double> > >::value>::type, double>, const typename Eigen::internal::plain_constant_type<Eigen::Matrix<double, 3, 1>, typename Eigen::internal::promote_scalar_arg<double, T, Eigen::internal::has_ReturnType<Eigen::ScalarBinaryOpTraits<T, double, Eigen::internal::scalar_product_op<T, double> > >::value>::type>::type, const Eigen::Matrix<double, 3, 1> > >::type Eigen::operator*(const T&, const StorageBaseType&) [with T = Eigen::Matrix<double, 3, 3>(Eigen::Matrix<double, 3, 1>)][m[K’
[01m[K/home/gin/ros/workspaces/final/src/tum_ics_ur10_controller_tutorial/src/jointspace_controller.cpp:700:28:[m[K   required from here
[01m[K/usr/include/eigen3/Eigen/src/Core/util/Meta.h:163:15:[m[K [01;31m[Kerror: [m[Kvariable ‘[01m[Kms_from[m[K’ has function type
  163 |   static From [01;31m[Kms_from[m[K;
      |               [01;31m[K^~~~~~~[m[K
[01m[K/usr/include/eigen3/Eigen/src/Core/util/Meta.h:163:15:[m[K [01;31m[Kerror: [m[Kvariable ‘[01m[Kms_from[m[K’ has function type
[01m[K/home/gin/ros/workspaces/final/src/tum_ics_ur10_controller_tutorial/src/jointspace_controller.cpp:700:26:[m[K [01;31m[Kerror: [m[Kno match for ‘[01m[Koperator*[m[K’ (operand types are ‘[01m[KEigen::Matrix3d(Eigen::Vector3d)[m[K’ {aka ‘[01m[KEigen::Matrix<double, 3, 3>(Eigen::Matrix<double, 3, 1>)[m[K’} and ‘[01m[KEigen::Vector3d[m[K’ {aka ‘[01m[KEigen::Matrix<double, 3, 1>[m[K’})
  700 |       Vector3d Xrp_w = [32m[KE[m[K [01;31m[K*[m[K [34m[KXrp_eul[m[K;
      |                        [32m[K~[m[K [01;31m[K^[m[K [34m[K~~~~~~~[m[K
      |                        [32m[K|[m[K   [34m[K|[m[K
      |                        [32m[K|[m[K   [34m[KEigen::Vector3d {aka Eigen::Matrix<double, 3, 1>}[m[K
      |                        [32m[KEigen::Matrix3d(Eigen::Vector3d) {aka Eigen::Matrix<double, 3, 3>(Eigen::Matrix<double, 3, 1>)}[m[K
In file included from [01m[K/usr/include/eigen3/Eigen/Core:487[m[K,
                 from [01m[K/usr/include/eigen3/Eigen/Dense:1[m[K,
                 from [01m[K/usr/include/eigen3/Eigen/Eigen:1[m[K,
                 from [01m[K/usr/include/tumtools/Math/EigenDefs.h:5[m[K,
                 from [01m[K/opt/ros/noetic/include/tum_ics_ur_robot_lli/JointState.h:11[m[K,
                 from [01m[K/opt/ros/noetic/include/tum_ics_ur_robot_lli/RobotControllers/Controller.h:14[m[K,
                 from [01m[K/opt/ros/noetic/include/tum_ics_ur_robot_lli/RobotControllers/ControlEffort.h:4[m[K,
                 from [01m[K/home/gin/ros/workspaces/final/src/tum_ics_ur10_controller_tutorial/include/tum_ics_ur10_controller_tutorial/jointspace_controller.h:4[m[K,
                 from [01m[K/home/gin/ros/workspaces/final/src/tum_ics_ur10_controller_tutorial/src/jointspace_controller.cpp:1[m[K:
[01m[K/usr/include/eigen3/Eigen/src/Core/PermutationMatrix.h:543:1:[m[K [01;36m[Knote: [m[Kcandidate: ‘[01m[Ktemplate<class MatrixDerived, class PermutationDerived> const Eigen::Product<MatrixDerived, PermutationDerived, 2> Eigen::operator*(const Eigen::MatrixBase<Derived>&, const Eigen::PermutationBase<PermutationDerived>&)[m[K’
  543 | [01;36m[Koperator[m[K*(const MatrixBase<MatrixDerived> &matrix,
      | [01;36m[K^~~~~~~~[m[K
[01m[K/usr/include/eigen3/Eigen/src/Core/PermutationMatrix.h:543:1:[m[K [01;36m[Knote: [m[K  template argument deduction/substitution failed:
[01m[K/home/gin/ros/workspaces/final/src/tum_ics_ur10_controller_tutorial/src/jointspace_controller.cpp:700:28:[m[K [01;36m[Knote: [m[K  mismatched types ‘[01m[Kconst Eigen::MatrixBase<Derived>[m[K’ and ‘[01m[KEigen::Matrix3d(Eigen::Vector3d)[m[K’ {aka ‘[01m[KEigen::Matrix<double, 3, 3>(Eigen::Matrix<double, 3, 1>)[m[K’}
  700 |       Vector3d Xrp_w = E * [01;36m[KXrp_eul[m[K;
      |                            [01;36m[K^~~~~~~[m[K
In file included from [01m[K/usr/include/eigen3/Eigen/Core:487[m[K,
                 from [01m[K/usr/include/eigen3/Eigen/Dense:1[m[K,
                 from [01m[K/usr/include/eigen3/Eigen/Eigen:1[m[K,
                 from [01m[K/usr/include/tumtools/Math/EigenDefs.h:5[m[K,
                 from [01m[K/opt/ros/noetic/include/tum_ics_ur_robot_lli/JointState.h:11[m[K,
                 from [01m[K/opt/ros/noetic/include/tum_ics_ur_robot_lli/RobotControllers/Controller.h:14[m[K,
                 from [01m[K/opt/ros/noetic/include/tum_ics_ur_robot_lli/RobotControllers/ControlEffort.h:4[m[K,
                 from [01m[K/home/gin/ros/workspaces/final/src/tum_ics_ur10_controller_tutorial/include/tum_ics_ur10_controller_tutorial/jointspace_controller.h:4[m[K,
                 from [01m[K/home/gin/ros/workspaces/final/src/tum_ics_ur10_controller_tutorial/src/jointspace_controller.cpp:1[m[K:
[01m[K/usr/include/eigen3/Eigen/src/Core/PermutationMatrix.h:555:1:[m[K [01;36m[Knote: [m[Kcandidate: ‘[01m[Ktemplate<class PermutationDerived, class MatrixDerived> const Eigen::Product<MatrixDerived, PermutationDerived, 2> Eigen::operator*(const Eigen::PermutationBase<PermutationDerived>&, const Eigen::MatrixBase<U>&)[m[K’
  555 | [01;36m[Koperator[m[K*(const PermutationBase<PermutationDerived> &permutation,
      | [01;36m[K^~~~~~~~[m[K
[01m[K/usr/include/eigen3/Eigen/src/Core/PermutationMatrix.h:555:1:[m[K [01;36m[Knote: [m[K  template argument deduction/substitution failed:
[01m[K/home/gin/ros/workspaces/final/src/tum_ics_ur10_controller_tutorial/src/jointspace_controller.cpp:700:28:[m[K [01;36m[Knote: [m[K  mismatched types ‘[01m[Kconst Eigen::PermutationBase<PermutationDerived>[m[K’ and ‘[01m[KEigen::Matrix3d(Eigen::Vector3d)[m[K’ {aka ‘[01m[KEigen::Matrix<double, 3, 3>(Eigen::Matrix<double, 3, 1>)[m[K’}
  700 |       Vector3d Xrp_w = E * [01;36m[KXrp_eul[m[K;
      |                            [01;36m[K^~~~~~~[m[K
In file included from [01m[K/usr/include/eigen3/Eigen/Core:488[m[K,
                 from [01m[K/usr/include/eigen3/Eigen/Dense:1[m[K,
                 from [01m[K/usr/include/eigen3/Eigen/Eigen:1[m[K,
                 from [01m[K/usr/include/tumtools/Math/EigenDefs.h:5[m[K,
                 from [01m[K/opt/ros/noetic/include/tum_ics_ur_robot_lli/JointState.h:11[m[K,
                 from [01m[K/opt/ros/noetic/include/tum_ics_ur_robot_lli/RobotControllers/Controller.h:14[m[K,
                 from [01m[K/opt/ros/noetic/include/tum_ics_ur_robot_lli/RobotControllers/ControlEffort.h:4[m[K,
                 from [01m[K/home/gin/ros/workspaces/final/src/tum_ics_ur10_controller_tutorial/include/tum_ics_ur10_controller_tutorial/jointspace_controller.h:4[m[K,
                 from [01m[K/home/gin/ros/workspaces/final/src/tum_ics_ur10_controller_tutorial/src/jointspace_controller.cpp:1[m[K:
[01m[K/usr/include/eigen3/Eigen/src/Core/Transpositions.h:338:1:[m[K [01;36m[Knote: [m[Kcandidate: ‘[01m[Ktemplate<class MatrixDerived, class TranspositionsDerived> const Eigen::Product<MatrixDerived, PermutationDerived, 2> Eigen::operator*(const Eigen::MatrixBase<Derived>&, const Eigen::TranspositionsBase<TranspositionsDerived>&)[m[K’
  338 | [01;36m[Koperator[m[K*(const MatrixBase<MatrixDerived> &matrix,
      | [01;36m[K^~~~~~~~[m[K
[01m[K/usr/include/eigen3/Eigen/src/Core/Transpositions.h:338:1:[m[K [01;36m[Knote: [m[K  template argument deduction/substitution failed:
[01m[K/home/gin/ros/workspaces/final/src/tum_ics_ur10_controller_tutorial/src/jointspace_controller.cpp:700:28:[m[K [01;36m[Knote: [m[K  mismatched types ‘[01m[Kconst Eigen::MatrixBase<Derived>[m[K’ and ‘[01m[KEigen::Matrix3d(Eigen::Vector3d)[m[K’ {aka ‘[01m[KEigen::Matrix<double, 3, 3>(Eigen::Matrix<double, 3, 1>)[m[K’}
  700 |       Vector3d Xrp_w = E * [01;36m[KXrp_eul[m[K;
      |                            [01;36m[K^~~~~~~[m[K
In file included from [01m[K/usr/include/eigen3/Eigen/Core:488[m[K,
                 from [01m[K/usr/include/eigen3/Eigen/Dense:1[m[K,
                 from [01m[K/usr/include/eigen3/Eigen/Eigen:1[m[K,
                 from [01m[K/usr/include/tumtools/Math/EigenDefs.h:5[m[K,
                 from [01m[K/opt/ros/noetic/include/tum_ics_ur_robot_lli/JointState.h:11[m[K,
                 from [01m[K/opt/ros/noetic/include/tum_ics_ur_robot_lli/RobotControllers/Controller.h:14[m[K,
                 from [01m[K/opt/ros/noetic/include/tum_ics_ur_robot_lli/RobotControllers/ControlEffort.h:4[m[K,
                 from [01m[K/home/gin/ros/workspaces/final/src/tum_ics_ur10_controller_tutorial/include/tum_ics_ur10_controller_tutorial/jointspace_controller.h:4[m[K,
                 from [01m[K/home/gin/ros/workspaces/final/src/tum_ics_ur10_controller_tutorial/src/jointspace_controller.cpp:1[m[K:
[01m[K/usr/include/eigen3/Eigen/src/Core/Transpositions.h:350:1:[m[K [01;36m[Knote: [m[Kcandidate: ‘[01m[Ktemplate<class TranspositionsDerived, class MatrixDerived> const Eigen::Product<MatrixDerived, PermutationDerived, 2> Eigen::operator*(const Eigen::TranspositionsBase<TranspositionsDerived>&, const Eigen::MatrixBase<U>&)[m[K’
  350 | [01;36m[Koperator[m[K*(const TranspositionsBase<TranspositionsDerived> &transpositions,
      | [01;36m[K^~~~~~~~[m[K
[01m[K/usr/include/eigen3/Eigen/src/Core/Transpositions.h:350:1:[m[K [01;36m[Knote: [m[K  template argument deduction/substitution failed:
[01m[K/home/gin/ros/workspaces/final/src/tum_ics_ur10_controller_tutorial/src/jointspace_controller.cpp:700:28:[m[K [01;36m[Knote: [m[K  mismatched types ‘[01m[Kconst Eigen::TranspositionsBase<TranspositionsDerived>[m[K’ and ‘[01m[KEigen::Matrix3d(Eigen::Vector3d)[m[K’ {aka ‘[01m[KEigen::Matrix<double, 3, 3>(Eigen::Matrix<double, 3, 1>)[m[K’}
  700 |       Vector3d Xrp_w = E * [01;36m[KXrp_eul[m[K;
      |                            [01;36m[K^~~~~~~[m[K
In file included from [01m[K/usr/include/eigen3/Eigen/Householder:24[m[K,
                 from [01m[K/usr/include/eigen3/Eigen/QR:17[m[K,
                 from [01m[K/usr/include/eigen3/Eigen/Dense:4[m[K,
                 from [01m[K/usr/include/eigen3/Eigen/Eigen:1[m[K,
                 from [01m[K/usr/include/tumtools/Math/EigenDefs.h:5[m[K,
                 from [01m[K/opt/ros/noetic/include/tum_ics_ur_robot_lli/JointState.h:11[m[K,
                 from [01m[K/opt/ros/noetic/include/tum_ics_ur_robot_lli/RobotControllers/Controller.h:14[m[K,
                 from [01m[K/opt/ros/noetic/include/tum_ics_ur_robot_lli/RobotControllers/ControlEffort.h:4[m[K,
                 from [01m[K/home/gin/ros/workspaces/final/src/tum_ics_ur10_controller_tutorial/include/tum_ics_ur10_controller_tutorial/jointspace_controller.h:4[m[K,
                 from [01m[K/home/gin/ros/workspaces/final/src/tum_ics_ur10_controller_tutorial/src/jointspace_controller.cpp:1[m[K:
[01m[K/usr/include/eigen3/Eigen/src/Householder/HouseholderSequence.h:438:99:[m[K [01;36m[Knote: [m[Kcandidate: ‘[01m[Ktemplate<class OtherDerived, class VectorsType, class CoeffsType, int Side> typename Eigen::internal::matrix_type_times_scalar_type<typename VectorsType::Scalar, OtherDerived>::Type Eigen::operator*(const Eigen::MatrixBase<Derived>&, const Eigen::HouseholderSequence<VectorsType, CoeffsType, Side>&)[m[K’
  438 | typename internal::matrix_type_times_scalar_type<typename VectorsType::Scalar,OtherDerived>::Type [01;36m[Koperator[m[K*(const MatrixBase<OtherDerived>& other, const HouseholderSequence<VectorsType,CoeffsType,Side>& h)
      |                                                                                                   [01;36m[K^~~~~~~~[m[K
[01m[K/usr/include/eigen3/Eigen/src/Householder/HouseholderSequence.h:438:99:[m[K [01;36m[Knote: [m[K  template argument deduction/substitution failed:
[01m[K/home/gin/ros/workspaces/final/src/tum_ics_ur10_controller_tutorial/src/jointspace_controller.cpp:700:28:[m[K [01;36m[Knote: [m[K  mismatched types ‘[01m[Kconst Eigen::MatrixBase<Derived>[m[K’ and ‘[01m[KEigen::Matrix3d(Eigen::Vector3d)[m[K’ {aka ‘[01m[KEigen::Matrix<double, 3, 3>(Eigen::Matrix<double, 3, 1>)[m[K’}
  700 |       Vector3d Xrp_w = E * [01;36m[KXrp_eul[m[K;
      |                            [01;36m[K^~~~~~~[m[K
In file included from [01m[K/usr/include/eigen3/Eigen/Geometry:46[m[K,
                 from [01m[K/usr/include/eigen3/Eigen/Dense:6[m[K,
                 from [01m[K/usr/include/eigen3/Eigen/Eigen:1[m[K,
                 from [01m[K/usr/include/tumtools/Math/EigenDefs.h:5[m[K,
                 from [01m[K/opt/ros/noetic/include/tum_ics_ur_robot_lli/JointState.h:11[m[K,
                 from [01m[K/opt/ros/noetic/include/tum_ics_ur_robot_lli/RobotControllers/Controller.h:14[m[K,
                 from [01m[K/opt/ros/noetic/include/tum_ics_ur_robot_lli/RobotControllers/ControlEffort.h:4[m[K,
                 from [01m[K/home/gin/ros/workspaces/final/src/tum_ics_ur10_controller_tutorial/include/tum_ics_ur10_controller_tutorial/jointspace_controller.h:4[m[K,
                 from [01m[K/home/gin/ros/workspaces/final/src/tum_ics_ur10_controller_tutorial/src/jointspace_controller.cpp:1[m[K:
[01m[K/usr/include/eigen3/Eigen/src/Geometry/Scaling.h:117:1:[m[K [01;36m[Knote: [m[Kcandidate: ‘[01m[Ktemplate<class Derived, class Scalar> Eigen::CwiseBinaryOp<Eigen::internal::scalar_product_op<typename Eigen::internal::traits<T>::Scalar, Scalar>, const Derived, const typename Eigen::internal::plain_constant_type<Expr, Scalar>::type> Eigen::operator*(const Eigen::MatrixBase<Derived>&, const Eigen::UniformScaling<Scalar>&)[m[K’
  117 | [01;36m[Koperator[m[K*(const MatrixBase<Derived>& matrix, const UniformScaling<Scalar>& s)
      | [01;36m[K^~~~~~~~[m[K
[01m[K/usr/include/eigen3/Eigen/src/Geometry/Scaling.h:117:1:[m[K [01;36m[Knote: [m[K  template argument deduction/substitution failed:
[01m[K/home/gin/ros/workspaces/final/src/tum_ics_ur10_controller_tutorial/src/jointspace_controller.cpp:700:28:[m[K [01;36m[Knote: [m[K  mismatched types ‘[01m[Kconst Eigen::MatrixBase<Derived>[m[K’ and ‘[01m[KEigen::Matrix3d(Eigen::Vector3d)[m[K’ {aka ‘[01m[KEigen::Matrix<double, 3, 3>(Eigen::Matrix<double, 3, 1>)[m[K’}
  700 |       Vector3d Xrp_w = E * [01;36m[KXrp_eul[m[K;
      |                            [01;36m[K^~~~~~~[m[K
In file included from [01m[K/usr/include/eigen3/Eigen/SparseCore:62[m[K,
                 from [01m[K/usr/include/eigen3/Eigen/Sparse:26[m[K,
                 from [01m[K/usr/include/eigen3/Eigen/Eigen:2[m[K,
                 from [01m[K/usr/include/tumtools/Math/EigenDefs.h:5[m[K,
                 from [01m[K/opt/ros/noetic/include/tum_ics_ur_robot_lli/JointState.h:11[m[K,
                 from [01m[K/opt/ros/noetic/include/tum_ics_ur_robot_lli/RobotControllers/Controller.h:14[m[K,
                 from [01m[K/opt/ros/noetic/include/tum_ics_ur_robot_lli/RobotControllers/ControlEffort.h:4[m[K,
                 from [01m[K/home/gin/ros/workspaces/final/src/tum_ics_ur10_controller_tutorial/include/tum_ics_ur10_controller_tutorial/jointspace_controller.h:4[m[K,
                 from [01m[K/home/gin/ros/workspaces/final/src/tum_ics_ur10_controller_tutorial/src/jointspace_controller.cpp:1[m[K:
[01m[K/usr/include/eigen3/Eigen/src/SparseCore/SparsePermutation.h:147:1:[m[K [01;36m[Knote: [m[Kcandidate: ‘[01m[Ktemplate<class SparseDerived, class PermDerived> const Eigen::Product<MatrixDerived, PermutationDerived, 2> Eigen::operator*(const Eigen::SparseMatrixBase<OtherDerived>&, const Eigen::PermutationBase<PermutationDerived>&)[m[K’
  147 | [01;36m[Koperator[m[K*(const SparseMatrixBase<SparseDerived>& matrix, const PermutationBase<PermDerived>& perm)
      | [01;36m[K^~~~~~~~[m[K
[01m[K/usr/include/eigen3/Eigen/src/SparseCore/SparsePermutation.h:147:1:[m[K [01;36m[Knote: [m[K  template argument deduction/substitution failed:
[01m[K/home/gin/ros/workspaces/final/src/tum_ics_ur10_controller_tutorial/src/jointspace_controller.cpp:700:28:[m[K [01;36m[Knote: [m[K  mismatched types ‘[01m[Kconst Eigen::SparseMatrixBase<OtherDerived>[m[K’ and ‘[01m[KEigen::Matrix3d(Eigen::Vector3d)[m[K’ {aka ‘[01m[KEigen::Matrix<double, 3, 3>(Eigen::Matrix<double, 3, 1>)[m[K’}
  700 |       Vector3d Xrp_w = E * [01;36m[KXrp_eul[m[K;
      |                            [01;36m[K^~~~~~~[m[K
In file included from [01m[K/usr/include/eigen3/Eigen/SparseCore:62[m[K,
                 from [01m[K/usr/include/eigen3/Eigen/Sparse:26[m[K,
                 from [01m[K/usr/include/eigen3/Eigen/Eigen:2[m[K,
                 from [01m[K/usr/include/tumtools/Math/EigenDefs.h:5[m[K,
                 from [01m[K/opt/ros/noetic/include/tum_ics_ur_robot_lli/JointState.h:11[m[K,
                 from [01m[K/opt/ros/noetic/include/tum_ics_ur_robot_lli/RobotControllers/Controller.h:14[m[K,
                 from [01m[K/opt/ros/noetic/include/tum_ics_ur_robot_lli/RobotControllers/ControlEffort.h:4[m[K,
                 from [01m[K/home/gin/ros/workspaces/final/src/tum_ics_ur10_controller_tutorial/include/tum_ics_ur10_controller_tutorial/jointspace_controller.h:4[m[K,
                 from [01m[K/home/gin/ros/workspaces/final/src/tum_ics_ur10_controller_tutorial/src/jointspace_controller.cpp:1[m[K:
[01m[K/usr/include/eigen3/Eigen/src/SparseCore/SparsePermutation.h:154:1:[m[K [01;36m[Knote: [m[Kcandidate: ‘[01m[Ktemplate<class SparseDerived, class PermDerived> const Eigen::Product<PermDerived, SparseDerived, 2> Eigen::operator*(const Eigen::PermutationBase<PermutationDerived>&, const Eigen::SparseMatrixBase<OtherDerived>&)[m[K’
  154 | [01;36m[Koperator[m[K*( const PermutationBase<PermDerived>& perm, const SparseMatrixBase<SparseDerived>& matrix)
      | [01;36m[K^~~~~~~~[m[K
[01m[K/usr/include/eigen3/Eigen/src/SparseCore/SparsePermutation.h:154:1:[m[K [01;36m[Knote: [m[K  template argument deduction/substitution failed:
[01m[K/home/gin/ros/workspaces/final/src/tum_ics_ur10_controller_tutorial/src/jointspace_controller.cpp:700:28:[m[K [01;36m[Knote: [m[K  mismatched types ‘[01m[Kconst Eigen::PermutationBase<PermutationDerived>[m[K’ and ‘[01m[KEigen::Matrix3d(Eigen::Vector3d)[m[K’ {aka ‘[01m[KEigen::Matrix<double, 3, 3>(Eigen::Matrix<double, 3, 1>)[m[K’}
  700 |       Vector3d Xrp_w = E * [01;36m[KXrp_eul[m[K;
      |                            [01;36m[K^~~~~~~[m[K
In file included from [01m[K/usr/include/eigen3/Eigen/SparseCore:62[m[K,
                 from [01m[K/usr/include/eigen3/Eigen/Sparse:26[m[K,
                 from [01m[K/usr/include/eigen3/Eigen/Eigen:2[m[K,
                 from [01m[K/usr/include/tumtools/Math/EigenDefs.h:5[m[K,
                 from [01m[K/opt/ros/noetic/include/tum_ics_ur_robot_lli/JointState.h:11[m[K,
                 from [01m[K/opt/ros/noetic/include/tum_ics_ur_robot_lli/RobotControllers/Controller.h:14[m[K,
                 from [01m[K/opt/ros/noetic/include/tum_ics_ur_robot_lli/RobotControllers/ControlEffort.h:4[m[K,
                 from [01m[K/home/gin/ros/workspaces/final/src/tum_ics_ur10_controller_tutorial/include/tum_ics_ur10_controller_tutorial/jointspace_controller.h:4[m[K,
                 from [01m[K/home/gin/ros/workspaces/final/src/tum_ics_ur10_controller_tutorial/src/jointspace_controller.cpp:1[m[K:
[01m[K/usr/include/eigen3/Eigen/src/SparseCore/SparsePermutation.h:162:1:[m[K [01;36m[Knote: [m[Kcandidate: ‘[01m[Ktemplate<class SparseDerived, class PermutationType> const Eigen::Product<SparseDerived, Eigen::Inverse<Rhs>, 2> Eigen::operator*(const Eigen::SparseMatrixBase<OtherDerived>&, const Eigen::InverseImpl<PermutationType, Eigen::PermutationStorage>&)[m[K’
  162 | [01;36m[Koperator[m[K*(const SparseMatrixBase<SparseDerived>& matrix, const InverseImpl<PermutationType, PermutationStorage>& tperm)
      | [01;36m[K^~~~~~~~[m[K
[01m[K/usr/include/eigen3/Eigen/src/SparseCore/SparsePermutation.h:162:1:[m[K [01;36m[Knote: [m[K  template argument deduction/substitution failed:
[01m[K/home/gin/ros/workspaces/final/src/tum_ics_ur10_controller_tutorial/src/jointspace_controller.cpp:700:28:[m[K [01;36m[Knote: [m[K  mismatched types ‘[01m[Kconst Eigen::SparseMatrixBase<OtherDerived>[m[K’ and ‘[01m[KEigen::Matrix3d(Eigen::Vector3d)[m[K’ {aka ‘[01m[KEigen::Matrix<double, 3, 3>(Eigen::Matrix<double, 3, 1>)[m[K’}
  700 |       Vector3d Xrp_w = E * [01;36m[KXrp_eul[m[K;
      |                            [01;36m[K^~~~~~~[m[K
In file included from [01m[K/usr/include/eigen3/Eigen/SparseCore:62[m[K,
                 from [01m[K/usr/include/eigen3/Eigen/Sparse:26[m[K,
                 from [01m[K/usr/include/eigen3/Eigen/Eigen:2[m[K,
                 from [01m[K/usr/include/tumtools/Math/EigenDefs.h:5[m[K,
                 from [01m[K/opt/ros/noetic/include/tum_ics_ur_robot_lli/JointState.h:11[m[K,
                 from [01m[K/opt/ros/noetic/include/tum_ics_ur_robot_lli/RobotControllers/Controller.h:14[m[K,
                 from [01m[K/opt/ros/noetic/include/tum_ics_ur_robot_lli/RobotControllers/ControlEffort.h:4[m[K,
                 from [01m[K/home/gin/ros/workspaces/final/src/tum_ics_ur10_controller_tutorial/include/tum_ics_ur10_controller_tutorial/jointspace_controller.h:4[m[K,
                 from [01m[K/home/gin/ros/workspaces/final/src/tum_ics_ur10_controller_tutorial/src/jointspace_controller.cpp:1[m[K:
[01m[K/usr/include/eigen3/Eigen/src/SparseCore/SparsePermutation.h:171:1:[m[K [01;36m[Knote: [m[Kcandidate: ‘[01m[Ktemplate<class SparseDerived, class PermutationType> const Eigen::Product<Eigen::Inverse<Rhs>, SparseDerived, 2> Eigen::operator*(const Eigen::InverseImpl<PermutationType, Eigen::PermutationStorage>&, const Eigen::SparseMatrixBase<OtherDerived>&)[m[K’
  171 | [01;36m[Koperator[m[K*(const InverseImpl<PermutationType,PermutationStorage>& tperm, const SparseMatrixBase<SparseDerived>& matrix)
      | [01;36m[K^~~~~~~~[m[K
[01m[K/usr/include/eigen3/Eigen/src/SparseCore/SparsePermutation.h:171:1:[m[K [01;36m[Knote: [m[K  template argument deduction/substitution failed:
[01m[K/home/gin/ros/workspaces/final/src/tum_ics_ur10_controller_tutorial/src/jointspace_controller.cpp:700:28:[m[K [01;36m[Knote: [m[K  mismatched types ‘[01m[Kconst Eigen::InverseImpl<PermutationType, Eigen::PermutationStorage>[m[K’ and ‘[01m[KEigen::Matrix3d(Eigen::Vector3d)[m[K’ {aka ‘[01m[KEigen::Matrix<double, 3, 3>(Eigen::Matrix<double, 3, 1>)[m[K’}
  700 |       Vector3d Xrp_w = E * [01;36m[KXrp_eul[m[K;
      |                            [01;36m[K^~~~~~~[m[K
In file included from [01m[K/usr/include/eigen3/Eigen/Core:88[m[K,
                 from [01m[K/usr/include/eigen3/Eigen/Dense:1[m[K,
                 from [01m[K/usr/include/eigen3/Eigen/Eigen:1[m[K,
                 from [01m[K/usr/include/tumtools/Math/EigenDefs.h:5[m[K,
                 from [01m[K/opt/ros/noetic/include/tum_ics_ur_robot_lli/JointState.h:11[m[K,
                 from [01m[K/opt/ros/noetic/include/tum_ics_ur_robot_lli/RobotControllers/Controller.h:14[m[K,
                 from [01m[K/opt/ros/noetic/include/tum_ics_ur_robot_lli/RobotControllers/ControlEffort.h:4[m[K,
                 from [01m[K/home/gin/ros/workspaces/final/src/tum_ics_ur10_controller_tutorial/include/tum_ics_ur10_controller_tutorial/jointspace_controller.h:4[m[K,
                 from [01m[K/home/gin/ros/workspaces/final/src/tum_ics_ur10_controller_tutorial/src/jointspace_controller.cpp:1[m[K:
[01m[K/usr/include/eigen3/Eigen/src/plugins/CommonCwiseBinaryOps.h:50:1:[m[K [01;36m[Knote: [m[Kcandidate: ‘[01m[Ktemplate<class T> typename Eigen::internal::enable_if<true, const Eigen::CwiseBinaryOp<Eigen::internal::scalar_product_op<typename Eigen::internal::promote_scalar_arg<double, T, Eigen::internal::has_ReturnType<Eigen::ScalarBinaryOpTraits<T, double, Eigen::internal::scalar_product_op<T, double> > >::value>::type, double>, const typename Eigen::internal::plain_constant_type<Eigen::Matrix<double, 3, 1>, typename Eigen::internal::promote_scalar_arg<double, T, Eigen::internal::has_ReturnType<Eigen::ScalarBinaryOpTraits<T, double, Eigen::internal::scalar_product_op<T, double> > >::value>::type>::type, const Eigen::Matrix<double, 3, 1> > >::type Eigen::operator*(const T&, const StorageBaseType&)[m[K’
   50 | [01;36m[KEIGEN_MAKE_SCALAR_BINARY_OP[m[K(operator*,product)
      | [01;36m[K^~~~~~~~~~~~~~~~~~~~~~~~~~~[m[K
[01m[K/usr/include/eigen3/Eigen/src/plugins/CommonCwiseBinaryOps.h:50:1:[m[K [01;36m[Knote: [m[K  substitution of deduced template arguments resulted in errors seen above
[01m[K/usr/include/eigen3/Eigen/src/plugins/CommonCwiseBinaryOps.h:50:1:[m[K [01;36m[Knote: [m[Kcandidate: ‘[01m[Ktemplate<class T> typename Eigen::internal::enable_if<true, const Eigen::CwiseBinaryOp<Eigen::internal::scalar_product_op<typename Eigen::internal::promote_scalar_arg<double, T, Eigen::internal::has_ReturnType<Eigen::ScalarBinaryOpTraits<T, double, Eigen::internal::scalar_product_op<T, double> > >::value>::type, double>, const typename Eigen::internal::plain_constant_type<Eigen::Matrix<double, 3, 3>, typename Eigen::internal::promote_scalar_arg<double, T, Eigen::internal::has_ReturnType<Eigen::ScalarBinaryOpTraits<T, double, Eigen::internal::scalar_product_op<T, double> > >::value>::type>::type, const Eigen::Matrix<double, 3, 3> > >::type Eigen::operator*(const T&, const StorageBaseType&)[m[K’
[01m[K/usr/include/eigen3/Eigen/src/plugins/CommonCwiseBinaryOps.h:50:1:[m[K [01;36m[Knote: [m[K  template argument deduction/substitution failed:
[01m[K/home/gin/ros/workspaces/final/src/tum_ics_ur10_controller_tutorial/src/jointspace_controller.cpp:700:28:[m[K [01;36m[Knote: [m[K  cannot convert ‘[01m[KXrp_eul[m[K’ (type ‘[01m[KEigen::Vector3d[m[K’ {aka ‘[01m[KEigen::Matrix<double, 3, 1>[m[K’}) to type ‘[01m[Kconst StorageBaseType&[m[K’ {aka ‘[01m[Kconst Eigen::MatrixBase<Eigen::Matrix<double, 3, 3> >&[m[K’}
  700 |       Vector3d Xrp_w = E * [01;36m[KXrp_eul[m[K;
      |                            [01;36m[K^~~~~~~[m[K
In file included from [01m[K/usr/include/eigen3/Eigen/Core:366[m[K,
                 from [01m[K/usr/include/eigen3/Eigen/Dense:1[m[K,
                 from [01m[K/usr/include/eigen3/Eigen/Eigen:1[m[K,
                 from [01m[K/usr/include/tumtools/Math/EigenDefs.h:5[m[K,
                 from [01m[K/opt/ros/noetic/include/tum_ics_ur_robot_lli/JointState.h:11[m[K,
                 from [01m[K/opt/ros/noetic/include/tum_ics_ur_robot_lli/RobotControllers/Controller.h:14[m[K,
                 from [01m[K/opt/ros/noetic/include/tum_ics_ur_robot_lli/RobotControllers/ControlEffort.h:4[m[K,
                 from [01m[K/home/gin/ros/workspaces/final/src/tum_ics_ur10_controller_tutorial/include/tum_ics_ur10_controller_tutorial/jointspace_controller.h:4[m[K,
                 from [01m[K/home/gin/ros/workspaces/final/src/tum_ics_ur10_controller_tutorial/src/jointspace_controller.cpp:1[m[K:
/usr/include/eigen3/Eigen/src/Core/AssignEvaluator.h: In instantiation of ‘[01m[Kvoid Eigen::internal::call_assignment_no_alias(Dst&, const Src&, const Func&) [with Dst = Eigen::Matrix<double, 3, 1>; Src = Eigen::Matrix<double, 3, 3>; Func = Eigen::internal::assign_op<double, double>][m[K’:
[01m[K/usr/include/eigen3/Eigen/src/Core/PlainObjectBase.h:732:41:[m[K   required from ‘[01m[KDerived& Eigen::PlainObjectBase<Derived>::_set_noalias(const Eigen::DenseBase<OtherDerived>&) [with OtherDerived = Eigen::Matrix<double, 3, 3>; Derived = Eigen::Matrix<double, 3, 1>][m[K’
[01m[K/usr/include/eigen3/Eigen/src/Core/PlainObjectBase.h:537:7:[m[K   required from ‘[01m[KEigen::PlainObjectBase<Derived>::PlainObjectBase(const Eigen::DenseBase<OtherDerived>&) [with OtherDerived = Eigen::Matrix<double, 3, 3>; Derived = Eigen::Matrix<double, 3, 1>][m[K’
[01m[K/usr/include/eigen3/Eigen/src/Core/Matrix.h:377:29:[m[K   required from ‘[01m[KEigen::Matrix<_Scalar, _Rows, _Cols, _Options, _MaxRows, _MaxCols>::Matrix(const Eigen::EigenBase<OtherDerived>&) [with OtherDerived = Eigen::Matrix<double, 3, 3>; _Scalar = double; int _Rows = 3; int _Cols = 1; int _Options = 0; int _MaxRows = 3; int _MaxCols = 1][m[K’
[01m[K/home/gin/ros/workspaces/final/src/tum_ics_ur10_controller_tutorial/src/jointspace_controller.cpp:653:32:[m[K   required from here
[01m[K/usr/include/eigen3/Eigen/src/Core/AssignEvaluator.h:833:3:[m[K [01;31m[Kerror: [m[Kstatic assertion failed: YOU_MIXED_MATRICES_OF_DIFFERENT_SIZES
  833 |   [01;31m[KEIGEN_STATIC_ASSERT_SAME_MATRIX_SIZE[m[K(ActualDstTypeCleaned,Src)
      |   [01;31m[K^~~~~~~~~~~~~~~~~~~~~~~~~~~~~~~~~~~~[m[K
make[2]: *** [CMakeFiles/ur10_control.dir/build.make:63: CMakeFiles/ur10_control.dir/src/jointspace_controller.cpp.o] Error 1
make[1]: *** [CMakeFiles/Makefile2:2045: CMakeFiles/ur10_control.dir/all] Error 2
make: *** [Makefile:141: all] Error 2
