[01m[K/home/gin/ros/workspaces/final/src/tum_ics_ur10_controller_tutorial/src/jointspace_controller_1.cpp:442:14:[m[K [01;31m[Kerror: [m[Kno declaration matches ‘[01m[KTum::Vector6d tum_ics_ur_robot_lli::RobotControllers::JointSpaceController_1::operational_control_multi_obstacle_avoidance_and_circular_motion(Tum::Vector6d, Tum::Vector6d, Tum::Vector6d, double, double, const tum_ics_ur_robot_lli::RobotTime&)[m[K’
  442 |     Vector6d [01;31m[KJointSpaceController_1[m[K::operational_control_multi_obstacle_avoidance_and_circular_motion(Vector6d Q, Vector6d Qp, Vector6d Qpp, double start_time, double end_time, const RobotTime &time) {
      |              [01;31m[K^~~~~~~~~~~~~~~~~~~~~~[m[K
[01m[K/home/gin/ros/workspaces/final/src/tum_ics_ur10_controller_tutorial/src/jointspace_controller_1.cpp:442:14:[m[K [01;36m[Knote: [m[Kno functions named ‘[01m[KTum::Vector6d tum_ics_ur_robot_lli::RobotControllers::JointSpaceController_1::operational_control_multi_obstacle_avoidance_and_circular_motion(Tum::Vector6d, Tum::Vector6d, Tum::Vector6d, double, double, const tum_ics_ur_robot_lli::RobotTime&)[m[K’
In file included from [01m[K/home/gin/ros/workspaces/final/src/tum_ics_ur10_controller_tutorial/src/jointspace_controller_1.cpp:1[m[K:
[01m[K/home/gin/ros/workspaces/final/src/tum_ics_ur10_controller_tutorial/include/tum_ics_ur10_controller_tutorial/jointspace_controller_1.h:16:11:[m[K [01;36m[Knote: [m[K‘[01m[Kclass tum_ics_ur_robot_lli::RobotControllers::JointSpaceController_1[m[K’ defined here
   16 |     class [01;36m[KJointSpaceController_1[m[K : public ControlEffort
      |           [01;36m[K^~~~~~~~~~~~~~~~~~~~~~[m[K
[01m[K/home/gin/ros/workspaces/final/src/tum_ics_ur10_controller_tutorial/src/jointspace_controller_1.cpp:940:14:[m[K [01;31m[Kerror: [m[Kno declaration matches ‘[01m[KTum::Vector6d tum_ics_ur_robot_lli::RobotControllers::JointSpaceController_1::operational_control_tracking_and_circular_motion(Tum::Vector6d, Tum::Vector6d, Tum::Vector6d, double, double, const tum_ics_ur_robot_lli::RobotTime&)[m[K’
  940 |     Vector6d [01;31m[KJointSpaceController_1[m[K::operational_control_tracking_and_circular_motion(Vector6d Q, Vector6d Qp, Vector6d Qpp, double start_time, double end_time, const RobotTime &time) {
      |              [01;31m[K^~~~~~~~~~~~~~~~~~~~~~[m[K
[01m[K/home/gin/ros/workspaces/final/src/tum_ics_ur10_controller_tutorial/src/jointspace_controller_1.cpp:940:14:[m[K [01;36m[Knote: [m[Kno functions named ‘[01m[KTum::Vector6d tum_ics_ur_robot_lli::RobotControllers::JointSpaceController_1::operational_control_tracking_and_circular_motion(Tum::Vector6d, Tum::Vector6d, Tum::Vector6d, double, double, const tum_ics_ur_robot_lli::RobotTime&)[m[K’
In file included from [01m[K/home/gin/ros/workspaces/final/src/tum_ics_ur10_controller_tutorial/src/jointspace_controller_1.cpp:1[m[K:
[01m[K/home/gin/ros/workspaces/final/src/tum_ics_ur10_controller_tutorial/include/tum_ics_ur10_controller_tutorial/jointspace_controller_1.h:16:11:[m[K [01;36m[Knote: [m[K‘[01m[Kclass tum_ics_ur_robot_lli::RobotControllers::JointSpaceController_1[m[K’ defined here
   16 |     class [01;36m[KJointSpaceController_1[m[K : public ControlEffort
      |           [01;36m[K^~~~~~~~~~~~~~~~~~~~~~[m[K
[01m[K/home/gin/ros/workspaces/final/src/tum_ics_ur10_controller_tutorial/src/jointspace_controller_1.cpp:1163:14:[m[K [01;31m[Kerror: [m[Kno declaration matches ‘[01m[KTum::Vector6d tum_ics_ur_robot_lli::RobotControllers::JointSpaceController_1::operational_control_circular_motion(Tum::Vector6d, Tum::Vector6d, Tum::Vector6d, double, double, const tum_ics_ur_robot_lli::RobotTime&)[m[K’
 1163 |     Vector6d [01;31m[KJointSpaceController_1[m[K::operational_control_circular_motion(Vector6d Q, Vector6d Qp, Vector6d Qpp, double start_time, double end_time, const RobotTime &time) {
      |              [01;31m[K^~~~~~~~~~~~~~~~~~~~~~[m[K
[01m[K/home/gin/ros/workspaces/final/src/tum_ics_ur10_controller_tutorial/src/jointspace_controller_1.cpp:1163:14:[m[K [01;36m[Knote: [m[Kno functions named ‘[01m[KTum::Vector6d tum_ics_ur_robot_lli::RobotControllers::JointSpaceController_1::operational_control_circular_motion(Tum::Vector6d, Tum::Vector6d, Tum::Vector6d, double, double, const tum_ics_ur_robot_lli::RobotTime&)[m[K’
In file included from [01m[K/home/gin/ros/workspaces/final/src/tum_ics_ur10_controller_tutorial/src/jointspace_controller_1.cpp:1[m[K:
[01m[K/home/gin/ros/workspaces/final/src/tum_ics_ur10_controller_tutorial/include/tum_ics_ur10_controller_tutorial/jointspace_controller_1.h:16:11:[m[K [01;36m[Knote: [m[K‘[01m[Kclass tum_ics_ur_robot_lli::RobotControllers::JointSpaceController_1[m[K’ defined here
   16 |     class [01;36m[KJointSpaceController_1[m[K : public ControlEffort
      |           [01;36m[K^~~~~~~~~~~~~~~~~~~~~~[m[K
make[2]: *** [CMakeFiles/ur10_control.dir/build.make:76: CMakeFiles/ur10_control.dir/src/jointspace_controller_1.cpp.o] Error 1
make[1]: *** [CMakeFiles/Makefile2:2045: CMakeFiles/ur10_control.dir/all] Error 2
make: *** [Makefile:141: all] Error 2
