[01m[K/home/gin/ros/workspaces/final/src/tum_ics_ur10_controller_tutorial/src/jointspace_controller.cpp:[m[K In member function ‘[01m[KTum::Vector6d tum_ics_ur_robot_lli::RobotControllers::JointSpaceController_1::operational_control(Tum::Vector6d, Tum::Vector6d, Tum::Vector6d, double, double, const tum_ics_ur_robot_lli::RobotTime&)[m[K’:
[01m[K/home/gin/ros/workspaces/final/src/tum_ics_ur10_controller_tutorial/src/jointspace_controller.cpp:645:30:[m[K [01;31m[Kerror: [m[Kcould not convert ‘[01m[KEigen::RotationBase<Derived, _Dim>::operator*(const Eigen::EigenBase<OtherDerived>&) const [with OtherDerived = Eigen::Inverse<Eigen::Matrix<double, 6, 1> >; Derived = Eigen::Quaternion<double>; int _Dim = 3; typename Eigen::internal::rotation_base_generic_product_selector<Derived, OtherDerived, OtherDerived::IsVectorAtCompileTime>::ReturnType = Eigen::Matrix<double, 3, 1>](((Eigen::MatrixBase<Eigen::Matrix<double, 6, 1> >*)(& Q))->Eigen::MatrixBase<Eigen::Matrix<double, 6, 1> >::inverse())[m[K’ from ‘[01m[KEigen::internal::rotation_base_generic_product_selector<Eigen::Quaternion<double>, Eigen::Inverse<Eigen::Matrix<double, 6, 1> >, true>::ReturnType[m[K’ {aka ‘[01m[KEigen::Matrix<double, 3, 1>[m[K’} to ‘[01m[KEigen::Quaterniond[m[K’ {aka ‘[01m[KEigen::Quaternion<double>[m[K’}
  645 |       DeltaX.tail(3) = ke([01;31m[KQd * Q.inverse()[m[K);
      |                           [01;31m[K~~~^~~~~~~~~~~~~[m[K
      |                              [01;31m[K|[m[K
      |                              [01;31m[KEigen::internal::rotation_base_generic_product_selector<Eigen::Quaternion<double>, Eigen::Inverse<Eigen::Matrix<double, 6, 1> >, true>::ReturnType {aka Eigen::Matrix<double, 3, 1>}[m[K
In file included from [01m[K/usr/include/eigen3/Eigen/Core:366[m[K,
                 from [01m[K/usr/include/eigen3/Eigen/Dense:1[m[K,
                 from [01m[K/usr/include/eigen3/Eigen/Eigen:1[m[K,
                 from [01m[K/usr/include/tumtools/Math/EigenDefs.h:5[m[K,
                 from [01m[K/opt/ros/noetic/include/tum_ics_ur_robot_lli/JointState.h:11[m[K,
                 from [01m[K/opt/ros/noetic/include/tum_ics_ur_robot_lli/RobotControllers/Controller.h:14[m[K,
                 from [01m[K/opt/ros/noetic/include/tum_ics_ur_robot_lli/RobotControllers/ControlEffort.h:4[m[K,
                 from [01m[K/home/gin/ros/workspaces/final/src/tum_ics_ur10_controller_tutorial/include/tum_ics_ur10_controller_tutorial/jointspace_controller.h:4[m[K,
                 from [01m[K/home/gin/ros/workspaces/final/src/tum_ics_ur10_controller_tutorial/src/jointspace_controller.cpp:1[m[K:
/usr/include/eigen3/Eigen/src/Core/AssignEvaluator.h: In instantiation of ‘[01m[Kvoid Eigen::internal::call_assignment_no_alias(Dst&, const Src&, const Func&) [with Dst = Eigen::Matrix<double, 3, 1>; Src = Eigen::Inverse<Eigen::Matrix<double, 6, 1> >; Func = Eigen::internal::assign_op<double, double>][m[K’:
[01m[K/usr/include/eigen3/Eigen/src/Core/PlainObjectBase.h:732:41:[m[K   required from ‘[01m[KDerived& Eigen::PlainObjectBase<Derived>::_set_noalias(const Eigen::DenseBase<OtherDerived>&) [with OtherDerived = Eigen::Inverse<Eigen::Matrix<double, 6, 1> >; Derived = Eigen::Matrix<double, 3, 1>][m[K’
[01m[K/usr/include/eigen3/Eigen/src/Core/PlainObjectBase.h:537:7:[m[K   required from ‘[01m[KEigen::PlainObjectBase<Derived>::PlainObjectBase(const Eigen::DenseBase<OtherDerived>&) [with OtherDerived = Eigen::Inverse<Eigen::Matrix<double, 6, 1> >; Derived = Eigen::Matrix<double, 3, 1>][m[K’
[01m[K/usr/include/eigen3/Eigen/src/Core/Matrix.h:377:29:[m[K   required from ‘[01m[KEigen::Matrix<_Scalar, _Rows, _Cols, _Options, _MaxRows, _MaxCols>::Matrix(const Eigen::EigenBase<OtherDerived>&) [with OtherDerived = Eigen::Inverse<Eigen::Matrix<double, 6, 1> >; _Scalar = double; int _Rows = 3; int _Cols = 1; int _Options = 0; int _MaxRows = 3; int _MaxCols = 1][m[K’
[01m[K/usr/include/eigen3/Eigen/src/Geometry/RotationBase.h:128:32:[m[K   required from ‘[01m[Kstatic Eigen::internal::rotation_base_generic_product_selector<RotationDerived, OtherVectorType, true>::ReturnType Eigen::internal::rotation_base_generic_product_selector<RotationDerived, OtherVectorType, true>::run(const RotationDerived&, const OtherVectorType&) [with RotationDerived = Eigen::Quaternion<double>; OtherVectorType = Eigen::Inverse<Eigen::Matrix<double, 6, 1> >; Eigen::internal::rotation_base_generic_product_selector<RotationDerived, OtherVectorType, true>::ReturnType = Eigen::Matrix<double, 3, 1>; typename RotationDerived::Scalar = double][m[K’
[01m[K/usr/include/eigen3/Eigen/src/Geometry/RotationBase.h:72:89:[m[K   required from ‘[01m[Ktypename Eigen::internal::rotation_base_generic_product_selector<Derived, OtherDerived, OtherDerived::IsVectorAtCompileTime>::ReturnType Eigen::RotationBase<Derived, _Dim>::operator*(const Eigen::EigenBase<OtherDerived>&) const [with OtherDerived = Eigen::Inverse<Eigen::Matrix<double, 6, 1> >; Derived = Eigen::Quaternion<double>; int _Dim = 3; typename Eigen::internal::rotation_base_generic_product_selector<Derived, OtherDerived, OtherDerived::IsVectorAtCompileTime>::ReturnType = Eigen::Matrix<double, 3, 1>][m[K’
[01m[K/home/gin/ros/workspaces/final/src/tum_ics_ur10_controller_tutorial/src/jointspace_controller.cpp:645:42:[m[K   required from here
[01m[K/usr/include/eigen3/Eigen/src/Core/AssignEvaluator.h:833:3:[m[K [01;31m[Kerror: [m[Kstatic assertion failed: YOU_MIXED_MATRICES_OF_DIFFERENT_SIZES
  833 |   [01;31m[KEIGEN_STATIC_ASSERT_SAME_MATRIX_SIZE[m[K(ActualDstTypeCleaned,Src)
      |   [01;31m[K^~~~~~~~~~~~~~~~~~~~~~~~~~~~~~~~~~~~[m[K
make[2]: *** [CMakeFiles/ur10_control.dir/build.make:63: CMakeFiles/ur10_control.dir/src/jointspace_controller.cpp.o] Error 1
make[1]: *** [CMakeFiles/Makefile2:2045: CMakeFiles/ur10_control.dir/all] Error 2
make: *** [Makefile:141: all] Error 2
