[01m[K/home/gin/ros/workspaces/final/src/tum_ics_ur10_controller_tutorial/src/jointspace_controller.cpp:[m[K In member function ‘[01m[KTum::Vector6d tum_ics_ur_robot_lli::RobotControllers::JointSpaceController_1::impedance_control(Tum::Vector6d)[m[K’:
[01m[K/home/gin/ros/workspaces/final/src/tum_ics_ur10_controller_tutorial/src/jointspace_controller.cpp:756:26:[m[K [01;31m[Kerror: [m[Kno matching function for call to ‘[01m[Kfmod(const Eigen::Block<const Eigen::Matrix<double, 4, 4>, 3, 1> (&)(const Affine3d&), double)[m[K’
  756 |       if (0 < fmod(t, 0.5[01;31m[K)[m[K & fmod(t, 0.5) < 0.005) {
      |                          [01;31m[K^[m[K
In file included from [01m[K/usr/include/features.h:461[m[K,
                 from [01m[K/usr/include/x86_64-linux-gnu/c++/9/bits/os_defines.h:39[m[K,
                 from [01m[K/usr/include/x86_64-linux-gnu/c++/9/bits/c++config.h:524[m[K,
                 from [01m[K/usr/include/c++/9/type_traits:38[m[K,
                 from [01m[K/usr/include/x86_64-linux-gnu/qt5/QtCore/qglobal.h:45[m[K,
                 from [01m[K/usr/include/x86_64-linux-gnu/qt5/QtCore/qalgorithms.h:43[m[K,
                 from [01m[K/usr/include/x86_64-linux-gnu/qt5/QtCore/qvector.h:43[m[K,
                 from [01m[K/usr/include/x86_64-linux-gnu/qt5/QtCore/QVector:1[m[K,
                 from [01m[K/usr/include/tumtools/Math/MathDefs.h:4[m[K,
                 from [01m[K/usr/include/tumtools/Math/EigenDefs.h:4[m[K,
                 from [01m[K/opt/ros/noetic/include/tum_ics_ur_robot_lli/JointState.h:11[m[K,
                 from [01m[K/opt/ros/noetic/include/tum_ics_ur_robot_lli/RobotControllers/Controller.h:14[m[K,
                 from [01m[K/opt/ros/noetic/include/tum_ics_ur_robot_lli/RobotControllers/ControlEffort.h:4[m[K,
                 from [01m[K/home/gin/ros/workspaces/final/src/tum_ics_ur10_controller_tutorial/include/tum_ics_ur10_controller_tutorial/jointspace_controller.h:4[m[K,
                 from [01m[K/home/gin/ros/workspaces/final/src/tum_ics_ur10_controller_tutorial/src/jointspace_controller.cpp:1[m[K:
[01m[K/usr/include/x86_64-linux-gnu/bits/mathcalls.h:168:1:[m[K [01;36m[Knote: [m[Kcandidate: ‘[01m[Kdouble fmod(double, double)[m[K’
  168 | [01;36m[K__MATHCALL[m[K (fmod,, (_Mdouble_ __x, _Mdouble_ __y));
      | [01;36m[K^~~~~~~~~~[m[K
In file included from [01m[K/usr/include/c++/9/cmath:45[m[K,
                 from [01m[K/usr/include/c++/9/complex:44[m[K,
                 from [01m[K/usr/include/eigen3/Eigen/Core:96[m[K,
                 from [01m[K/usr/include/eigen3/Eigen/Dense:1[m[K,
                 from [01m[K/usr/include/eigen3/Eigen/Eigen:1[m[K,
                 from [01m[K/usr/include/tumtools/Math/EigenDefs.h:5[m[K,
                 from [01m[K/opt/ros/noetic/include/tum_ics_ur_robot_lli/JointState.h:11[m[K,
                 from [01m[K/opt/ros/noetic/include/tum_ics_ur_robot_lli/RobotControllers/Controller.h:14[m[K,
                 from [01m[K/opt/ros/noetic/include/tum_ics_ur_robot_lli/RobotControllers/ControlEffort.h:4[m[K,
                 from [01m[K/home/gin/ros/workspaces/final/src/tum_ics_ur10_controller_tutorial/include/tum_ics_ur10_controller_tutorial/jointspace_controller.h:4[m[K,
                 from [01m[K/home/gin/ros/workspaces/final/src/tum_ics_ur10_controller_tutorial/src/jointspace_controller.cpp:1[m[K:
[01m[K/usr/include/x86_64-linux-gnu/bits/mathcalls.h:168:1:[m[K [01;36m[Knote: [m[K  no known conversion for argument 1 from ‘[01m[Kconst Eigen::Block<const Eigen::Matrix<double, 4, 4>, 3, 1>(const Affine3d&)[m[K’ {aka ‘[01m[Kconst Eigen::Block<const Eigen::Matrix<double, 4, 4>, 3, 1>(const Eigen::Transform<double, 3, 2>&)[m[K’} to ‘[01m[Kdouble[m[K’
  168 | [01;36m[K_[m[K_MATHCALL (fmod,, (_Mdouble_ __x, _Mdouble_ __y));
      | [01;36m[K^[m[K
In file included from [01m[K/usr/include/c++/9/complex:44[m[K,
                 from [01m[K/usr/include/eigen3/Eigen/Core:96[m[K,
                 from [01m[K/usr/include/eigen3/Eigen/Dense:1[m[K,
                 from [01m[K/usr/include/eigen3/Eigen/Eigen:1[m[K,
                 from [01m[K/usr/include/tumtools/Math/EigenDefs.h:5[m[K,
                 from [01m[K/opt/ros/noetic/include/tum_ics_ur_robot_lli/JointState.h:11[m[K,
                 from [01m[K/opt/ros/noetic/include/tum_ics_ur_robot_lli/RobotControllers/Controller.h:14[m[K,
                 from [01m[K/opt/ros/noetic/include/tum_ics_ur_robot_lli/RobotControllers/ControlEffort.h:4[m[K,
                 from [01m[K/home/gin/ros/workspaces/final/src/tum_ics_ur10_controller_tutorial/include/tum_ics_ur10_controller_tutorial/jointspace_controller.h:4[m[K,
                 from [01m[K/home/gin/ros/workspaces/final/src/tum_ics_ur10_controller_tutorial/src/jointspace_controller.cpp:1[m[K:
[01m[K/usr/include/c++/9/cmath:290:5:[m[K [01;36m[Knote: [m[Kcandidate: ‘[01m[Ktemplate<class _Tp, class _Up> constexpr typename __gnu_cxx::__promote_2<_Tp, _Up>::__type std::fmod(_Tp, _Up)[m[K’
  290 |     [01;36m[Kfmod[m[K(_Tp __x, _Up __y)
      |     [01;36m[K^~~~[m[K
[01m[K/usr/include/c++/9/cmath:290:5:[m[K [01;36m[Knote: [m[K  template argument deduction/substitution failed:
/usr/include/c++/9/cmath: In substitution of ‘[01m[Ktemplate<class _Tp, class _Up> constexpr typename __gnu_cxx::__promote_2<_Tp, _Up>::__type std::fmod(_Tp, _Up) [with _Tp = const Eigen::Block<const Eigen::Matrix<double, 4, 4>, 3, 1> (*)(const Eigen::Transform<double, 3, 2>&); _Up = double][m[K’:
[01m[K/home/gin/ros/workspaces/final/src/tum_ics_ur10_controller_tutorial/src/jointspace_controller.cpp:756:26:[m[K   required from here
[01m[K/usr/include/c++/9/cmath:290:5:[m[K [01;31m[Kerror: [m[Kno type named ‘[01m[K__type[m[K’ in ‘[01m[Kstruct __gnu_cxx::__promote<const Eigen::Block<const Eigen::Matrix<double, 4, 4>, 3, 1> (*)(const Eigen::Transform<double, 3, 2>&), false>[m[K’
[01m[K/usr/include/c++/9/cmath:283:3:[m[K [01;36m[Knote: [m[Kcandidate: ‘[01m[Kconstexpr long double std::fmod(long double, long double)[m[K’
  283 |   [01;36m[Kfmod[m[K(long double __x, long double __y)
      |   [01;36m[K^~~~[m[K
[01m[K/usr/include/c++/9/cmath:283:20:[m[K [01;36m[Knote: [m[K  no known conversion for argument 1 from ‘[01m[Kconst Eigen::Block<const Eigen::Matrix<double, 4, 4>, 3, 1>(const Affine3d&)[m[K’ {aka ‘[01m[Kconst Eigen::Block<const Eigen::Matrix<double, 4, 4>, 3, 1>(const Eigen::Transform<double, 3, 2>&)[m[K’} to ‘[01m[Klong double[m[K’
  283 |   fmod([01;36m[Klong double __x[m[K, long double __y)
      |        [01;36m[K~~~~~~~~~~~~^~~[m[K
[01m[K/usr/include/c++/9/cmath:279:3:[m[K [01;36m[Knote: [m[Kcandidate: ‘[01m[Kconstexpr float std::fmod(float, float)[m[K’
  279 |   [01;36m[Kfmod[m[K(float __x, float __y)
      |   [01;36m[K^~~~[m[K
[01m[K/usr/include/c++/9/cmath:279:14:[m[K [01;36m[Knote: [m[K  no known conversion for argument 1 from ‘[01m[Kconst Eigen::Block<const Eigen::Matrix<double, 4, 4>, 3, 1>(const Affine3d&)[m[K’ {aka ‘[01m[Kconst Eigen::Block<const Eigen::Matrix<double, 4, 4>, 3, 1>(const Eigen::Transform<double, 3, 2>&)[m[K’} to ‘[01m[Kfloat[m[K’
  279 |   fmod([01;36m[Kfloat __x[m[K, float __y)
      |        [01;36m[K~~~~~~^~~[m[K
[01m[K/home/gin/ros/workspaces/final/src/tum_ics_ur10_controller_tutorial/src/jointspace_controller.cpp:756:41:[m[K [01;31m[Kerror: [m[Kno matching function for call to ‘[01m[Kfmod(const Eigen::Block<const Eigen::Matrix<double, 4, 4>, 3, 1> (&)(const Affine3d&), double)[m[K’
  756 |       if (0 < fmod(t, 0.5) & fmod(t, 0.5[01;31m[K)[m[K < 0.005) {
      |                                         [01;31m[K^[m[K
In file included from [01m[K/usr/include/features.h:461[m[K,
                 from [01m[K/usr/include/x86_64-linux-gnu/c++/9/bits/os_defines.h:39[m[K,
                 from [01m[K/usr/include/x86_64-linux-gnu/c++/9/bits/c++config.h:524[m[K,
                 from [01m[K/usr/include/c++/9/type_traits:38[m[K,
                 from [01m[K/usr/include/x86_64-linux-gnu/qt5/QtCore/qglobal.h:45[m[K,
                 from [01m[K/usr/include/x86_64-linux-gnu/qt5/QtCore/qalgorithms.h:43[m[K,
                 from [01m[K/usr/include/x86_64-linux-gnu/qt5/QtCore/qvector.h:43[m[K,
                 from [01m[K/usr/include/x86_64-linux-gnu/qt5/QtCore/QVector:1[m[K,
                 from [01m[K/usr/include/tumtools/Math/MathDefs.h:4[m[K,
                 from [01m[K/usr/include/tumtools/Math/EigenDefs.h:4[m[K,
                 from [01m[K/opt/ros/noetic/include/tum_ics_ur_robot_lli/JointState.h:11[m[K,
                 from [01m[K/opt/ros/noetic/include/tum_ics_ur_robot_lli/RobotControllers/Controller.h:14[m[K,
                 from [01m[K/opt/ros/noetic/include/tum_ics_ur_robot_lli/RobotControllers/ControlEffort.h:4[m[K,
                 from [01m[K/home/gin/ros/workspaces/final/src/tum_ics_ur10_controller_tutorial/include/tum_ics_ur10_controller_tutorial/jointspace_controller.h:4[m[K,
                 from [01m[K/home/gin/ros/workspaces/final/src/tum_ics_ur10_controller_tutorial/src/jointspace_controller.cpp:1[m[K:
[01m[K/usr/include/x86_64-linux-gnu/bits/mathcalls.h:168:1:[m[K [01;36m[Knote: [m[Kcandidate: ‘[01m[Kdouble fmod(double, double)[m[K’
  168 | [01;36m[K__MATHCALL[m[K (fmod,, (_Mdouble_ __x, _Mdouble_ __y));
      | [01;36m[K^~~~~~~~~~[m[K
In file included from [01m[K/usr/include/c++/9/cmath:45[m[K,
                 from [01m[K/usr/include/c++/9/complex:44[m[K,
                 from [01m[K/usr/include/eigen3/Eigen/Core:96[m[K,
                 from [01m[K/usr/include/eigen3/Eigen/Dense:1[m[K,
                 from [01m[K/usr/include/eigen3/Eigen/Eigen:1[m[K,
                 from [01m[K/usr/include/tumtools/Math/EigenDefs.h:5[m[K,
                 from [01m[K/opt/ros/noetic/include/tum_ics_ur_robot_lli/JointState.h:11[m[K,
                 from [01m[K/opt/ros/noetic/include/tum_ics_ur_robot_lli/RobotControllers/Controller.h:14[m[K,
                 from [01m[K/opt/ros/noetic/include/tum_ics_ur_robot_lli/RobotControllers/ControlEffort.h:4[m[K,
                 from [01m[K/home/gin/ros/workspaces/final/src/tum_ics_ur10_controller_tutorial/include/tum_ics_ur10_controller_tutorial/jointspace_controller.h:4[m[K,
                 from [01m[K/home/gin/ros/workspaces/final/src/tum_ics_ur10_controller_tutorial/src/jointspace_controller.cpp:1[m[K:
[01m[K/usr/include/x86_64-linux-gnu/bits/mathcalls.h:168:1:[m[K [01;36m[Knote: [m[K  no known conversion for argument 1 from ‘[01m[Kconst Eigen::Block<const Eigen::Matrix<double, 4, 4>, 3, 1>(const Affine3d&)[m[K’ {aka ‘[01m[Kconst Eigen::Block<const Eigen::Matrix<double, 4, 4>, 3, 1>(const Eigen::Transform<double, 3, 2>&)[m[K’} to ‘[01m[Kdouble[m[K’
  168 | [01;36m[K_[m[K_MATHCALL (fmod,, (_Mdouble_ __x, _Mdouble_ __y));
      | [01;36m[K^[m[K
In file included from [01m[K/usr/include/c++/9/complex:44[m[K,
                 from [01m[K/usr/include/eigen3/Eigen/Core:96[m[K,
                 from [01m[K/usr/include/eigen3/Eigen/Dense:1[m[K,
                 from [01m[K/usr/include/eigen3/Eigen/Eigen:1[m[K,
                 from [01m[K/usr/include/tumtools/Math/EigenDefs.h:5[m[K,
                 from [01m[K/opt/ros/noetic/include/tum_ics_ur_robot_lli/JointState.h:11[m[K,
                 from [01m[K/opt/ros/noetic/include/tum_ics_ur_robot_lli/RobotControllers/Controller.h:14[m[K,
                 from [01m[K/opt/ros/noetic/include/tum_ics_ur_robot_lli/RobotControllers/ControlEffort.h:4[m[K,
                 from [01m[K/home/gin/ros/workspaces/final/src/tum_ics_ur10_controller_tutorial/include/tum_ics_ur10_controller_tutorial/jointspace_controller.h:4[m[K,
                 from [01m[K/home/gin/ros/workspaces/final/src/tum_ics_ur10_controller_tutorial/src/jointspace_controller.cpp:1[m[K:
[01m[K/usr/include/c++/9/cmath:290:5:[m[K [01;36m[Knote: [m[Kcandidate: ‘[01m[Ktemplate<class _Tp, class _Up> constexpr typename __gnu_cxx::__promote_2<_Tp, _Up>::__type std::fmod(_Tp, _Up)[m[K’
  290 |     [01;36m[Kfmod[m[K(_Tp __x, _Up __y)
      |     [01;36m[K^~~~[m[K
[01m[K/usr/include/c++/9/cmath:290:5:[m[K [01;36m[Knote: [m[K  template argument deduction/substitution failed:
/usr/include/c++/9/cmath: In substitution of ‘[01m[Ktemplate<class _Tp, class _Up> constexpr typename __gnu_cxx::__promote_2<_Tp, _Up>::__type std::fmod(_Tp, _Up) [with _Tp = const Eigen::Block<const Eigen::Matrix<double, 4, 4>, 3, 1> (*)(const Eigen::Transform<double, 3, 2>&); _Up = double][m[K’:
[01m[K/home/gin/ros/workspaces/final/src/tum_ics_ur10_controller_tutorial/src/jointspace_controller.cpp:756:41:[m[K   required from here
[01m[K/usr/include/c++/9/cmath:290:5:[m[K [01;31m[Kerror: [m[Kno type named ‘[01m[K__type[m[K’ in ‘[01m[Kstruct __gnu_cxx::__promote<const Eigen::Block<const Eigen::Matrix<double, 4, 4>, 3, 1> (*)(const Eigen::Transform<double, 3, 2>&), false>[m[K’
[01m[K/usr/include/c++/9/cmath:283:3:[m[K [01;36m[Knote: [m[Kcandidate: ‘[01m[Kconstexpr long double std::fmod(long double, long double)[m[K’
  283 |   [01;36m[Kfmod[m[K(long double __x, long double __y)
      |   [01;36m[K^~~~[m[K
[01m[K/usr/include/c++/9/cmath:283:20:[m[K [01;36m[Knote: [m[K  no known conversion for argument 1 from ‘[01m[Kconst Eigen::Block<const Eigen::Matrix<double, 4, 4>, 3, 1>(const Affine3d&)[m[K’ {aka ‘[01m[Kconst Eigen::Block<const Eigen::Matrix<double, 4, 4>, 3, 1>(const Eigen::Transform<double, 3, 2>&)[m[K’} to ‘[01m[Klong double[m[K’
  283 |   fmod([01;36m[Klong double __x[m[K, long double __y)
      |        [01;36m[K~~~~~~~~~~~~^~~[m[K
[01m[K/usr/include/c++/9/cmath:279:3:[m[K [01;36m[Knote: [m[Kcandidate: ‘[01m[Kconstexpr float std::fmod(float, float)[m[K’
  279 |   [01;36m[Kfmod[m[K(float __x, float __y)
      |   [01;36m[K^~~~[m[K
[01m[K/usr/include/c++/9/cmath:279:14:[m[K [01;36m[Knote: [m[K  no known conversion for argument 1 from ‘[01m[Kconst Eigen::Block<const Eigen::Matrix<double, 4, 4>, 3, 1>(const Affine3d&)[m[K’ {aka ‘[01m[Kconst Eigen::Block<const Eigen::Matrix<double, 4, 4>, 3, 1>(const Eigen::Transform<double, 3, 2>&)[m[K’} to ‘[01m[Kfloat[m[K’
  279 |   fmod([01;36m[Kfloat __x[m[K, float __y)
      |        [01;36m[K~~~~~~^~~[m[K
make[2]: *** [CMakeFiles/ur10_control.dir/build.make:63: CMakeFiles/ur10_control.dir/src/jointspace_controller.cpp.o] Error 1
make[1]: *** [CMakeFiles/Makefile2:2045: CMakeFiles/ur10_control.dir/all] Error 2
make: *** [Makefile:141: all] Error 2
