[01m[K/home/gin/ros/workspaces/final/src/tum_ics_ur10_controller_tutorial/src/jointspace_controller.cpp:[m[K In member function ‘[01m[KTum::Vector6d tum_ics_ur_robot_lli::RobotControllers::JointSpaceController_1::operational_control(Tum::Vector6d, Tum::Vector6d, Tum::Vector6d, double, double, const tum_ics_ur_robot_lli::RobotTime&)[m[K’:
[01m[K/home/gin/ros/workspaces/final/src/tum_ics_ur10_controller_tutorial/src/jointspace_controller.cpp:772:14:[m[K [01;31m[Kerror: [m[Kinvalid use of member function ‘[01m[KEigen::QuaternionBase<Derived>::NonConstCoeffReturnType Eigen::QuaternionBase<Derived>::w() [with Derived = Eigen::Quaternion<double>; Eigen::QuaternionBase<Derived>::NonConstCoeffReturnType = double&][m[K’ (did you forget the ‘[01m[K()[m[K’ ?)
  772 |       [01;31m[KDeltak.w[m[K = Deltak.w() * (-1);
      |       [01;31m[K~~~~~~~^[m[K
      |               [32m[K()[m[K
[01m[K/home/gin/ros/workspaces/final/src/tum_ics_ur10_controller_tutorial/src/jointspace_controller.cpp:773:14:[m[K [01;31m[Kerror: [m[Kinvalid use of member function ‘[01m[KEigen::QuaternionBase<Derived>::NonConstCoeffReturnType Eigen::QuaternionBase<Derived>::x() [with Derived = Eigen::Quaternion<double>; Eigen::QuaternionBase<Derived>::NonConstCoeffReturnType = double&][m[K’ (did you forget the ‘[01m[K()[m[K’ ?)
  773 |       [01;31m[KDeltak.x[m[K = Deltak.x() * (-1);
      |       [01;31m[K~~~~~~~^[m[K
      |               [32m[K()[m[K
[01m[K/home/gin/ros/workspaces/final/src/tum_ics_ur10_controller_tutorial/src/jointspace_controller.cpp:774:14:[m[K [01;31m[Kerror: [m[Kinvalid use of member function ‘[01m[KEigen::QuaternionBase<Derived>::NonConstCoeffReturnType Eigen::QuaternionBase<Derived>::y() [with Derived = Eigen::Quaternion<double>; Eigen::QuaternionBase<Derived>::NonConstCoeffReturnType = double&][m[K’ (did you forget the ‘[01m[K()[m[K’ ?)
  774 |       [01;31m[KDeltak.y[m[K = Deltak.y() * (-1);
      |       [01;31m[K~~~~~~~^[m[K
      |               [32m[K()[m[K
[01m[K/home/gin/ros/workspaces/final/src/tum_ics_ur10_controller_tutorial/src/jointspace_controller.cpp:775:14:[m[K [01;31m[Kerror: [m[Kinvalid use of member function ‘[01m[KEigen::QuaternionBase<Derived>::NonConstCoeffReturnType Eigen::QuaternionBase<Derived>::z() [with Derived = Eigen::Quaternion<double>; Eigen::QuaternionBase<Derived>::NonConstCoeffReturnType = double&][m[K’ (did you forget the ‘[01m[K()[m[K’ ?)
  775 |       [01;31m[KDeltak.z[m[K = Deltak.z() * (-1);
      |       [01;31m[K~~~~~~~^[m[K
      |               [32m[K()[m[K
make[2]: *** [CMakeFiles/ur10_control.dir/build.make:63: CMakeFiles/ur10_control.dir/src/jointspace_controller.cpp.o] Error 1
make[1]: *** [CMakeFiles/Makefile2:2045: CMakeFiles/ur10_control.dir/all] Error 2
make: *** [Makefile:141: all] Error 2
