[01m[K/home/gin/ros/workspaces/final/src/tum_ics_ur10_controller_tutorial/src/jointspace_controller.cpp:635:70:[m[K [01;31m[Kerror: [m[Kmacro "ROS_WARN_STREAM" passed 2 arguments, but takes just 1
  635 |       ROS_WARN_STREAM("I : \n" << alpha.transpose(), beta.transpose()[01;31m[K)[m[K;
      |                                                                      [01;31m[K^[m[K
In file included from [01m[K/opt/ros/noetic/include/ros/console.h:584[m[K,
                 from [01m[K/opt/ros/noetic/include/ros/ros.h:40[m[K,
                 from [01m[K/opt/ros/noetic/include/tum_ics_ur_robot_lli/RobotTime.h:10[m[K,
                 from [01m[K/opt/ros/noetic/include/tum_ics_ur_robot_lli/RobotControllers/Controller.h:15[m[K,
                 from [01m[K/opt/ros/noetic/include/tum_ics_ur_robot_lli/RobotControllers/ControlEffort.h:4[m[K,
                 from [01m[K/home/gin/ros/workspaces/final/src/tum_ics_ur10_controller_tutorial/include/tum_ics_ur10_controller_tutorial/jointspace_controller.h:4[m[K,
                 from [01m[K/home/gin/ros/workspaces/final/src/tum_ics_ur10_controller_tutorial/src/jointspace_controller.cpp:1[m[K:
[01m[K/opt/ros/noetic/include/rosconsole/macros_generated.h:163:[m[K [01;36m[Knote: [m[Kmacro "ROS_WARN_STREAM" defined here
  163 | #define ROS_WARN_STREAM(args) ROS_LOG_STREAM(::ros::console::levels::Warn, ROSCONSOLE_DEFAULT_NAME, args)
      | 
[01m[K/home/gin/ros/workspaces/final/src/tum_ics_ur10_controller_tutorial/src/jointspace_controller.cpp:[m[K In member function ‘[01m[KTum::Vector6d tum_ics_ur_robot_lli::RobotControllers::JointSpaceController_1::operational_control_tracking(Tum::Vector6d, Tum::Vector6d, Tum::Vector6d, double, double, const tum_ics_ur_robot_lli::RobotTime&)[m[K’:
[01m[K/home/gin/ros/workspaces/final/src/tum_ics_ur10_controller_tutorial/src/jointspace_controller.cpp:635:7:[m[K [01;31m[Kerror: [m[K‘[01m[KROS_WARN_STREAM[m[K’ was not declared in this scope
  635 |       [01;31m[KROS_WARN_STREAM[m[K("I : \n" << alpha.transpose(), beta.transpose());
      |       [01;31m[K^~~~~~~~~~~~~~~[m[K
make[2]: *** [CMakeFiles/ur10_control.dir/build.make:63: CMakeFiles/ur10_control.dir/src/jointspace_controller.cpp.o] Error 1
make[1]: *** [CMakeFiles/Makefile2:2045: CMakeFiles/ur10_control.dir/all] Error 2
make: *** [Makefile:141: all] Error 2
