[01m[K/home/gin/ros/workspaces/final/src/tum_ics_ur10_controller_tutorial/src/jointspace_controller.cpp:[m[K In member function ‘[01m[Kbool tum_ics_ur_robot_lli::RobotControllers::JointSpaceController_1::init(const tum_ics_ur_robot_lli::JointState&)[m[K’:
[01m[K/home/gin/ros/workspaces/final/src/tum_ics_ur10_controller_tutorial/src/jointspace_controller.cpp:185:27:[m[K [01;31m[Kerror: [m[Kno match for call to ‘[01m[K(Tum::Matrix6d {aka Eigen::Matrix<double, 6, 6>}) (const ConstantReturnType)[m[K’
  185 |         M(Matrix6d::Zero()[01;31m[K)[m[K;
      |                           [01;31m[K^[m[K
In file included from [01m[K/usr/include/eigen3/Eigen/Core:434[m[K,
                 from [01m[K/usr/include/eigen3/Eigen/Dense:1[m[K,
                 from [01m[K/usr/include/eigen3/Eigen/Eigen:1[m[K,
                 from [01m[K/usr/include/tumtools/Math/EigenDefs.h:5[m[K,
                 from [01m[K/opt/ros/noetic/include/tum_ics_ur_robot_lli/JointState.h:11[m[K,
                 from [01m[K/opt/ros/noetic/include/tum_ics_ur_robot_lli/RobotControllers/Controller.h:14[m[K,
                 from [01m[K/opt/ros/noetic/include/tum_ics_ur_robot_lli/RobotControllers/ControlEffort.h:4[m[K,
                 from [01m[K/home/gin/ros/workspaces/final/src/tum_ics_ur10_controller_tutorial/include/tum_ics_ur10_controller_tutorial/jointspace_controller.h:4[m[K,
                 from [01m[K/home/gin/ros/workspaces/final/src/tum_ics_ur10_controller_tutorial/src/jointspace_controller.cpp:1[m[K:
[01m[K/usr/include/eigen3/Eigen/src/Core/DenseCoeffsBase.h:115:41:[m[K [01;36m[Knote: [m[Kcandidate: ‘[01m[KEigen::DenseCoeffsBase<Derived, 0>::CoeffReturnType Eigen::DenseCoeffsBase<Derived, 0>::operator()(Eigen::Index, Eigen::Index) const [with Derived = Eigen::Matrix<double, 6, 6>; Eigen::DenseCoeffsBase<Derived, 0>::CoeffReturnType = const double&; Eigen::Index = long int][m[K’
  115 |     EIGEN_STRONG_INLINE CoeffReturnType [01;36m[Koperator[m[K()(Index row, Index col) const
      |                                         [01;36m[K^~~~~~~~[m[K
[01m[K/usr/include/eigen3/Eigen/src/Core/DenseCoeffsBase.h:115:41:[m[K [01;36m[Knote: [m[K  candidate expects 2 arguments, 1 provided
[01m[K/usr/include/eigen3/Eigen/src/Core/DenseCoeffsBase.h:178:5:[m[K [01;36m[Knote: [m[Kcandidate: ‘[01m[KEigen::DenseCoeffsBase<Derived, 0>::CoeffReturnType Eigen::DenseCoeffsBase<Derived, 0>::operator()(Eigen::Index) const [with Derived = Eigen::Matrix<double, 6, 6>; Eigen::DenseCoeffsBase<Derived, 0>::CoeffReturnType = const double&; Eigen::Index = long int][m[K’
  178 |     [01;36m[Koperator[m[K()(Index index) const
      |     [01;36m[K^~~~~~~~[m[K
[01m[K/usr/include/eigen3/Eigen/src/Core/DenseCoeffsBase.h:178:22:[m[K [01;36m[Knote: [m[K  no known conversion for argument 1 from ‘[01m[Kconst ConstantReturnType[m[K’ {aka ‘[01m[Kconst Eigen::CwiseNullaryOp<Eigen::internal::scalar_constant_op<double>, Eigen::Matrix<double, 6, 6> >[m[K’} to ‘[01m[KEigen::Index[m[K’ {aka ‘[01m[Klong int[m[K’}
  178 |     operator()([01;36m[KIndex index[m[K) const
      |                [01;36m[K~~~~~~^~~~~[m[K
[01m[K/usr/include/eigen3/Eigen/src/Core/DenseCoeffsBase.h:423:5:[m[K [01;36m[Knote: [m[Kcandidate: ‘[01m[KEigen::DenseCoeffsBase<Derived, 1>::Scalar& Eigen::DenseCoeffsBase<Derived, 1>::operator()(Eigen::Index) [with Derived = Eigen::Matrix<double, 6, 6>; Eigen::DenseCoeffsBase<Derived, 1>::Scalar = double; Eigen::Index = long int][m[K’
  423 |     [01;36m[Koperator[m[K()(Index index)
      |     [01;36m[K^~~~~~~~[m[K
[01m[K/usr/include/eigen3/Eigen/src/Core/DenseCoeffsBase.h:423:22:[m[K [01;36m[Knote: [m[K  no known conversion for argument 1 from ‘[01m[Kconst ConstantReturnType[m[K’ {aka ‘[01m[Kconst Eigen::CwiseNullaryOp<Eigen::internal::scalar_constant_op<double>, Eigen::Matrix<double, 6, 6> >[m[K’} to ‘[01m[KEigen::Index[m[K’ {aka ‘[01m[Klong int[m[K’}
  423 |     operator()([01;36m[KIndex index[m[K)
      |                [01;36m[K~~~~~~^~~~~[m[K
[01m[K/usr/include/eigen3/Eigen/src/Core/DenseCoeffsBase.h:362:5:[m[K [01;36m[Knote: [m[Kcandidate: ‘[01m[KEigen::DenseCoeffsBase<Derived, 1>::Scalar& Eigen::DenseCoeffsBase<Derived, 1>::operator()(Eigen::Index, Eigen::Index) [with Derived = Eigen::Matrix<double, 6, 6>; Eigen::DenseCoeffsBase<Derived, 1>::Scalar = double; Eigen::Index = long int][m[K’
  362 |     [01;36m[Koperator[m[K()(Index row, Index col)
      |     [01;36m[K^~~~~~~~[m[K
[01m[K/usr/include/eigen3/Eigen/src/Core/DenseCoeffsBase.h:362:5:[m[K [01;36m[Knote: [m[K  candidate expects 2 arguments, 1 provided
[01m[K/home/gin/ros/workspaces/final/src/tum_ics_ur10_controller_tutorial/src/jointspace_controller.cpp:186:27:[m[K [01;31m[Kerror: [m[Kno match for call to ‘[01m[K(Tum::Matrix6d {aka Eigen::Matrix<double, 6, 6>}) (const ConstantReturnType)[m[K’
  186 |         C(Matrix6d::Zero()[01;31m[K)[m[K;
      |                           [01;31m[K^[m[K
In file included from [01m[K/usr/include/eigen3/Eigen/Core:434[m[K,
                 from [01m[K/usr/include/eigen3/Eigen/Dense:1[m[K,
                 from [01m[K/usr/include/eigen3/Eigen/Eigen:1[m[K,
                 from [01m[K/usr/include/tumtools/Math/EigenDefs.h:5[m[K,
                 from [01m[K/opt/ros/noetic/include/tum_ics_ur_robot_lli/JointState.h:11[m[K,
                 from [01m[K/opt/ros/noetic/include/tum_ics_ur_robot_lli/RobotControllers/Controller.h:14[m[K,
                 from [01m[K/opt/ros/noetic/include/tum_ics_ur_robot_lli/RobotControllers/ControlEffort.h:4[m[K,
                 from [01m[K/home/gin/ros/workspaces/final/src/tum_ics_ur10_controller_tutorial/include/tum_ics_ur10_controller_tutorial/jointspace_controller.h:4[m[K,
                 from [01m[K/home/gin/ros/workspaces/final/src/tum_ics_ur10_controller_tutorial/src/jointspace_controller.cpp:1[m[K:
[01m[K/usr/include/eigen3/Eigen/src/Core/DenseCoeffsBase.h:115:41:[m[K [01;36m[Knote: [m[Kcandidate: ‘[01m[KEigen::DenseCoeffsBase<Derived, 0>::CoeffReturnType Eigen::DenseCoeffsBase<Derived, 0>::operator()(Eigen::Index, Eigen::Index) const [with Derived = Eigen::Matrix<double, 6, 6>; Eigen::DenseCoeffsBase<Derived, 0>::CoeffReturnType = const double&; Eigen::Index = long int][m[K’
  115 |     EIGEN_STRONG_INLINE CoeffReturnType [01;36m[Koperator[m[K()(Index row, Index col) const
      |                                         [01;36m[K^~~~~~~~[m[K
[01m[K/usr/include/eigen3/Eigen/src/Core/DenseCoeffsBase.h:115:41:[m[K [01;36m[Knote: [m[K  candidate expects 2 arguments, 1 provided
[01m[K/usr/include/eigen3/Eigen/src/Core/DenseCoeffsBase.h:178:5:[m[K [01;36m[Knote: [m[Kcandidate: ‘[01m[KEigen::DenseCoeffsBase<Derived, 0>::CoeffReturnType Eigen::DenseCoeffsBase<Derived, 0>::operator()(Eigen::Index) const [with Derived = Eigen::Matrix<double, 6, 6>; Eigen::DenseCoeffsBase<Derived, 0>::CoeffReturnType = const double&; Eigen::Index = long int][m[K’
  178 |     [01;36m[Koperator[m[K()(Index index) const
      |     [01;36m[K^~~~~~~~[m[K
[01m[K/usr/include/eigen3/Eigen/src/Core/DenseCoeffsBase.h:178:22:[m[K [01;36m[Knote: [m[K  no known conversion for argument 1 from ‘[01m[Kconst ConstantReturnType[m[K’ {aka ‘[01m[Kconst Eigen::CwiseNullaryOp<Eigen::internal::scalar_constant_op<double>, Eigen::Matrix<double, 6, 6> >[m[K’} to ‘[01m[KEigen::Index[m[K’ {aka ‘[01m[Klong int[m[K’}
  178 |     operator()([01;36m[KIndex index[m[K) const
      |                [01;36m[K~~~~~~^~~~~[m[K
[01m[K/usr/include/eigen3/Eigen/src/Core/DenseCoeffsBase.h:423:5:[m[K [01;36m[Knote: [m[Kcandidate: ‘[01m[KEigen::DenseCoeffsBase<Derived, 1>::Scalar& Eigen::DenseCoeffsBase<Derived, 1>::operator()(Eigen::Index) [with Derived = Eigen::Matrix<double, 6, 6>; Eigen::DenseCoeffsBase<Derived, 1>::Scalar = double; Eigen::Index = long int][m[K’
  423 |     [01;36m[Koperator[m[K()(Index index)
      |     [01;36m[K^~~~~~~~[m[K
[01m[K/usr/include/eigen3/Eigen/src/Core/DenseCoeffsBase.h:423:22:[m[K [01;36m[Knote: [m[K  no known conversion for argument 1 from ‘[01m[Kconst ConstantReturnType[m[K’ {aka ‘[01m[Kconst Eigen::CwiseNullaryOp<Eigen::internal::scalar_constant_op<double>, Eigen::Matrix<double, 6, 6> >[m[K’} to ‘[01m[KEigen::Index[m[K’ {aka ‘[01m[Klong int[m[K’}
  423 |     operator()([01;36m[KIndex index[m[K)
      |                [01;36m[K~~~~~~^~~~~[m[K
[01m[K/usr/include/eigen3/Eigen/src/Core/DenseCoeffsBase.h:362:5:[m[K [01;36m[Knote: [m[Kcandidate: ‘[01m[KEigen::DenseCoeffsBase<Derived, 1>::Scalar& Eigen::DenseCoeffsBase<Derived, 1>::operator()(Eigen::Index, Eigen::Index) [with Derived = Eigen::Matrix<double, 6, 6>; Eigen::DenseCoeffsBase<Derived, 1>::Scalar = double; Eigen::Index = long int][m[K’
  362 |     [01;36m[Koperator[m[K()(Index row, Index col)
      |     [01;36m[K^~~~~~~~[m[K
[01m[K/usr/include/eigen3/Eigen/src/Core/DenseCoeffsBase.h:362:5:[m[K [01;36m[Knote: [m[K  candidate expects 2 arguments, 1 provided
[01m[K/home/gin/ros/workspaces/final/src/tum_ics_ur10_controller_tutorial/src/jointspace_controller.cpp:187:27:[m[K [01;31m[Kerror: [m[Kno match for call to ‘[01m[K(Tum::Vector6d {aka Eigen::Matrix<double, 6, 1>}) (const ConstantReturnType)[m[K’
  187 |         G(Vector6d::Zero()[01;31m[K)[m[K;
      |                           [01;31m[K^[m[K
In file included from [01m[K/usr/include/eigen3/Eigen/Core:434[m[K,
                 from [01m[K/usr/include/eigen3/Eigen/Dense:1[m[K,
                 from [01m[K/usr/include/eigen3/Eigen/Eigen:1[m[K,
                 from [01m[K/usr/include/tumtools/Math/EigenDefs.h:5[m[K,
                 from [01m[K/opt/ros/noetic/include/tum_ics_ur_robot_lli/JointState.h:11[m[K,
                 from [01m[K/opt/ros/noetic/include/tum_ics_ur_robot_lli/RobotControllers/Controller.h:14[m[K,
                 from [01m[K/opt/ros/noetic/include/tum_ics_ur_robot_lli/RobotControllers/ControlEffort.h:4[m[K,
                 from [01m[K/home/gin/ros/workspaces/final/src/tum_ics_ur10_controller_tutorial/include/tum_ics_ur10_controller_tutorial/jointspace_controller.h:4[m[K,
                 from [01m[K/home/gin/ros/workspaces/final/src/tum_ics_ur10_controller_tutorial/src/jointspace_controller.cpp:1[m[K:
[01m[K/usr/include/eigen3/Eigen/src/Core/DenseCoeffsBase.h:115:41:[m[K [01;36m[Knote: [m[Kcandidate: ‘[01m[KEigen::DenseCoeffsBase<Derived, 0>::CoeffReturnType Eigen::DenseCoeffsBase<Derived, 0>::operator()(Eigen::Index, Eigen::Index) const [with Derived = Eigen::Matrix<double, 6, 1>; Eigen::DenseCoeffsBase<Derived, 0>::CoeffReturnType = const double&; Eigen::Index = long int][m[K’
  115 |     EIGEN_STRONG_INLINE CoeffReturnType [01;36m[Koperator[m[K()(Index row, Index col) const
      |                                         [01;36m[K^~~~~~~~[m[K
[01m[K/usr/include/eigen3/Eigen/src/Core/DenseCoeffsBase.h:115:41:[m[K [01;36m[Knote: [m[K  candidate expects 2 arguments, 1 provided
[01m[K/usr/include/eigen3/Eigen/src/Core/DenseCoeffsBase.h:178:5:[m[K [01;36m[Knote: [m[Kcandidate: ‘[01m[KEigen::DenseCoeffsBase<Derived, 0>::CoeffReturnType Eigen::DenseCoeffsBase<Derived, 0>::operator()(Eigen::Index) const [with Derived = Eigen::Matrix<double, 6, 1>; Eigen::DenseCoeffsBase<Derived, 0>::CoeffReturnType = const double&; Eigen::Index = long int][m[K’
  178 |     [01;36m[Koperator[m[K()(Index index) const
      |     [01;36m[K^~~~~~~~[m[K
[01m[K/usr/include/eigen3/Eigen/src/Core/DenseCoeffsBase.h:178:22:[m[K [01;36m[Knote: [m[K  no known conversion for argument 1 from ‘[01m[Kconst ConstantReturnType[m[K’ {aka ‘[01m[Kconst Eigen::CwiseNullaryOp<Eigen::internal::scalar_constant_op<double>, Eigen::Matrix<double, 6, 1> >[m[K’} to ‘[01m[KEigen::Index[m[K’ {aka ‘[01m[Klong int[m[K’}
  178 |     operator()([01;36m[KIndex index[m[K) const
      |                [01;36m[K~~~~~~^~~~~[m[K
[01m[K/usr/include/eigen3/Eigen/src/Core/DenseCoeffsBase.h:423:5:[m[K [01;36m[Knote: [m[Kcandidate: ‘[01m[KEigen::DenseCoeffsBase<Derived, 1>::Scalar& Eigen::DenseCoeffsBase<Derived, 1>::operator()(Eigen::Index) [with Derived = Eigen::Matrix<double, 6, 1>; Eigen::DenseCoeffsBase<Derived, 1>::Scalar = double; Eigen::Index = long int][m[K’
  423 |     [01;36m[Koperator[m[K()(Index index)
      |     [01;36m[K^~~~~~~~[m[K
[01m[K/usr/include/eigen3/Eigen/src/Core/DenseCoeffsBase.h:423:22:[m[K [01;36m[Knote: [m[K  no known conversion for argument 1 from ‘[01m[Kconst ConstantReturnType[m[K’ {aka ‘[01m[Kconst Eigen::CwiseNullaryOp<Eigen::internal::scalar_constant_op<double>, Eigen::Matrix<double, 6, 1> >[m[K’} to ‘[01m[KEigen::Index[m[K’ {aka ‘[01m[Klong int[m[K’}
  423 |     operator()([01;36m[KIndex index[m[K)
      |                [01;36m[K~~~~~~^~~~~[m[K
[01m[K/usr/include/eigen3/Eigen/src/Core/DenseCoeffsBase.h:362:5:[m[K [01;36m[Knote: [m[Kcandidate: ‘[01m[KEigen::DenseCoeffsBase<Derived, 1>::Scalar& Eigen::DenseCoeffsBase<Derived, 1>::operator()(Eigen::Index, Eigen::Index) [with Derived = Eigen::Matrix<double, 6, 1>; Eigen::DenseCoeffsBase<Derived, 1>::Scalar = double; Eigen::Index = long int][m[K’
  362 |     [01;36m[Koperator[m[K()(Index row, Index col)
      |     [01;36m[K^~~~~~~~[m[K
[01m[K/usr/include/eigen3/Eigen/src/Core/DenseCoeffsBase.h:362:5:[m[K [01;36m[Knote: [m[K  candidate expects 2 arguments, 1 provided
make[2]: *** [CMakeFiles/ur10_control.dir/build.make:63: CMakeFiles/ur10_control.dir/src/jointspace_controller.cpp.o] Error 1
make[1]: *** [CMakeFiles/Makefile2:1831: CMakeFiles/ur10_control.dir/all] Error 2
make: *** [Makefile:141: all] Error 2
